Log file open, 09/24/20 00:47:23
LogWindows: Failed to load 'aqProf.dll' (GetLastError=126)
LogWindows: File 'aqProf.dll' does not exist
LogWindows: Failed to load 'VtuneApi.dll' (GetLastError=126)
LogWindows: File 'VtuneApi.dll' does not exist
LogWindows: Failed to load 'VtuneApi32e.dll' (GetLastError=126)
LogWindows: File 'VtuneApi32e.dll' does not exist
LogConsoleResponse: Display: Failed to find resolution value strings in scalability ini. Falling back to default.
LogInit: Display: Running engine without a game
LogPlatformFile: Not using cached read wrapper
LogInit: Display: Loading recent project file: ../../../../FSM/Finite-State-Machine-in-UE4/FSM/FSM/FSM.uproject
LogTaskGraph: Started task graph with 5 named threads and 35 total threads with 3 sets of task threads.
LogStats: Stats thread started at 0.079395
LogD3D11RHI: Loaded GFSDK_Aftermath_Lib.x64.dll
LogICUInternationalization: ICU TimeZone Detection - Raw Offset: +5:30, Platform Override: ''
LogPluginManager: Mounting plugin Paper2D
LogPluginManager: Mounting plugin AISupport
LogPluginManager: Mounting plugin LightPropagationVolume
LogPluginManager: Mounting plugin ActorLayerUtilities
LogPluginManager: Mounting plugin AnimationSharing
LogPluginManager: Mounting plugin CLionSourceCodeAccess
LogPluginManager: Mounting plugin CodeLiteSourceCodeAccess
LogPluginManager: Mounting plugin GitSourceControl
LogPluginManager: Mounting plugin KDevelopSourceCodeAccess
LogPluginManager: Mounting plugin NullSourceCodeAccess
LogPluginManager: Mounting plugin PerforceSourceControl
LogPluginManager: Mounting plugin PlasticSourceControl
LogPluginManager: Mounting plugin RiderLink
LogPluginManager: Mounting plugin SubversionSourceControl
LogPluginManager: Mounting plugin UObjectPlugin
LogPluginManager: Mounting plugin VisualStudioCodeSourceCodeAccess
LogPluginManager: Mounting plugin VisualStudioSourceCodeAccess
LogPluginManager: Mounting plugin XCodeSourceCodeAccess
LogPluginManager: Mounting plugin AssetManagerEditor
LogPluginManager: Mounting plugin CryptoKeys
LogPluginManager: Mounting plugin CurveEditorTools
LogPluginManager: Mounting plugin DataValidation
LogPluginManager: Mounting plugin FacialAnimation
LogPluginManager: Mounting plugin GameplayTagsEditor
LogPluginManager: Mounting plugin MacGraphicsSwitching
LogPluginManager: Mounting plugin MaterialAnalyzer
LogPluginManager: Mounting plugin MobileLauncherProfileWizard
LogPluginManager: Mounting plugin PluginBrowser
LogPluginManager: Mounting plugin SpeedTreeImporter
LogPluginManager: Mounting plugin DatasmithContent
LogPluginManager: Mounting plugin VariantManagerContent
LogPluginManager: Mounting plugin AlembicImporter
LogPluginManager: Mounting plugin AutomationUtils
LogPluginManager: Mounting plugin BackChannel
LogPluginManager: Mounting plugin CharacterAI
LogPluginManager: Mounting plugin GeometryCache
LogPluginManager: Mounting plugin PlatformCrypto
LogPluginManager: Mounting plugin ProxyLODPlugin
LogPluginManager: Mounting plugin SkeletalReduction
LogPluginManager: Mounting plugin MagicLeap
LogPluginManager: Mounting plugin MagicLeapMedia
LogPluginManager: Mounting plugin MLSDK
LogPluginManager: Mounting plugin RiderSourceCodeAccess
LogPluginManager: Mounting plugin AndroidMedia
LogPluginManager: Mounting plugin AvfMedia
LogPluginManager: Mounting plugin ImgMedia
LogPluginManager: Mounting plugin MediaCompositing
LogPluginManager: Mounting plugin MediaPlayerEditor
LogPluginManager: Mounting plugin WebMMedia
LogPluginManager: Mounting plugin WmfMedia
LogPluginManager: Mounting plugin TcpMessaging
LogPluginManager: Mounting plugin UdpMessaging
LogPluginManager: Mounting plugin ActorSequence
LogPluginManager: Mounting plugin LevelSequenceEditor
LogPluginManager: Mounting plugin MatineeToLevelSequence
LogPluginManager: Mounting plugin NetcodeUnitTest
LogPluginManager: Mounting plugin NUTUnrealEngine4
LogPluginManager: Mounting plugin OnlineSubsystemGooglePlay
LogPluginManager: Mounting plugin OnlineSubsystemIOS
LogPluginManager: Mounting plugin OnlineSubsystem
LogPluginManager: Mounting plugin OnlineSubsystemNull
LogPluginManager: Mounting plugin OnlineSubsystemUtils
LogPluginManager: Mounting plugin LauncherChunkInstaller
LogPluginManager: Mounting plugin AndroidDeviceProfileSelector
LogPluginManager: Mounting plugin AndroidMoviePlayer
LogPluginManager: Mounting plugin AndroidPermission
LogPluginManager: Mounting plugin AppleImageUtils
LogPluginManager: Mounting plugin AppleMoviePlayer
LogPluginManager: Mounting plugin ArchVisCharacter
LogPluginManager: Mounting plugin AssetTags
LogPluginManager: Mounting plugin AudioCapture
LogPluginManager: Mounting plugin CableComponent
LogPluginManager: Mounting plugin CustomMeshComponent
LogPluginManager: Mounting plugin EditableMesh
LogPluginManager: Mounting plugin ExampleDeviceProfileSelector
LogPluginManager: Mounting plugin GoogleCloudMessaging
LogPluginManager: Mounting plugin IOSDeviceProfileSelector
LogPluginManager: Mounting plugin LinuxDeviceProfileSelector
LogPluginManager: Mounting plugin LocationServicesBPLibrary
LogPluginManager: Mounting plugin MobilePatchingUtils
LogPluginManager: Mounting plugin OculusVR
LogPluginManager: Mounting plugin PhysXVehicles
LogPluginManager: Mounting plugin PostSplashScreen
LogPluginManager: Mounting plugin ProceduralMeshComponent
LogPluginManager: Mounting plugin RuntimePhysXCooking
LogPluginManager: Mounting plugin SignificanceManager
LogPluginManager: Mounting plugin SteamVR
LogPluginManager: Mounting plugin WebMMoviePlayer
LogPluginManager: Mounting plugin WindowsMoviePlayer
LogPluginManager: Mounting plugin ScreenshotTools
LogInit: Using libcurl 7.55.1-DEV
LogInit:  - built for x86_64-pc-win32
LogInit:  - supports SSL with OpenSSL/1.1.1
LogInit:  - supports HTTP deflate (compression) using libz 1.2.8
LogInit:  - other features:
LogInit:      CURL_VERSION_SSL
LogInit:      CURL_VERSION_LIBZ
LogInit:      CURL_VERSION_IPV6
LogInit:      CURL_VERSION_ASYNCHDNS
LogInit:      CURL_VERSION_LARGEFILE
LogInit:      CURL_VERSION_IDN
LogInit:  CurlRequestOptions (configurable via config and command line):
LogInit:  - bVerifyPeer = true  - Libcurl will verify peer certificate
LogInit:  - bUseHttpProxy = false  - Libcurl will NOT use HTTP proxy
LogInit:  - bDontReuseConnections = false  - Libcurl will reuse connections
LogInit:  - MaxHostConnections = 16  - Libcurl will limit the number of connections to a host
LogInit:  - LocalHostAddr = Default
LogInit:  - BufferSize = 65536
LogOnline: OSS: Creating online subsystem instance for: NULL
LogInit: WinSock: version 1.1 (2.2), MaxSocks=32767, MaxUdp=65467
LogOnline: OSS: TryLoadSubsystemAndSetDefault: Loaded subsystem for module [NULL]
LogInit: Build: ++UE4+Release-4.24-CL-11590370
LogInit: Engine Version: 4.24.3-11590370+++UE4+Release-4.24
LogInit: Compatible Engine Version: 4.24.0-10570792+++UE4+Release-4.24
LogInit: Net CL: 10570792
LogInit: OS: Windows 10 (Release 1809) (), CPU: AMD Ryzen 5 1600 Six-Core Processor            , GPU: NVIDIA GeForce GTX 1060 6GB
LogInit: Compiled (64-bit): Feb 24 2020 15:39:18
LogInit: Compiled with Visual C++: 19.16.27032.01
LogInit: Build Configuration: Development
LogInit: Branch Name: ++UE4+Release-4.24
LogInit: Command Line: 
LogInit: Base Directory: E:/UE_4.24/Engine/Binaries/Win64/
LogInit: Installed Engine Build: 1
LogDevObjectVersion: Number of dev versions registered: 25
LogDevObjectVersion:   Dev-Blueprints (B0D832E4-1F89-4F0D-ACCF-7EB736FD4AA2): 10
LogDevObjectVersion:   Dev-Build (E1C64328-A22C-4D53-A36C-8E866417BD8C): 0
LogDevObjectVersion:   Dev-Core (375EC13C-06E4-48FB-B500-84F0262A717E): 3
LogDevObjectVersion:   Dev-Editor (E4B068ED-F494-42E9-A231-DA0B2E46BB41): 37
LogDevObjectVersion:   Dev-Framework (CFFC743F-43B0-4480-9391-14DF171D2073): 36
LogDevObjectVersion:   Dev-Mobile (B02B49B5-BB20-44E9-A304-32B752E40360): 2
LogDevObjectVersion:   Dev-Networking (A4E4105C-59A1-49B5-A7C5-40C4547EDFEE): 0
LogDevObjectVersion:   Dev-Online (39C831C9-5AE6-47DC-9A44-9C173E1C8E7C): 0
LogDevObjectVersion:   Dev-Physics (78F01B33-EBEA-4F98-B9B4-84EACCB95AA2): 2
LogDevObjectVersion:   Dev-Platform (6631380F-2D4D-43E0-8009-CF276956A95A): 0
LogDevObjectVersion:   Dev-Rendering (12F88B9F-8875-4AFC-A67C-D90C383ABD29): 36
LogDevObjectVersion:   Dev-Sequencer (7B5AE74C-D270-4C10-A958-57980B212A5A): 11
LogDevObjectVersion:   Dev-VR (D7296918-1DD6-4BDD-9DE2-64A83CC13884): 2
LogDevObjectVersion:   Dev-LoadTimes (C2A15278-BFE7-4AFE-6C17-90FF531DF755): 1
LogDevObjectVersion:   Private-Geometry (6EACA3D4-40EC-4CC1-B786-8BED09428FC5): 3
LogDevObjectVersion:   Dev-AnimPhys (29E575DD-E0A3-4627-9D10-D276232CDCEA): 17
LogDevObjectVersion:   Dev-Anim (AF43A65D-7FD3-4947-9873-3E8ED9C1BB05): 2
LogDevObjectVersion:   Dev-ReflectionCapture (6B266CEC-1EC7-4B8F-A30B-E4D90942FC07): 1
LogDevObjectVersion:   Dev-Automation (0DF73D61-A23F-47EA-B727-89E90C41499A): 1
LogDevObjectVersion:   FortniteMain (601D1886-AC64-4F84-AA16-D3DE0DEAC7D6): 31
LogDevObjectVersion:   Dev-Enterprise (9DFFBCD6-494F-0158-E221-12823C92A888): 8
LogDevObjectVersion:   Dev-Niagara (F2AED0AC-9AFE-416F-8664-AA7FFA26D6FC): 1
LogDevObjectVersion:   Dev-Destruction (174F1F0B-B4C6-45A5-B13F-2EE8D0FB917D): 9
LogDevObjectVersion:   Dev-Physics-Ext (35F94A83-E258-406C-A318-09F59610247C): 8
LogDevObjectVersion:   Dev-CineCamera (B2E18506-4273-CFC2-A54E-F4BB758BBA07): 1
LogInit: Presizing for max 25165824 objects, including 0 objects not considered by GC, pre-allocating 0 bytes for permanent pool.
LogInit: Object subsystem initialized
LogConfig: Setting CVar [[con.DebugEarlyDefault:1]]
LogConfig: Setting CVar [[r.setres:1280x720]]
[2020.09.23-19.17.23:761][  0]LogConfig: Setting CVar [[r.VSync:0]]
[2020.09.23-19.17.23:761][  0]LogConfig: Setting CVar [[r.RHICmdBypass:0]]
[2020.09.23-19.17.23:761][  0]LogConfig: Applying CVar settings from Section [/Script/Engine.RendererSettings] File [E:/FSM/Finite-State-Machine-in-UE4/FSM/FSM/Saved/Config/Windows/Engine.ini]
[2020.09.23-19.17.23:761][  0]LogConfig: Setting CVar [[r.GPUCrashDebugging:0]]
[2020.09.23-19.17.23:761][  0]LogConfig: Applying CVar settings from Section [/Script/Engine.RendererOverrideSettings] File [E:/FSM/Finite-State-Machine-in-UE4/FSM/FSM/Saved/Config/Windows/Engine.ini]
[2020.09.23-19.17.23:761][  0]LogConfig: Applying CVar settings from Section [/Script/Engine.StreamingSettings] File [E:/FSM/Finite-State-Machine-in-UE4/FSM/FSM/Saved/Config/Windows/Engine.ini]
[2020.09.23-19.17.23:761][  0]LogConfig: Setting CVar [[s.MinBulkDataSizeForAsyncLoading:131072]]
[2020.09.23-19.17.23:761][  0]LogConfig: Setting CVar [[s.AsyncLoadingThreadEnabled:0]]
[2020.09.23-19.17.23:761][  0]LogConfig: Setting CVar [[s.EventDrivenLoaderEnabled:1]]
[2020.09.23-19.17.23:761][  0]LogConfig: Setting CVar [[s.WarnIfTimeLimitExceeded:0]]
[2020.09.23-19.17.23:761][  0]LogConfig: Setting CVar [[s.TimeLimitExceededMultiplier:1.5]]
[2020.09.23-19.17.23:761][  0]LogConfig: Setting CVar [[s.TimeLimitExceededMinTime:0.005]]
[2020.09.23-19.17.23:761][  0]LogConfig: Setting CVar [[s.UseBackgroundLevelStreaming:1]]
[2020.09.23-19.17.23:761][  0]LogConfig: Setting CVar [[s.PriorityAsyncLoadingExtraTime:15.0]]
[2020.09.23-19.17.23:762][  0]LogConfig: Setting CVar [[s.LevelStreamingActorsUpdateTimeLimit:5.0]]
[2020.09.23-19.17.23:762][  0]LogConfig: Setting CVar [[s.PriorityLevelStreamingActorsUpdateExtraTime:5.0]]
[2020.09.23-19.17.23:762][  0]LogConfig: Setting CVar [[s.LevelStreamingComponentsRegistrationGranularity:10]]
[2020.09.23-19.17.23:762][  0]LogConfig: Setting CVar [[s.UnregisterComponentsTimeLimit:1.0]]
[2020.09.23-19.17.23:762][  0]LogConfig: Setting CVar [[s.LevelStreamingComponentsUnregistrationGranularity:5]]
[2020.09.23-19.17.23:762][  0]LogConfig: Setting CVar [[s.FlushStreamingOnExit:1]]
[2020.09.23-19.17.23:762][  0]LogConfig: Applying CVar settings from Section [/Script/Engine.GarbageCollectionSettings] File [E:/FSM/Finite-State-Machine-in-UE4/FSM/FSM/Saved/Config/Windows/Engine.ini]
[2020.09.23-19.17.23:762][  0]LogConfig: Setting CVar [[gc.MaxObjectsNotConsideredByGC:1]]
[2020.09.23-19.17.23:762][  0]LogConfig: Setting CVar [[gc.SizeOfPermanentObjectPool:0]]
[2020.09.23-19.17.23:762][  0]LogConfig: Setting CVar [[gc.FlushStreamingOnGC:0]]
[2020.09.23-19.17.23:762][  0]LogConfig: Setting CVar [[gc.NumRetriesBeforeForcingGC:10]]
[2020.09.23-19.17.23:762][  0]LogConfig: Setting CVar [[gc.AllowParallelGC:1]]
[2020.09.23-19.17.23:762][  0]LogConfig: Setting CVar [[gc.TimeBetweenPurgingPendingKillObjects:61.1]]
[2020.09.23-19.17.23:762][  0]LogConfig: Setting CVar [[gc.MaxObjectsInEditor:25165824]]
[2020.09.23-19.17.23:762][  0]LogConfig: Setting CVar [[gc.IncrementalBeginDestroyEnabled:1]]
[2020.09.23-19.17.23:762][  0]LogConfig: Setting CVar [[gc.CreateGCClusters:1]]
[2020.09.23-19.17.23:762][  0]LogConfig: Setting CVar [[gc.MinGCClusterSize:5]]
[2020.09.23-19.17.23:762][  0]LogConfig: Setting CVar [[gc.ActorClusteringEnabled:0]]
[2020.09.23-19.17.23:762][  0]LogConfig: Setting CVar [[gc.BlueprintClusteringEnabled:0]]
[2020.09.23-19.17.23:762][  0]LogConfig: Setting CVar [[gc.UseDisregardForGCOnDedicatedServers:0]]
[2020.09.23-19.17.23:762][  0]LogConfig: Applying CVar settings from Section [/Script/Engine.NetworkSettings] File [E:/FSM/Finite-State-Machine-in-UE4/FSM/FSM/Saved/Config/Windows/Engine.ini]
[2020.09.23-19.17.23:762][  0]LogConfig: Applying CVar settings from Section [/Script/UnrealEd.CookerSettings] File [E:/FSM/Finite-State-Machine-in-UE4/FSM/FSM/Saved/Config/Windows/Engine.ini]
[2020.09.23-19.17.23:766][  0]LogConfig: Applying CVar settings from Section [ViewDistanceQuality@3] File [E:/FSM/Finite-State-Machine-in-UE4/FSM/FSM/Saved/Config/Windows/Scalability.ini]
[2020.09.23-19.17.23:766][  0]LogConfig: Setting CVar [[r.SkeletalMeshLODBias:0]]
[2020.09.23-19.17.23:766][  0]LogConfig: Setting CVar [[r.ViewDistanceScale:1.0]]
[2020.09.23-19.17.23:766][  0]LogConfig: Applying CVar settings from Section [AntiAliasingQuality@3] File [E:/FSM/Finite-State-Machine-in-UE4/FSM/FSM/Saved/Config/Windows/Scalability.ini]
[2020.09.23-19.17.23:766][  0]LogConfig: Setting CVar [[r.PostProcessAAQuality:4]]
[2020.09.23-19.17.23:766][  0]LogConfig: Applying CVar settings from Section [ShadowQuality@3] File [E:/FSM/Finite-State-Machine-in-UE4/FSM/FSM/Saved/Config/Windows/Scalability.ini]
[2020.09.23-19.17.23:766][  0]LogConfig: Setting CVar [[r.LightFunctionQuality:1]]
[2020.09.23-19.17.23:766][  0]LogConfig: Setting CVar [[r.ShadowQuality:5]]
[2020.09.23-19.17.23:766][  0]LogConfig: Setting CVar [[r.Shadow.CSM.MaxCascades:10]]
[2020.09.23-19.17.23:766][  0]LogConfig: Setting CVar [[r.Shadow.MaxResolution:2048]]
[2020.09.23-19.17.23:766][  0]LogConfig: Setting CVar [[r.Shadow.MaxCSMResolution:2048]]
[2020.09.23-19.17.23:766][  0]LogConfig: Setting CVar [[r.Shadow.RadiusThreshold:0.01]]
[2020.09.23-19.17.23:766][  0]LogConfig: Setting CVar [[r.Shadow.DistanceScale:1.0]]
[2020.09.23-19.17.23:766][  0]LogConfig: Setting CVar [[r.Shadow.CSM.TransitionScale:1.0]]
[2020.09.23-19.17.23:766][  0]LogConfig: Setting CVar [[r.Shadow.PreShadowResolutionFactor:1.0]]
[2020.09.23-19.17.23:766][  0]LogConfig: Setting CVar [[r.DistanceFieldShadowing:1]]
[2020.09.23-19.17.23:766][  0]LogConfig: Setting CVar [[r.DistanceFieldAO:1]]
[2020.09.23-19.17.23:766][  0]LogConfig: Setting CVar [[r.AOQuality:2]]
[2020.09.23-19.17.23:766][  0]LogConfig: Setting CVar [[r.VolumetricFog:1]]
[2020.09.23-19.17.23:766][  0]LogConfig: Setting CVar [[r.VolumetricFog.GridPixelSize:8]]
[2020.09.23-19.17.23:766][  0]LogConfig: Setting CVar [[r.VolumetricFog.GridSizeZ:128]]
[2020.09.23-19.17.23:766][  0]LogConfig: Setting CVar [[r.VolumetricFog.HistoryMissSupersampleCount:4]]
[2020.09.23-19.17.23:766][  0]LogConfig: Setting CVar [[r.LightMaxDrawDistanceScale:1]]
[2020.09.23-19.17.23:766][  0]LogConfig: Setting CVar [[r.CapsuleShadows:1]]
[2020.09.23-19.17.23:766][  0]LogConfig: Applying CVar settings from Section [PostProcessQuality@3] File [E:/FSM/Finite-State-Machine-in-UE4/FSM/FSM/Saved/Config/Windows/Scalability.ini]
[2020.09.23-19.17.23:766][  0]LogConfig: Setting CVar [[r.MotionBlurQuality:4]]
[2020.09.23-19.17.23:766][  0]LogConfig: Setting CVar [[r.AmbientOcclusionMipLevelFactor:0.4]]
[2020.09.23-19.17.23:766][  0]LogConfig: Setting CVar [[r.AmbientOcclusionMaxQuality:100]]
[2020.09.23-19.17.23:766][  0]LogConfig: Setting CVar [[r.AmbientOcclusionLevels:-1]]
[2020.09.23-19.17.23:766][  0]LogConfig: Setting CVar [[r.AmbientOcclusionRadiusScale:1.0]]
[2020.09.23-19.17.23:766][  0]LogConfig: Setting CVar [[r.DepthOfFieldQuality:2]]
[2020.09.23-19.17.23:766][  0]LogConfig: Setting CVar [[r.RenderTargetPoolMin:400]]
[2020.09.23-19.17.23:766][  0]LogConfig: Setting CVar [[r.LensFlareQuality:2]]
[2020.09.23-19.17.23:766][  0]LogConfig: Setting CVar [[r.SceneColorFringeQuality:1]]
[2020.09.23-19.17.23:766][  0]LogConfig: Setting CVar [[r.EyeAdaptationQuality:2]]
[2020.09.23-19.17.23:766][  0]LogConfig: Setting CVar [[r.BloomQuality:5]]
[2020.09.23-19.17.23:766][  0]LogConfig: Setting CVar [[r.FastBlurThreshold:100]]
[2020.09.23-19.17.23:766][  0]LogConfig: Setting CVar [[r.Upscale.Quality:3]]
[2020.09.23-19.17.23:766][  0]LogConfig: Setting CVar [[r.Tonemapper.GrainQuantization:1]]
[2020.09.23-19.17.23:766][  0]LogConfig: Setting CVar [[r.LightShaftQuality:1]]
[2020.09.23-19.17.23:766][  0]LogConfig: Setting CVar [[r.Filter.SizeScale:1]]
[2020.09.23-19.17.23:766][  0]LogConfig: Setting CVar [[r.Tonemapper.Quality:5]]
[2020.09.23-19.17.23:766][  0]LogConfig: Setting CVar [[r.DOF.Gather.AccumulatorQuality:1        ; higher gathering accumulator quality]]
[2020.09.23-19.17.23:766][  0]LogConfig: Setting CVar [[r.DOF.Gather.PostfilterMethod:1          ; Median3x3 postfilering method]]
[2020.09.23-19.17.23:766][  0]LogConfig: Setting CVar [[r.DOF.Gather.EnableBokehSettings:0       ; no bokeh simulation when gathering]]
[2020.09.23-19.17.23:766][  0]LogConfig: Setting CVar [[r.DOF.Gather.RingCount:4                 ; medium number of samples when gathering]]
[2020.09.23-19.17.23:766][  0]LogConfig: Setting CVar [[r.DOF.Scatter.ForegroundCompositing:1    ; additive foreground scattering]]
[2020.09.23-19.17.23:766][  0]LogConfig: Setting CVar [[r.DOF.Scatter.BackgroundCompositing:2    ; additive background scattering]]
[2020.09.23-19.17.23:766][  0]LogConfig: Setting CVar [[r.DOF.Scatter.EnableBokehSettings:1      ; bokeh simulation when scattering]]
[2020.09.23-19.17.23:766][  0]LogConfig: Setting CVar [[r.DOF.Scatter.MaxSpriteRatio:0.1         ; only a maximum of 10% of scattered bokeh]]
[2020.09.23-19.17.23:766][  0]LogConfig: Setting CVar [[r.DOF.Recombine.Quality:1                ; cheap slight out of focus]]
[2020.09.23-19.17.23:766][  0]LogConfig: Setting CVar [[r.DOF.Recombine.EnableBokehSettings:0    ; no bokeh simulation on slight out of focus]]
[2020.09.23-19.17.23:766][  0]LogConfig: Setting CVar [[r.DOF.TemporalAAQuality:1                ; more stable temporal accumulation]]
[2020.09.23-19.17.23:766][  0]LogConfig: Setting CVar [[r.DOF.Kernel.MaxForegroundRadius:0.025]]
[2020.09.23-19.17.23:766][  0]LogConfig: Setting CVar [[r.DOF.Kernel.MaxBackgroundRadius:0.025]]
[2020.09.23-19.17.23:766][  0]LogConfig: Applying CVar settings from Section [TextureQuality@3] File [E:/FSM/Finite-State-Machine-in-UE4/FSM/FSM/Saved/Config/Windows/Scalability.ini]
[2020.09.23-19.17.23:766][  0]LogConfig: Setting CVar [[r.Streaming.MipBias:0]]
[2020.09.23-19.17.23:766][  0]LogConfig: Setting CVar [[r.Streaming.AmortizeCPUToGPUCopy:0]]
[2020.09.23-19.17.23:766][  0]LogConfig: Setting CVar [[r.Streaming.MaxNumTexturesToStreamPerFrame:0]]
[2020.09.23-19.17.23:766][  0]LogConfig: Setting CVar [[r.Streaming.Boost:1]]
[2020.09.23-19.17.23:766][  0]LogConfig: Setting CVar [[r.MaxAnisotropy:8]]
[2020.09.23-19.17.23:766][  0]LogConfig: Setting CVar [[r.VT.MaxAnisotropy:8]]
[2020.09.23-19.17.23:767][  0]LogConfig: Setting CVar [[r.Streaming.LimitPoolSizeToVRAM:0]]
[2020.09.23-19.17.23:767][  0]LogConfig: Setting CVar [[r.Streaming.PoolSize:1000]]
[2020.09.23-19.17.23:767][  0]LogConfig: Setting CVar [[r.Streaming.MaxEffectiveScreenSize:0]]
[2020.09.23-19.17.23:767][  0]LogConfig: Applying CVar settings from Section [EffectsQuality@3] File [E:/FSM/Finite-State-Machine-in-UE4/FSM/FSM/Saved/Config/Windows/Scalability.ini]
[2020.09.23-19.17.23:767][  0]LogConfig: Setting CVar [[r.TranslucencyLightingVolumeDim:64]]
[2020.09.23-19.17.23:767][  0]LogConfig: Setting CVar [[r.RefractionQuality:2]]
[2020.09.23-19.17.23:767][  0]LogConfig: Setting CVar [[r.SSR.Quality:3]]
[2020.09.23-19.17.23:767][  0]LogConfig: Setting CVar [[r.SSR.HalfResSceneColor:0]]
[2020.09.23-19.17.23:767][  0]LogConfig: Setting CVar [[r.SceneColorFormat:4]]
[2020.09.23-19.17.23:767][  0]LogConfig: Setting CVar [[r.DetailMode:2]]
[2020.09.23-19.17.23:767][  0]LogConfig: Setting CVar [[r.TranslucencyVolumeBlur:1]]
[2020.09.23-19.17.23:767][  0]LogConfig: Setting CVar [[r.MaterialQualityLevel:1 ; High quality]]
[2020.09.23-19.17.23:767][  0]LogConfig: Setting CVar [[r.SSS.Scale:1]]
[2020.09.23-19.17.23:767][  0]LogConfig: Setting CVar [[r.SSS.SampleSet:2]]
[2020.09.23-19.17.23:767][  0]LogConfig: Setting CVar [[r.SSS.Quality:1]]
[2020.09.23-19.17.23:767][  0]LogConfig: Setting CVar [[r.SSS.HalfRes:1]]
[2020.09.23-19.17.23:767][  0]LogConfig: Setting CVar [[r.SSGI.Quality:3]]
[2020.09.23-19.17.23:767][  0]LogConfig: Setting CVar [[r.EmitterSpawnRateScale:1.0]]
[2020.09.23-19.17.23:767][  0]LogConfig: Setting CVar [[r.ParticleLightQuality:2]]
[2020.09.23-19.17.23:767][  0]LogConfig: Setting CVar [[r.SkyAtmosphere.AerialPerspectiveLUT.FastApplyOnOpaque:1 ; Always have FastSkyLUT 1 in this case to avoid wrong sky]]
[2020.09.23-19.17.23:767][  0]LogConfig: Setting CVar [[r.SkyAtmosphere.AerialPerspectiveLUT.SampleCountPerSlice:1]]
[2020.09.23-19.17.23:767][  0]LogConfig: Setting CVar [[r.SkyAtmosphere.AerialPerspectiveLUT.DepthResolution:16.0]]
[2020.09.23-19.17.23:767][  0]LogConfig: Setting CVar [[r.SkyAtmosphere.FastSkyLUT:1]]
[2020.09.23-19.17.23:767][  0]LogConfig: Setting CVar [[r.SkyAtmosphere.FastSkyLUT.SampleCountMin:4.0]]
[2020.09.23-19.17.23:767][  0]LogConfig: Setting CVar [[r.SkyAtmosphere.FastSkyLUT.SampleCountMax:32.0]]
[2020.09.23-19.17.23:767][  0]LogConfig: Setting CVar [[r.SkyAtmosphere.SampleCountMin:4.0]]
[2020.09.23-19.17.23:767][  0]LogConfig: Setting CVar [[r.SkyAtmosphere.SampleCountMax:32.0]]
[2020.09.23-19.17.23:767][  0]LogConfig: Setting CVar [[r.SkyAtmosphere.TransmittanceLUT.UseSmallFormat:0]]
[2020.09.23-19.17.23:767][  0]LogConfig: Setting CVar [[r.SkyAtmosphere.TransmittanceLUT.SampleCount:10.0]]
[2020.09.23-19.17.23:767][  0]LogConfig: Setting CVar [[r.SkyAtmosphere.MultiScatteringLUT.SampleCount:15.0]]
[2020.09.23-19.17.23:767][  0]LogConfig: Applying CVar settings from Section [FoliageQuality@3] File [E:/FSM/Finite-State-Machine-in-UE4/FSM/FSM/Saved/Config/Windows/Scalability.ini]
[2020.09.23-19.17.23:767][  0]LogConfig: Setting CVar [[foliage.DensityScale:1.0]]
[2020.09.23-19.17.23:767][  0]LogConfig: Setting CVar [[grass.DensityScale:1.0]]
[2020.09.23-19.17.23:767][  0]LogConfig: Applying CVar settings from Section [ShadingQuality@3] File [E:/FSM/Finite-State-Machine-in-UE4/FSM/FSM/Saved/Config/Windows/Scalability.ini]
[2020.09.23-19.17.23:767][  0]LogConfig: Setting CVar [[r.HairStrands.SkyLighting.SampleCount:16]]
[2020.09.23-19.17.23:767][  0]LogConfig: Setting CVar [[r.HairStrands.SkyLighting.JitterIntegration:0]]
[2020.09.23-19.17.23:767][  0]LogConfig: Setting CVar [[r.HairStrands.SkyAO.SampleCount:16]]
[2020.09.23-19.17.23:767][  0]LogInit: Selected Device Profile: [Windows]
[2020.09.23-19.17.23:767][  0]LogInit: Applying CVar settings loaded from the selected device profile: [Windows]
[2020.09.23-19.17.23:770][  0]LogHAL: Display: Platform has ~ 16 GB [17133084672 / 17179869184 / 16], which maps to Larger [LargestMinGB=32, LargerMinGB=12, DefaultMinGB=8, SmallerMinGB=6, SmallestMinGB=0)
[2020.09.23-19.17.23:770][  0]LogInit: Going up to parent DeviceProfile []
[2020.09.23-19.17.23:770][  0]LogConfig: Applying CVar settings from Section [ViewDistanceQuality@1] File [E:/FSM/Finite-State-Machine-in-UE4/FSM/FSM/Saved/Config/Windows/Scalability.ini]
[2020.09.23-19.17.23:770][  0]LogConfig: Setting CVar [[r.SkeletalMeshLODBias:1]]
[2020.09.23-19.17.23:770][  0]LogConfig: Setting CVar [[r.ViewDistanceScale:0.6]]
[2020.09.23-19.17.23:770][  0]LogConfig: Applying CVar settings from Section [AntiAliasingQuality@1] File [E:/FSM/Finite-State-Machine-in-UE4/FSM/FSM/Saved/Config/Windows/Scalability.ini]
[2020.09.23-19.17.23:770][  0]LogConfig: Setting CVar [[r.PostProcessAAQuality:2]]
[2020.09.23-19.17.23:770][  0]LogConfig: Applying CVar settings from Section [ShadowQuality@1] File [E:/FSM/Finite-State-Machine-in-UE4/FSM/FSM/Saved/Config/Windows/Scalability.ini]
[2020.09.23-19.17.23:770][  0]LogConfig: Setting CVar [[r.LightFunctionQuality:1]]
[2020.09.23-19.17.23:770][  0]LogConfig: Setting CVar [[r.ShadowQuality:3]]
[2020.09.23-19.17.23:770][  0]LogConfig: Setting CVar [[r.Shadow.CSM.MaxCascades:1]]
[2020.09.23-19.17.23:770][  0]LogConfig: Setting CVar [[r.Shadow.MaxResolution:1024]]
[2020.09.23-19.17.23:770][  0]LogConfig: Setting CVar [[r.Shadow.MaxCSMResolution:1024]]
[2020.09.23-19.17.23:770][  0]LogConfig: Setting CVar [[r.Shadow.RadiusThreshold:0.05]]
[2020.09.23-19.17.23:770][  0]LogConfig: Setting CVar [[r.Shadow.DistanceScale:0.7]]
[2020.09.23-19.17.23:770][  0]LogConfig: Setting CVar [[r.Shadow.CSM.TransitionScale:0.25]]
[2020.09.23-19.17.23:770][  0]LogConfig: Setting CVar [[r.Shadow.PreShadowResolutionFactor:0.5]]
[2020.09.23-19.17.23:770][  0]LogConfig: Setting CVar [[r.DistanceFieldShadowing:0]]
[2020.09.23-19.17.23:770][  0]LogConfig: Setting CVar [[r.DistanceFieldAO:0]]
[2020.09.23-19.17.23:770][  0]LogConfig: Setting CVar [[r.VolumetricFog:0]]
[2020.09.23-19.17.23:770][  0]LogConfig: Setting CVar [[r.LightMaxDrawDistanceScale:.5]]
[2020.09.23-19.17.23:770][  0]LogConfig: Setting CVar [[r.CapsuleShadows:1]]
[2020.09.23-19.17.23:770][  0]LogConfig: Applying CVar settings from Section [PostProcessQuality@1] File [E:/FSM/Finite-State-Machine-in-UE4/FSM/FSM/Saved/Config/Windows/Scalability.ini]
[2020.09.23-19.17.23:770][  0]LogConfig: Setting CVar [[r.MotionBlurQuality:3]]
[2020.09.23-19.17.23:770][  0]LogConfig: Setting CVar [[r.AmbientOcclusionMipLevelFactor:1.0]]
[2020.09.23-19.17.23:770][  0]LogConfig: Setting CVar [[r.AmbientOcclusionMaxQuality:60]]
[2020.09.23-19.17.23:770][  0]LogConfig: Setting CVar [[r.AmbientOcclusionLevels:-1]]
[2020.09.23-19.17.23:770][  0]LogConfig: Setting CVar [[r.AmbientOcclusionRadiusScale:1.5]]
[2020.09.23-19.17.23:770][  0]LogConfig: Setting CVar [[r.DepthOfFieldQuality:1]]
[2020.09.23-19.17.23:770][  0]LogConfig: Setting CVar [[r.RenderTargetPoolMin:350]]
[2020.09.23-19.17.23:770][  0]LogConfig: Setting CVar [[r.LensFlareQuality:0]]
[2020.09.23-19.17.23:770][  0]LogConfig: Setting CVar [[r.SceneColorFringeQuality:0]]
[2020.09.23-19.17.23:770][  0]LogConfig: Setting CVar [[r.EyeAdaptationQuality:0]]
[2020.09.23-19.17.23:770][  0]LogConfig: Setting CVar [[r.BloomQuality:4]]
[2020.09.23-19.17.23:770][  0]LogConfig: Setting CVar [[r.FastBlurThreshold:2]]
[2020.09.23-19.17.23:770][  0]LogConfig: Setting CVar [[r.Upscale.Quality:2]]
[2020.09.23-19.17.23:770][  0]LogConfig: Setting CVar [[r.Tonemapper.GrainQuantization:0]]
[2020.09.23-19.17.23:770][  0]LogConfig: Setting CVar [[r.LightShaftQuality:0]]
[2020.09.23-19.17.23:770][  0]LogConfig: Setting CVar [[r.Filter.SizeScale:0.7]]
[2020.09.23-19.17.23:770][  0]LogConfig: Setting CVar [[r.Tonemapper.Quality:2]]
[2020.09.23-19.17.23:770][  0]LogConfig: Setting CVar [[r.DOF.Gather.AccumulatorQuality:0        ; lower gathering accumulator quality]]
[2020.09.23-19.17.23:770][  0]LogConfig: Setting CVar [[r.DOF.Gather.PostfilterMethod:2          ; Max3x3 postfilering method]]
[2020.09.23-19.17.23:770][  0]LogConfig: Setting CVar [[r.DOF.Gather.EnableBokehSettings:0       ; no bokeh simulation when gathering]]
[2020.09.23-19.17.23:770][  0]LogConfig: Setting CVar [[r.DOF.Gather.RingCount:3                 ; low number of samples when gathering]]
[2020.09.23-19.17.23:770][  0]LogConfig: Setting CVar [[r.DOF.Scatter.ForegroundCompositing:0    ; no foreground scattering]]
[2020.09.23-19.17.23:770][  0]LogConfig: Setting CVar [[r.DOF.Scatter.BackgroundCompositing:0    ; no foreground scattering]]
[2020.09.23-19.17.23:770][  0]LogConfig: Setting CVar [[r.DOF.Recombine.Quality:0                ; no slight out of focus]]
[2020.09.23-19.17.23:770][  0]LogConfig: Setting CVar [[r.DOF.TemporalAAQuality:0                ; faster temporal accumulation]]
[2020.09.23-19.17.23:770][  0]LogConfig: Setting CVar [[r.DOF.Kernel.MaxForegroundRadius:0.006   ; required because low gathering and no scattering and not looking great at 1080p]]
[2020.09.23-19.17.23:770][  0]LogConfig: Setting CVar [[r.DOF.Kernel.MaxBackgroundRadius:0.006   ; required because low gathering and no scattering and not looking great at 1080p]]
[2020.09.23-19.17.23:770][  0]LogConfig: Applying CVar settings from Section [TextureQuality@1] File [E:/FSM/Finite-State-Machine-in-UE4/FSM/FSM/Saved/Config/Windows/Scalability.ini]
[2020.09.23-19.17.23:770][  0]LogConfig: Setting CVar [[r.Streaming.MipBias:1]]
[2020.09.23-19.17.23:770][  0]LogConfig: Setting CVar [[r.Streaming.AmortizeCPUToGPUCopy:0]]
[2020.09.23-19.17.23:770][  0]LogConfig: Setting CVar [[r.Streaming.MaxNumTexturesToStreamPerFrame:0]]
[2020.09.23-19.17.23:770][  0]LogConfig: Setting CVar [[r.Streaming.Boost:1]]
[2020.09.23-19.17.23:770][  0]LogConfig: Setting CVar [[r.MaxAnisotropy:2]]
[2020.09.23-19.17.23:770][  0]LogConfig: Setting CVar [[r.VT.MaxAnisotropy:4]]
[2020.09.23-19.17.23:770][  0]LogConfig: Setting CVar [[r.Streaming.LimitPoolSizeToVRAM:1]]
[2020.09.23-19.17.23:770][  0]LogConfig: Setting CVar [[r.Streaming.PoolSize:600]]
[2020.09.23-19.17.23:770][  0]LogConfig: Setting CVar [[r.Streaming.MaxEffectiveScreenSize:0]]
[2020.09.23-19.17.23:770][  0]LogConfig: Applying CVar settings from Section [EffectsQuality@1] File [E:/FSM/Finite-State-Machine-in-UE4/FSM/FSM/Saved/Config/Windows/Scalability.ini]
[2020.09.23-19.17.23:771][  0]LogConfig: Setting CVar [[r.TranslucencyLightingVolumeDim:32]]
[2020.09.23-19.17.23:771][  0]LogConfig: Setting CVar [[r.RefractionQuality:0]]
[2020.09.23-19.17.23:771][  0]LogConfig: Setting CVar [[r.SSR.Quality:0]]
[2020.09.23-19.17.23:771][  0]LogConfig: Setting CVar [[r.SSR.HalfResSceneColor:1]]
[2020.09.23-19.17.23:771][  0]LogConfig: Setting CVar [[r.SceneColorFormat:3]]
[2020.09.23-19.17.23:771][  0]LogConfig: Setting CVar [[r.DetailMode:1]]
[2020.09.23-19.17.23:771][  0]LogConfig: Setting CVar [[r.TranslucencyVolumeBlur:0]]
[2020.09.23-19.17.23:771][  0]LogConfig: Setting CVar [[r.MaterialQualityLevel:2 ; Medium quality]]
[2020.09.23-19.17.23:771][  0]LogConfig: Setting CVar [[r.SSS.Scale:0.75]]
[2020.09.23-19.17.23:771][  0]LogConfig: Setting CVar [[r.SSS.SampleSet:0]]
[2020.09.23-19.17.23:771][  0]LogConfig: Setting CVar [[r.SSS.Quality:0]]
[2020.09.23-19.17.23:771][  0]LogConfig: Setting CVar [[r.SSS.HalfRes:1]]
[2020.09.23-19.17.23:771][  0]LogConfig: Setting CVar [[r.SSGI.Quality:1]]
[2020.09.23-19.17.23:771][  0]LogConfig: Setting CVar [[r.EmitterSpawnRateScale:0.25]]
[2020.09.23-19.17.23:771][  0]LogConfig: Setting CVar [[r.ParticleLightQuality:0]]
[2020.09.23-19.17.23:771][  0]LogConfig: Setting CVar [[r.SkyAtmosphere.AerialPerspectiveLUT.FastApplyOnOpaque:1 ; Always have FastSkyLUT 1 in this case to avoid wrong sky]]
[2020.09.23-19.17.23:771][  0]LogConfig: Setting CVar [[r.SkyAtmosphere.AerialPerspectiveLUT.SampleCountPerSlice:1]]
[2020.09.23-19.17.23:771][  0]LogConfig: Setting CVar [[r.SkyAtmosphere.AerialPerspectiveLUT.DepthResolution:16.0]]
[2020.09.23-19.17.23:771][  0]LogConfig: Setting CVar [[r.SkyAtmosphere.FastSkyLUT:1]]
[2020.09.23-19.17.23:771][  0]LogConfig: Setting CVar [[r.SkyAtmosphere.FastSkyLUT.SampleCountMin:4.0]]
[2020.09.23-19.17.23:771][  0]LogConfig: Setting CVar [[r.SkyAtmosphere.FastSkyLUT.SampleCountMax:32.0]]
[2020.09.23-19.17.23:771][  0]LogConfig: Setting CVar [[r.SkyAtmosphere.SampleCountMin:4.0]]
[2020.09.23-19.17.23:771][  0]LogConfig: Setting CVar [[r.SkyAtmosphere.SampleCountMax:32.0]]
[2020.09.23-19.17.23:771][  0]LogConfig: Setting CVar [[r.SkyAtmosphere.TransmittanceLUT.UseSmallFormat:0]]
[2020.09.23-19.17.23:771][  0]LogConfig: Setting CVar [[r.SkyAtmosphere.TransmittanceLUT.SampleCount:10.0]]
[2020.09.23-19.17.23:771][  0]LogConfig: Setting CVar [[r.SkyAtmosphere.MultiScatteringLUT.SampleCount:15.0]]
[2020.09.23-19.17.23:771][  0]LogConfig: Applying CVar settings from Section [FoliageQuality@1] File [E:/FSM/Finite-State-Machine-in-UE4/FSM/FSM/Saved/Config/Windows/Scalability.ini]
[2020.09.23-19.17.23:771][  0]LogConfig: Setting CVar [[foliage.DensityScale:0.4]]
[2020.09.23-19.17.23:771][  0]LogConfig: Setting CVar [[grass.DensityScale:0.4]]
[2020.09.23-19.17.23:771][  0]LogConfig: Applying CVar settings from Section [ShadingQuality@1] File [E:/FSM/Finite-State-Machine-in-UE4/FSM/FSM/Saved/Config/Windows/Scalability.ini]
[2020.09.23-19.17.23:771][  0]LogConfig: Setting CVar [[r.HairStrands.SkyLighting.SampleCount:16]]
[2020.09.23-19.17.23:771][  0]LogConfig: Setting CVar [[r.HairStrands.SkyLighting.JitterIntegration:0]]
[2020.09.23-19.17.23:771][  0]LogConfig: Setting CVar [[r.HairStrands.SkyAO.SampleCount:16]]
[2020.09.23-19.17.23:771][  0]LogConfig: Applying CVar settings from Section [Startup] File [../../../Engine/Config/ConsoleVariables.ini]
[2020.09.23-19.17.23:771][  0]LogConfig: Setting CVar [[net.UseAdaptiveNetUpdateFrequency:0]]
[2020.09.23-19.17.23:771][  0]LogConfig: Setting CVar [[p.chaos.AllowCreatePhysxBodies:1]]
[2020.09.23-19.17.23:771][  0]LogConfig: Applying CVar settings from Section [ConsoleVariables] File [E:/FSM/Finite-State-Machine-in-UE4/FSM/FSM/Saved/Config/Windows/Engine.ini]
[2020.09.23-19.17.23:771][  0]LogInit: Computer: MRFAB
[2020.09.23-19.17.23:771][  0]LogInit: User: MrFab
[2020.09.23-19.17.23:771][  0]LogInit: CPU Page size=4096, Cores=6
[2020.09.23-19.17.23:771][  0]LogInit: High frequency timer resolution =10.000000 MHz
[2020.09.23-19.17.23:772][  0]LogMemory: Memory total: Physical=16.0GB (16GB approx)
[2020.09.23-19.17.23:772][  0]LogMemory: Platform Memory Stats for Windows
[2020.09.23-19.17.23:772][  0]LogMemory: Process Physical Memory: 106.00 MB used, 106.00 MB peak
[2020.09.23-19.17.23:772][  0]LogMemory: Process Virtual Memory: 101.46 MB used, 101.46 MB peak
[2020.09.23-19.17.23:772][  0]LogMemory: Physical Memory: 10830.51 MB used,  5508.88 MB free, 16339.38 MB total
[2020.09.23-19.17.23:772][  0]LogMemory: Virtual Memory: 5173.88 MB used,  134212552.00 MB free, 134217728.00 MB total
[2020.09.23-19.17.23:813][  0]LogWindows: WindowsPlatformFeatures enabled
[2020.09.23-19.17.23:838][  0]LogInit: Using OS detected language (en-GB).
[2020.09.23-19.17.23:838][  0]LogInit: Using OS detected locale (en-IN).
[2020.09.23-19.17.23:839][  0]LogTextLocalizationManager: No specific localization for 'en-GB' exists, so the 'en' localization will be used.
[2020.09.23-19.17.24:057][  0]LogSlate: New Slate User Created.  User Index 0, Is Virtual User: 0
[2020.09.23-19.17.24:057][  0]LogSlate: Slate User Registered.  User Index 0, Is Virtual User: 0
[2020.09.23-19.17.24:194][  0]LogHMD: Failed to initialize OpenVR with code 110
[2020.09.23-19.17.24:194][  0]LogD3D11RHI: D3D11 min allowed feature level: 11_0
[2020.09.23-19.17.24:194][  0]LogD3D11RHI: D3D11 max allowed feature level: 11_0
[2020.09.23-19.17.24:194][  0]LogD3D11RHI: D3D11 adapters:
[2020.09.23-19.17.24:276][  0]LogD3D11RHI:    0. 'NVIDIA GeForce GTX 1060 6GB' (Feature Level 11_0)
[2020.09.23-19.17.24:276][  0]LogD3D11RHI:       6052/0/8169 MB DedicatedVideo/DedicatedSystem/SharedSystem, Outputs:1, VendorId:0x10de
[2020.09.23-19.17.24:279][  0]LogD3D11RHI:    1. 'Microsoft Basic Render Driver' (Feature Level 11_0)
[2020.09.23-19.17.24:279][  0]LogD3D11RHI:       0/0/8169 MB DedicatedVideo/DedicatedSystem/SharedSystem, Outputs:0, VendorId:0x1414
[2020.09.23-19.17.24:279][  0]LogD3D11RHI: Chosen D3D11 Adapter: 0
[2020.09.23-19.17.24:289][  0]LogD3D11RHI: Creating new Direct3DDevice
[2020.09.23-19.17.24:289][  0]LogD3D11RHI:     GPU DeviceId: 0x1c03 (for the marketing name, search the web for "GPU Device Id")
[2020.09.23-19.17.24:289][  0]LogWindows: EnumDisplayDevices:
[2020.09.23-19.17.24:289][  0]LogWindows:    0. 'NVIDIA GeForce GTX 1060 6GB' (P:1 D:1)
[2020.09.23-19.17.24:289][  0]LogWindows:    1. 'NVIDIA GeForce GTX 1060 6GB' (P:0 D:0)
[2020.09.23-19.17.24:289][  0]LogWindows:    2. 'NVIDIA GeForce GTX 1060 6GB' (P:0 D:0)
[2020.09.23-19.17.24:290][  0]LogWindows:    3. 'NVIDIA GeForce GTX 1060 6GB' (P:0 D:0)
[2020.09.23-19.17.24:290][  0]LogWindows: DebugString: FoundDriverCount:4 
[2020.09.23-19.17.24:290][  0]LogD3D11RHI:     Adapter Name: NVIDIA GeForce GTX 1060 6GB
[2020.09.23-19.17.24:290][  0]LogD3D11RHI:   Driver Version: 451.67 (internal:27.21.14.5167, unified:451.67)
[2020.09.23-19.17.24:290][  0]LogD3D11RHI:      Driver Date: 7-5-2020
[2020.09.23-19.17.24:290][  0]LogRHI: Texture pool is 4236 MB (70% of 6052 MB)
[2020.09.23-19.17.24:357][  0]LogD3D11RHI: RHI has support for 64 bit atomics
[2020.09.23-19.17.24:358][  0]LogD3D11RHI: Async texture creation enabled
[2020.09.23-19.17.24:390][  0]LogD3D11RHI: GPU Timing Frequency: 1000.000000 (Debug: 2 1)
[2020.09.23-19.17.24:774][  0]LogTargetPlatformManager: Display: Loaded TargetPlatform 'AllDesktop'
[2020.09.23-19.17.24:810][  0]LogTargetPlatformManager: Display: Loaded TargetPlatform 'Android'
[2020.09.23-19.17.24:810][  0]LogTargetPlatformManager: Display: Loaded TargetPlatform 'Android_ASTC'
[2020.09.23-19.17.24:810][  0]LogTargetPlatformManager: Display: Loaded TargetPlatform 'Android_ATC'
[2020.09.23-19.17.24:810][  0]LogTargetPlatformManager: Display: Loaded TargetPlatform 'Android_DXT'
[2020.09.23-19.17.24:810][  0]LogTargetPlatformManager: Display: Loaded TargetPlatform 'Android_ETC1'
[2020.09.23-19.17.24:810][  0]LogTargetPlatformManager: Display: Loaded TargetPlatform 'Android_ETC1a'
[2020.09.23-19.17.24:810][  0]LogTargetPlatformManager: Display: Loaded TargetPlatform 'Android_ETC2'
[2020.09.23-19.17.24:810][  0]LogTargetPlatformManager: Display: Loaded TargetPlatform 'Android_PVRTC'
[2020.09.23-19.17.24:810][  0]LogTargetPlatformManager: Display: Loaded TargetPlatform 'AndroidClient'
[2020.09.23-19.17.24:810][  0]LogTargetPlatformManager: Display: Loaded TargetPlatform 'Android_ASTCClient'
[2020.09.23-19.17.24:810][  0]LogTargetPlatformManager: Display: Loaded TargetPlatform 'Android_ATCClient'
[2020.09.23-19.17.24:810][  0]LogTargetPlatformManager: Display: Loaded TargetPlatform 'Android_DXTClient'
[2020.09.23-19.17.24:810][  0]LogTargetPlatformManager: Display: Loaded TargetPlatform 'Android_ETC1Client'
[2020.09.23-19.17.24:810][  0]LogTargetPlatformManager: Display: Loaded TargetPlatform 'Android_ETC1aClient'
[2020.09.23-19.17.24:810][  0]LogTargetPlatformManager: Display: Loaded TargetPlatform 'Android_ETC2Client'
[2020.09.23-19.17.24:810][  0]LogTargetPlatformManager: Display: Loaded TargetPlatform 'Android_PVRTCClient'
[2020.09.23-19.17.24:810][  0]LogTargetPlatformManager: Display: Loaded TargetPlatform 'Android_Multi'
[2020.09.23-19.17.24:810][  0]LogTargetPlatformManager: Display: Loaded TargetPlatform 'Android_MultiClient'
[2020.09.23-19.17.24:833][  0]LogTargetPlatformManager: Display: Loaded TargetPlatform 'IOSClient'
[2020.09.23-19.17.24:833][  0]LogTargetPlatformManager: Display: Loaded TargetPlatform 'IOS'
[2020.09.23-19.17.24:841][  0]LogTargetPlatformManager: Display: Loaded TargetPlatform 'LinuxNoEditor'
[2020.09.23-19.17.24:850][  0]LogTargetPlatformManager: Display: Loaded TargetPlatform 'LinuxClient'
[2020.09.23-19.17.24:858][  0]LogTargetPlatformManager: Display: Loaded TargetPlatform 'LinuxServer'
[2020.09.23-19.17.24:867][  0]LogTargetPlatformManager: Display: Loaded TargetPlatform 'LinuxAArch64NoEditor'
[2020.09.23-19.17.24:875][  0]LogTargetPlatformManager: Display: Loaded TargetPlatform 'LinuxAArch64Client'
[2020.09.23-19.17.24:883][  0]LogTargetPlatformManager: Display: Loaded TargetPlatform 'LinuxAArch64Server'
[2020.09.23-19.17.24:911][  0]LogTargetPlatformManager: Display: Loaded TargetPlatform 'Lumin'
[2020.09.23-19.17.24:911][  0]LogTargetPlatformManager: Display: Loaded TargetPlatform 'LuminClient'
[2020.09.23-19.17.24:926][  0]LogTargetPlatformManager: Display: Loaded TargetPlatform 'TVOSClient'
[2020.09.23-19.17.24:926][  0]LogTargetPlatformManager: Display: Loaded TargetPlatform 'TVOS'
[2020.09.23-19.17.24:935][  0]LogTargetPlatformManager: Display: Loaded TargetPlatform 'WindowsNoEditor'
[2020.09.23-19.17.24:946][  0]LogTargetPlatformManager: Display: Loaded TargetPlatform 'Windows'
[2020.09.23-19.17.24:956][  0]LogTargetPlatformManager: Display: Loaded TargetPlatform 'WindowsClient'
[2020.09.23-19.17.24:964][  0]LogTargetPlatformManager: Display: Loaded TargetPlatform 'WindowsServer'
[2020.09.23-19.17.24:965][  0]LogTargetPlatformManager: Display: Building Assets For Windows
[2020.09.23-19.17.24:968][  0]LogAudioDebug: Display: Lib vorbis DLL was dynamically loaded.
[2020.09.23-19.17.24:991][  0]LogShaderCompilers: Guid format shader working directory is -5 characters bigger than the processId version (../../../../FSM/Finite-State-Machine-in-UE4/FSM/FSM/Intermediate/Shaders/WorkingDirectory/10968/).
[2020.09.23-19.17.24:991][  0]LogShaderCompilers: Cleaned the shader compiler working directory 'C:/Users/Mr.Fab/AppData/Local/Temp/UnrealShaderWorkingDir/547144584FE7EA7844722BB7D007992D/'.
[2020.09.23-19.17.24:992][  0]LogXGEController: Cleaning working directory: C:/Users/Mr.Fab/AppData/Local/Temp/UnrealXGEWorkingDir/
[2020.09.23-19.17.24:992][  0]LogXGEController: Cannot use XGE Controller as Incredibuild is not installed on this machine.
[2020.09.23-19.17.24:992][  0]LogShaderCompilers: Cannot use XGE Shader Compiler as Incredibuild is not installed on this machine.
[2020.09.23-19.17.24:992][  0]LogShaderCompilers: Display: Using Local Shader Compiler.
[2020.09.23-19.17.25:805][  0]LogDerivedDataCache: Display: Max Cache Size: 512 MB
[2020.09.23-19.17.25:864][  0]LogDerivedDataCache: Loaded boot cache 0.06s 81MB C:/Users/Mr.Fab/AppData/Local/UnrealEngine/4.24/DerivedDataCache/Boot.ddc.
[2020.09.23-19.17.25:864][  0]LogDerivedDataCache: Display: Loaded Boot cache: C:/Users/Mr.Fab/AppData/Local/UnrealEngine/4.24/DerivedDataCache/Boot.ddc
[2020.09.23-19.17.25:864][  0]LogDerivedDataCache: FDerivedDataBackendGraph:  Pak pak cache file ../../../../FSM/Finite-State-Machine-in-UE4/FSM/FSM/DerivedDataCache/DDC.ddp not found, will not use a pak cache.
[2020.09.23-19.17.25:864][  0]LogDerivedDataCache: Unable to find inner node Pak for hierarchical cache Hierarchy.
[2020.09.23-19.17.25:864][  0]LogDerivedDataCache: FDerivedDataBackendGraph:  CompressedPak pak cache file ../../../../FSM/Finite-State-Machine-in-UE4/FSM/FSM/DerivedDataCache/Compressed.ddp not found, will not use a pak cache.
[2020.09.23-19.17.25:864][  0]LogDerivedDataCache: Unable to find inner node CompressedPak for hierarchical cache Hierarchy.
[2020.09.23-19.17.25:876][  0]LogDerivedDataCache: Display: Pak cache opened for reading ../../../Engine/DerivedDataCache/Compressed.ddp.
[2020.09.23-19.17.25:876][  0]LogDerivedDataCache: FDerivedDataBackendGraph:  EnterprisePak pak cache file ../../../Enterprise/DerivedDataCache/Compressed.ddp not found, will not use a pak cache.
[2020.09.23-19.17.25:876][  0]LogDerivedDataCache: Unable to find inner node EnterprisePak for hierarchical cache Hierarchy.
[2020.09.23-19.17.25:878][  0]LogDerivedDataCache: Using Local data cache path C:/Users/Mr.Fab/AppData/Local/UnrealEngine/Common/DerivedDataCache: Writable
[2020.09.23-19.17.25:878][  0]LogDerivedDataCache: Shared data cache path not found in *engine.ini, will not use an Shared cache.
[2020.09.23-19.17.25:878][  0]LogDerivedDataCache: Unable to find inner node Shared for hierarchical cache Hierarchy.
[2020.09.23-19.17.25:926][  0]LogMaterial: Verifying Global Shaders for PCD3D_SM5
[2020.09.23-19.17.25:929][  0]LogSlate: Using FreeType 2.10.0
[2020.09.23-19.17.25:930][  0]LogSlate: SlateFontServices - WITH_FREETYPE: 1, WITH_HARFBUZZ: 1
[2020.09.23-19.17.25:988][  0]LogAssetRegistry: FAssetRegistry took 0.0031 seconds to start up
[2020.09.23-19.17.26:349][  0]LogInit: Selected Device Profile: [Windows]
[2020.09.23-19.17.26:525][  0]LogMeshReduction: Using QuadricMeshReduction for automatic static mesh reduction
[2020.09.23-19.17.26:525][  0]LogMeshReduction: Using SimplygonMeshReduction for automatic skeletal mesh reduction
[2020.09.23-19.17.26:525][  0]LogMeshReduction: Using ProxyLODMeshReduction for automatic mesh merging
[2020.09.23-19.17.26:525][  0]LogMeshReduction: No distributed automatic mesh merging module available
[2020.09.23-19.17.26:525][  0]LogMeshMerging: No distributed automatic mesh merging module available
[2020.09.23-19.17.26:543][  0]LogNetVersion: FSM 1.0.0, NetCL: 10570792, EngineNetVer: 13, GameNetVer: 0 (Checksum: 4181380811)
[2020.09.23-19.17.27:733][  0]LogPackageLocalizationCache: Processed 10 localized package path(s) for 1 prioritized culture(s) in 0.045357 seconds
[2020.09.23-19.17.27:744][  0]LogUObjectArray: 46750 objects as part of root set at end of initial load.
[2020.09.23-19.17.27:744][  0]LogUObjectAllocator: 8137160 out of 0 bytes used by permanent object pool.
[2020.09.23-19.17.27:744][  0]LogUObjectArray: CloseDisregardForGC: 0/0 objects in disregard for GC pool
[2020.09.23-19.17.28:276][  0]LogTcpMessaging: Initializing TcpMessaging bridge
[2020.09.23-19.17.28:280][  0]LogUdpMessaging: Initializing bridge on interface 0.0.0.0:0 to multicast group 230.0.0.1:6666.
[2020.09.23-19.17.28:488][  0]LogTemp: Warning: Bool value is: 0
[2020.09.23-19.17.28:488][  0]LogTemp: Warning: My StateMachine Behaviour Created
[2020.09.23-19.17.28:516][  0]SourceControl: Source control is disabled
[2020.09.23-19.17.28:517][  0]SourceControl: Source control is disabled
[2020.09.23-19.17.28:518][  0]SourceControl: Source control is disabled
[2020.09.23-19.17.28:519][  0]SourceControl: Source control is disabled
[2020.09.23-19.17.28:522][  0]SourceControl: Source control is disabled
[2020.09.23-19.17.28:629][  0]LogAndroidPermission: UAndroidPermissionCallbackProxy::GetInstance
[2020.09.23-19.17.28:645][  0]LogAudioCaptureCore: Display: No Audio Capture implementations found. Audio input will be silent.
[2020.09.23-19.17.28:645][  0]LogAudioCaptureCore: Display: No Audio Capture implementations found. Audio input will be silent.
[2020.09.23-19.17.28:753][  0]LogOcInput: OculusInput pre-init called
[2020.09.23-19.17.28:762][  0]LogWindows: Failed to load 'OVRPlugin.dll' (GetLastError=126)
[2020.09.23-19.17.28:762][  0]LogWindows: File 'OVRPlugin.dll' does not exist
[2020.09.23-19.17.28:852][  0]LogEngine: Initializing Engine...
[2020.09.23-19.17.28:853][  0]LogHMD: Failed to initialize OpenVR with code 110
[2020.09.23-19.17.28:854][  0]LogStats: UGameplayTagsManager::InitializeManager -  0.000 s
[2020.09.23-19.17.29:270][  0]LogInit: Initializing FReadOnlyCVARCache
[2020.09.23-19.17.29:286][  0]LogAIModule: Creating AISystem for world Untitled
[2020.09.23-19.17.29:295][  0]LogAudioMixer: Display: Audio Mixer Platform Settings:
[2020.09.23-19.17.29:295][  0]LogAudioMixer: Display: 	Sample Rate:						  48000
[2020.09.23-19.17.29:296][  0]LogAudioMixer: Display: 	Callback Buffer Frame Size Requested: 1024
[2020.09.23-19.17.29:296][  0]LogAudioMixer: Display: 	Callback Buffer Frame Size To Use:	  1024
[2020.09.23-19.17.29:296][  0]LogAudioMixer: Display: 	Number of buffers to queue:			  2
[2020.09.23-19.17.29:296][  0]LogAudioMixer: Display: 	Max Channels (voices):				  32
[2020.09.23-19.17.29:296][  0]LogAudioMixer: Display: 	Number of Async Source Workers:		  0
[2020.09.23-19.17.29:296][  0]LogAudio: Display: AudioDevice MaxSources: 32
[2020.09.23-19.17.29:296][  0]LogAudio: Display: Using built-in audio occlusion.
[2020.09.23-19.17.29:296][  0]LogAudioMixer: Display: Initializing audio mixer.
[2020.09.23-19.17.29:314][  0]LogAudioMixer: Display: Audio Device Output Speaker Info:
[2020.09.23-19.17.29:314][  0]LogAudioMixer: Display: Name: Speakers (4- USB Audio Device)
[2020.09.23-19.17.29:314][  0]LogAudioMixer: Display: Is Default: Yes
[2020.09.23-19.17.29:314][  0]LogAudioMixer: Display: Sample Rate: 48000
[2020.09.23-19.17.29:314][  0]LogAudioMixer: Display: Channel Count Used: 2
[2020.09.23-19.17.29:314][  0]LogAudioMixer: Display: Device Channel Count: 2
[2020.09.23-19.17.29:314][  0]LogAudioMixer: Display: Channel Order:
[2020.09.23-19.17.29:315][  0]LogAudioMixer: Display: 0: FrontLeft
[2020.09.23-19.17.29:315][  0]LogAudioMixer: Display: 1: FrontRight
[2020.09.23-19.17.29:335][  0]LogAudioMixer: Display: Using Audio Device Speakers (4- USB Audio Device)
[2020.09.23-19.17.29:343][  0]LogInit: FAudioDevice initialized.
[2020.09.23-19.17.29:344][  0]LogNetVersion: Set ProjectVersion to 1.0.0.0. Version Checksum will be recalculated on next use.
[2020.09.23-19.17.29:458][  0]LogDerivedDataCache: Saved boot cache 0.11s 81MB C:/Users/Mr.Fab/AppData/Local/UnrealEngine/4.24/DerivedDataCache/Boot.ddc.
[2020.09.23-19.17.29:464][  0]LogInit: Texture streaming: Enabled
[2020.09.23-19.17.29:485][  0]LogEngineSessionManager: EngineSessionManager initialized
[2020.09.23-19.17.29:485][  0]LogEditorSessionSummary: Verbose: Initializing EditorSessionSummaryWriter for editor session tracking
[2020.09.23-19.17.29:486][  0]LogEditorSessionSummary: EditorSessionSummaryWriter initialized
[2020.09.23-19.17.29:528][  0]LogInit: Transaction tracking system initialized
[2020.09.23-19.17.29:540][  0]BlueprintLog: New page: Editor Load
[2020.09.23-19.17.29:574][  0]LocalizationService: Localization service is disabled
[2020.09.23-19.17.31:303][  0]LogFileCache: Scanning file cache for directory 'E:/FSM/Finite-State-Machine-in-UE4/FSM/FSM/Content/' took 0.00s
[2020.09.23-19.17.31:303][  0]LogCook: Display: Max memory allowance for cook 16384mb min free memory 0mb
[2020.09.23-19.17.31:303][  0]LogCook: Display: Mobile HDR setting 1
[2020.09.23-19.17.32:021][  0]SourceControl: Source control is disabled
[2020.09.23-19.17.32:021][  0]Cmd: MAP LOAD FILE="../../../../FSM/Finite-State-Machine-in-UE4/FSM/FSM/Content/FirstPersonCPP/Maps/FirstPersonExampleMap.umap" TEMPLATE=0 SHOWPROGRESS=1 FEATURELEVEL=3
[2020.09.23-19.17.32:022][  0]LightingResults: New page: Lighting Build
[2020.09.23-19.17.32:022][  0]LogWorld: UWorld::CleanupWorld for Untitled, bSessionEnded=true, bCleanupResources=true
[2020.09.23-19.17.32:022][  0]LogSlate: InvalidateAllWidgets triggered.  All widgets were invalidated
[2020.09.23-19.17.32:023][  0]MapCheck: New page: Map Check
[2020.09.23-19.17.32:023][  0]LightingResults: New page: Lighting Build
[2020.09.23-19.17.32:056][  0]LogUObjectHash: Compacting FUObjectHashTables data took   2.49ms
[2020.09.23-19.17.32:099][  0]LogTemp: Warning: Bool value is: 0
[2020.09.23-19.17.32:100][  0]LogTemp: Warning: Bool value is: 0
[2020.09.23-19.17.32:102][  0]LogTemp: Warning: Bool value is: 0
[2020.09.23-19.17.32:112][  0]LogTemp: Warning: Bool value is: 0
[2020.09.23-19.17.32:173][  0]LogAIModule: Creating AISystem for world FirstPersonExampleMap
[2020.09.23-19.17.32:180][  0]LogEditorServer: Finished looking for orphan Actors (0.000 secs)
[2020.09.23-19.17.32:220][  0]LogUObjectHash: Compacting FUObjectHashTables data took   3.60ms
[2020.09.23-19.17.32:220][  0]Cmd: MAP CHECKDEP NOCLEARLOG
[2020.09.23-19.17.32:221][  0]MapCheck: Map check complete: 0 Error(s), 0 Warning(s), took 0.169ms to complete.
[2020.09.23-19.17.32:221][  0]LogFileHelpers: Loading map 'FirstPersonExampleMap' took 0.200
[2020.09.23-19.17.32:396][  0]LogSlate: Updating window title bar state: overlay mode, drag disabled, window buttons hidden, title bar hidden
[2020.09.23-19.17.32:404][  0]LogSlate: Updating window title bar state: overlay mode, drag disabled, window buttons hidden, title bar hidden
[2020.09.23-19.17.32:413][  0]LogSlate: Updating window title bar state: overlay mode, drag disabled, window buttons hidden, title bar hidden
[2020.09.23-19.17.32:420][  0]LogSlate: Updating window title bar state: overlay mode, drag disabled, window buttons hidden, title bar hidden
[2020.09.23-19.17.32:425][  0]LogCollectionManager: Loaded 0 collections in 0.000958 seconds
[2020.09.23-19.17.32:444][  0]LogFileCache: Scanning file cache for directory 'E:/FSM/Finite-State-Machine-in-UE4/FSM/FSM/Saved/Collections/' took 0.00s
[2020.09.23-19.17.32:444][  0]LogFileCache: Scanning file cache for directory 'E:/FSM/Finite-State-Machine-in-UE4/FSM/FSM/Content/Developers/MrFab/Collections/' took 0.00s
[2020.09.23-19.17.32:444][  0]LogFileCache: Scanning file cache for directory 'E:/FSM/Finite-State-Machine-in-UE4/FSM/FSM/Content/Collections/' took 0.00s
[2020.09.23-19.17.32:444][  0]LogContentBrowser: Native class hierarchy populated in 0.0126 seconds. Added 3026 classes and 722 folders.
[2020.09.23-19.17.32:447][  0]LogContentBrowser: Native class hierarchy updated for 'WidgetCarousel' in 0.0005 seconds. Added 0 classes and 0 folders.
[2020.09.23-19.17.32:497][  0]LogContentBrowser: Native class hierarchy updated for 'AddContentDialog' in 0.0004 seconds. Added 0 classes and 0 folders.
[2020.09.23-19.17.32:543][  0]LogSlate: Took 0.000274 seconds to synchronously load lazily loaded font '../../../Engine/Content/Slate/Fonts/Roboto-Regular.ttf' (155K)
[2020.09.23-19.17.32:548][  0]LogSlate: Took 0.000261 seconds to synchronously load lazily loaded font '../../../Engine/Content/Slate/Fonts/Roboto-Bold.ttf' (160K)
[2020.09.23-19.17.32:551][  0]LogSlate: Took 0.000219 seconds to synchronously load lazily loaded font '../../../Engine/Content/Editor/Slate/Fonts/FontAwesome.ttf' (139K)
[2020.09.23-19.17.32:623][  0]LogRenderer: Reallocating scene render targets to support 1024x692 Format 9 NumSamples 1 (Frame:1).
[2020.09.23-19.17.32:701][  0]LogSlate: Took 0.000169 seconds to synchronously load lazily loaded font '../../../Engine/Content/Slate/Fonts/Roboto-Light.ttf' (167K)
[2020.09.23-19.17.32:759][  0]LogContentBrowser: Native class hierarchy updated for 'HierarchicalLODOutliner' in 0.0005 seconds. Added 0 classes and 0 folders.
[2020.09.23-19.17.32:759][  0]LogLoad: (Engine Initialization) Total time: 10.24 seconds
[2020.09.23-19.17.32:759][  0]LogLoad: (Engine Initialization) Total Blueprint compile time: 0.00 seconds
[2020.09.23-19.17.32:809][  0]LogAssetRegistry: Asset discovery search completed in 6.8224 seconds
[2020.09.23-19.17.32:814][  0]LogCollectionManager: Fixed up redirectors for 0 collections in 0.000010 seconds (updated 0 objects)
[2020.09.23-19.17.32:816][  0]LogContentStreaming: Texture pool size now 600 MB
[2020.09.23-19.17.38:287][ 92]LogTcpMessaging: Started Connection to '127.0.0.1:6666'
[2020.09.23-19.17.38:880][161]LogSlate: Took 0.000141 seconds to synchronously load lazily loaded font '../../../Engine/Content/Slate/Fonts/Roboto-Light.ttf' (167K)
[2020.09.23-19.17.38:908][161]LogAssetEditorSubsystem: Opening Asset editor for Class /Script/FSM.SwitchOnState
[2020.09.23-19.18.33:318][502]Candidate modules for hot reload:
[2020.09.23-19.18.33:318][502]  FSM
[2020.09.23-19.18.33:318][502]Launching UnrealBuildTool... [E:/UE_4.24/Engine/Binaries/DotNET/UnrealBuildTool.exe  -ModuleWithSuffix=FSM,1264 Win64 Development -TargetType=Editor -Project="E:/FSM/Finite-State-Machine-in-UE4/FSM/FSM/FSM.uproject" "E:/FSM/Finite-State-Machine-in-UE4/FSM/FSM/FSM.uproject"  -IgnoreJunk]
[2020.09.23-19.18.33:320][502]Warning: Starting HotReload took  0.0s.
[2020.09.23-19.19.06:393][406]CompilerResultsLog: New page: Compilation - 24-Sep-2020, 6:19:06 am
[2020.09.23-19.19.06:394][406]CompilerResultsLog: Parsing headers for FSMEditor
[2020.09.23-19.19.06:394][406]CompilerResultsLog:   Running UnrealHeaderTool "E:\FSM\Finite-State-Machine-in-UE4\FSM\FSM\FSM.uproject" "E:\FSM\Finite-State-Machine-in-UE4\FSM\FSM\Intermediate\Build\Win64\FSMEditor\Development\FSMEditor.uhtmanifest" -LogCmds="loginit warning, logexit warning, logdatabase error" -Unattended -WarningsAsErrors -installed
[2020.09.23-19.19.06:394][406]CompilerResultsLog: Reflection code generated for FSMEditor in 8.6441436 seconds
[2020.09.23-19.19.06:394][406]CompilerResultsLog: Building FSMEditor...
[2020.09.23-19.19.06:394][406]CompilerResultsLog: Using Visual Studio 2019 14.27.29111 toolchain (E:\Visual\VC\Tools\MSVC\14.27.29110) and Windows 10.0.16299.0 SDK (C:\Program Files (x86)\Windows Kits\10).
[2020.09.23-19.19.06:394][406]CompilerResultsLog: Building 12 actions with 12 processes...
[2020.09.23-19.19.06:394][406]CompilerResultsLog:   [1/12] MyState.cpp
[2020.09.23-19.19.06:394][406]CompilerResultsLog:   [2/12] SwitchOffState.cpp
[2020.09.23-19.19.06:394][406]CompilerResultsLog:   [3/12] FSM.init.gen.cpp
[2020.09.23-19.19.06:394][406]CompilerResultsLog:   [4/12] SwitchOnState.cpp
[2020.09.23-19.19.06:394][406]CompilerResultsLog:   [5/12] LightBulb.cpp
[2020.09.23-19.19.06:394][406]CompilerResultsLog:   [6/12] MyStateMachineBehaviour.cpp
[2020.09.23-19.19.06:394][406]CompilerResultsLog:   [7/12] SwitchOnState.gen.cpp
[2020.09.23-19.19.06:394][406]CompilerResultsLog:   [8/12] MyState.gen.cpp
[2020.09.23-19.19.06:394][406]CompilerResultsLog:   [9/12] SwitchOffState.gen.cpp
[2020.09.23-19.19.06:394][406]CompilerResultsLog:   [10/12] UE4Editor-FSM-1264.lib
[2020.09.23-19.19.06:394][406]CompilerResultsLog:      Creating library E:\FSM\Finite-State-Machine-in-UE4\FSM\FSM\Intermediate\Build\Win64\UE4Editor\Development\FSM\UE4Editor-FSM-1264.lib and object E:\FSM\Finite-State-Machine-in-UE4\FSM\FSM\Intermediate\Build\Win64\UE4Editor\Development\FSM\UE4Editor-FSM-1264.exp
[2020.09.23-19.19.06:394][406]CompilerResultsLog:   [11/12] UE4Editor-FSM-1264.dll
[2020.09.23-19.19.06:394][406]CompilerResultsLog:      Creating library E:\FSM\Finite-State-Machine-in-UE4\FSM\FSM\Intermediate\Build\Win64\UE4Editor\Development\FSM\UE4Editor-FSM-1264.suppressed.lib and object E:\FSM\Finite-State-Machine-in-UE4\FSM\FSM\Intermediate\Build\Win64\UE4Editor\Development\FSM\UE4Editor-FSM-1264.suppressed.exp
[2020.09.23-19.19.06:394][406]CompilerResultsLog:   [12/12] FSMEditor.target
[2020.09.23-19.19.06:394][406]CompilerResultsLog: Total time in Parallel executor: 23.17 seconds
[2020.09.23-19.19.06:394][406]CompilerResultsLog: Total execution time: 32.90 seconds
[2020.09.23-19.19.06:394][406]LogMainFrame: MainFrame: Module compiling took 33.089 seconds
[2020.09.23-19.19.06:437][406]LogUObjectHash: Compacting FUObjectHashTables data took   0.92ms
[2020.09.23-19.19.06:460][406]LogClass: Could not find existing class MyState in package /Script/FSM for HotReload, assuming new class
[2020.09.23-19.19.06:462][406]LogClass: Could not find existing class SwitchOffState in package /Script/FSM for HotReload, assuming new class
[2020.09.23-19.19.06:463][406]LogClass: Could not find existing class SwitchOnState in package /Script/FSM for HotReload, assuming new class
[2020.09.23-19.19.06:472][406]LogTemp: Warning: Bool value is: 0
[2020.09.23-19.19.06:474][406]LogHotReload: Re-instancing MyState after hot-reload.
[2020.09.23-19.19.06:668][406]LogTemp: Warning: My StateMachine Behaviour Created
[2020.09.23-19.19.06:672][406]LogHotReload: Re-instancing SwitchOffState after hot-reload.
[2020.09.23-19.19.06:844][406]LogHotReload: Re-instancing SwitchOnState after hot-reload.
[2020.09.23-19.19.07:005][406]LogContentBrowser: Native class hierarchy updated for 'FSM' in 0.0006 seconds. Added 9 classes and 2 folders.
[2020.09.23-19.19.07:010][406]Display: HotReload successful (2 functions remapped  0 scriptstructs remapped)
[2020.09.23-19.19.07:101][406]LogUObjectHash: Compacting FUObjectHashTables data took   1.60ms
[2020.09.23-19.19.07:118][406]LogContentBrowser: Native class hierarchy populated in 0.0106 seconds. Added 3026 classes and 722 folders.
[2020.09.23-19.19.07:120][406]Display: HotReload took 33.8s.
[2020.09.23-19.19.11:909][498]LogTemp: Repeating last play command: Selected Viewport
[2020.09.23-19.19.11:927][498]LogBlueprintUserMessages: Early PlayInEditor Detection: Level '/Game/FirstPersonCPP/Maps/FirstPersonExampleMap.FirstPersonExampleMap:PersistentLevel' has LevelScriptBlueprint '/Game/FirstPersonCPP/Maps/FirstPersonExampleMap.FirstPersonExampleMap:PersistentLevel.FirstPersonExampleMap' with GeneratedClass '/Game/FirstPersonCPP/Maps/FirstPersonExampleMap.FirstPersonExampleMap_C' with ClassGeneratedBy '/Game/FirstPersonCPP/Maps/FirstPersonExampleMap.FirstPersonExampleMap:PersistentLevel.FirstPersonExampleMap'
[2020.09.23-19.19.11:936][498]LogPlayLevel: PlayLevel: No blueprints needed recompiling
[2020.09.23-19.19.11:936][498]PIE: New page: PIE session: FirstPersonExampleMap (24-Sep-2020, 6:19:11 am)
[2020.09.23-19.19.11:943][498]LogOnline: OSS: Creating online subsystem instance for: NULL
[2020.09.23-19.19.11:945][498]LogOnline: OSS: TryLoadSubsystemAndSetDefault: Loaded subsystem for module [NULL]
[2020.09.23-19.19.11:949][498]LogPlayLevel: Creating play world package: /Game/FirstPersonCPP/Maps/UEDPIE_0_FirstPersonExampleMap
[2020.09.23-19.19.11:950][498]LogTemp: Warning: Bool value is: 0
[2020.09.23-19.19.11:971][498]LogPlayLevel: PIE: StaticDuplicateObject took: (0.020998s)
[2020.09.23-19.19.11:976][498]LogAIModule: Creating AISystem for world FirstPersonExampleMap
[2020.09.23-19.19.11:977][498]LogPlayLevel: PIE: World Init took: (0.006911s)
[2020.09.23-19.19.11:978][498]LogPlayLevel: PIE: Created PIE world by copying editor world from /Game/FirstPersonCPP/Maps/FirstPersonExampleMap.FirstPersonExampleMap to /Game/FirstPersonCPP/Maps/UEDPIE_0_FirstPersonExampleMap.FirstPersonExampleMap (0.029062s)
[2020.09.23-19.19.12:023][498]LogUObjectHash: Compacting FUObjectHashTables data took   1.69ms
[2020.09.23-19.19.12:028][498]LogAudioMixer: Display: Audio Mixer Platform Settings:
[2020.09.23-19.19.12:028][498]LogAudioMixer: Display: 	Sample Rate:						  48000
[2020.09.23-19.19.12:028][498]LogAudioMixer: Display: 	Callback Buffer Frame Size Requested: 1024
[2020.09.23-19.19.12:028][498]LogAudioMixer: Display: 	Callback Buffer Frame Size To Use:	  1024
[2020.09.23-19.19.12:028][498]LogAudioMixer: Display: 	Number of buffers to queue:			  2
[2020.09.23-19.19.12:028][498]LogAudioMixer: Display: 	Max Channels (voices):				  32
[2020.09.23-19.19.12:028][498]LogAudioMixer: Display: 	Number of Async Source Workers:		  0
[2020.09.23-19.19.12:028][498]LogAudio: Display: AudioDevice MaxSources: 32
[2020.09.23-19.19.12:029][498]LogAudio: Display: Using built-in audio occlusion.
[2020.09.23-19.19.12:029][498]LogAudioMixer: Display: Initializing audio mixer.
[2020.09.23-19.19.12:037][498]LogAudioMixer: Display: Audio Device Output Speaker Info:
[2020.09.23-19.19.12:037][498]LogAudioMixer: Display: Name: Speakers (4- USB Audio Device)
[2020.09.23-19.19.12:037][498]LogAudioMixer: Display: Is Default: Yes
[2020.09.23-19.19.12:037][498]LogAudioMixer: Display: Sample Rate: 48000
[2020.09.23-19.19.12:037][498]LogAudioMixer: Display: Channel Count Used: 2
[2020.09.23-19.19.12:037][498]LogAudioMixer: Display: Device Channel Count: 2
[2020.09.23-19.19.12:037][498]LogAudioMixer: Display: Channel Order:
[2020.09.23-19.19.12:038][498]LogAudioMixer: Display: 0: FrontLeft
[2020.09.23-19.19.12:038][498]LogAudioMixer: Display: 1: FrontRight
[2020.09.23-19.19.12:047][498]LogAudioMixer: Display: Using Audio Device Speakers (4- USB Audio Device)
[2020.09.23-19.19.12:049][498]LogInit: FAudioDevice initialized.
[2020.09.23-19.19.12:063][498]LogLoad: Game class is 'FSMGameMode'
[2020.09.23-19.19.12:090][498]LogWorld: Bringing World /Game/FirstPersonCPP/Maps/UEDPIE_0_FirstPersonExampleMap.FirstPersonExampleMap up for play (max tick rate 0) at 2020.09.24-00.49.12
[2020.09.23-19.19.12:096][498]LogWorld: Bringing up level for play took: 0.009092
[2020.09.23-19.19.12:097][498]LogOnline: OSS: Creating online subsystem instance for: :Context_1
[2020.09.23-19.19.12:166][498]LogContentBrowser: Native class hierarchy updated for 'MovieSceneCapture' in 0.0006 seconds. Added 20 classes and 0 folders.
[2020.09.23-19.19.12:167][498]LogTemp: Warning: My StateMachine Behaviour Created
[2020.09.23-19.19.12:167][498]LogTemp: Warning: Enter_State
[2020.09.23-19.19.12:167][498]LogTemp: Warning:  Switch OFF Enter_State
[2020.09.23-19.19.12:167][498]LogTemp: Warning: OFF
[2020.09.23-19.19.12:171][498]PIE: Play in editor start time for /Game/FirstPersonCPP/Maps/UEDPIE_0_FirstPersonExampleMap 0.793
[2020.09.23-19.19.12:171][498]LogBlueprintUserMessages: Late PlayInEditor Detection: Level '/Game/FirstPersonCPP/Maps/FirstPersonExampleMap.FirstPersonExampleMap:PersistentLevel' has LevelScriptBlueprint '/Game/FirstPersonCPP/Maps/FirstPersonExampleMap.FirstPersonExampleMap:PersistentLevel.FirstPersonExampleMap' with GeneratedClass '/Game/FirstPersonCPP/Maps/FirstPersonExampleMap.FirstPersonExampleMap_C' with ClassGeneratedBy '/Game/FirstPersonCPP/Maps/FirstPersonExampleMap.FirstPersonExampleMap:PersistentLevel.FirstPersonExampleMap'
[2020.09.23-19.19.14:257][733]LogTemp: Warning: Exit_State
[2020.09.23-19.19.14:257][733]LogTemp: Warning:  Switch OFF Exit_State
[2020.09.23-19.19.14:257][733]LogTemp: Warning: Enter_State
[2020.09.23-19.19.14:257][733]LogTemp: Warning:  Switch OFF Enter_State
[2020.09.23-19.19.14:257][733]LogTemp: Warning: OFF
[2020.09.23-19.19.14:860][805]LogTemp: Warning: Exit_State
[2020.09.23-19.19.14:860][805]LogTemp: Warning:  Switch OFF Exit_State
[2020.09.23-19.19.14:860][805]LogTemp: Warning: Enter_State
[2020.09.23-19.19.14:860][805]LogTemp: Warning:  Switch ON Enter_State
[2020.09.23-19.19.14:860][805]LogTemp: Warning: ON
[2020.09.23-19.19.15:538][886]LogTemp: Warning: Exit_State
[2020.09.23-19.19.15:538][886]LogTemp: Warning:  Switch ON Exit_State
[2020.09.23-19.19.15:538][886]LogTemp: Warning: Enter_State
[2020.09.23-19.19.15:538][886]LogTemp: Warning:  Switch OFF Enter_State
[2020.09.23-19.19.15:538][886]LogTemp: Warning: OFF
[2020.09.23-19.19.15:946][935]LogTemp: Warning: Exit_State
[2020.09.23-19.19.15:946][935]LogTemp: Warning:  Switch OFF Exit_State
[2020.09.23-19.19.15:946][935]LogTemp: Warning: Enter_State
[2020.09.23-19.19.15:946][935]LogTemp: Warning:  Switch ON Enter_State
[2020.09.23-19.19.15:946][935]LogTemp: Warning: ON
[2020.09.23-19.19.17:633][132]LogSlate: Took 0.001355 seconds to synchronously load lazily loaded font '../../../Engine/Content/Slate/Fonts/DroidSansMono.ttf' (77K)
[2020.09.23-19.19.19:565][353]LogAudioMixer: Display: No commands were queued while flushing the source manager.
[2020.09.23-19.19.19:565][353]LogAudioMixer: Display: No commands were queued while flushing the source manager.
[2020.09.23-19.19.19:566][353]LogBlueprintUserMessages: Early EndPlayMap Detection: Level '/Game/FirstPersonCPP/Maps/FirstPersonExampleMap.FirstPersonExampleMap:PersistentLevel' has LevelScriptBlueprint '/Game/FirstPersonCPP/Maps/FirstPersonExampleMap.FirstPersonExampleMap:PersistentLevel.FirstPersonExampleMap' with GeneratedClass '/Game/FirstPersonCPP/Maps/FirstPersonExampleMap.FirstPersonExampleMap_C' with ClassGeneratedBy '/Game/FirstPersonCPP/Maps/FirstPersonExampleMap.FirstPersonExampleMap:PersistentLevel.FirstPersonExampleMap'
[2020.09.23-19.19.19:568][353]LogSlate: Updating window title bar state: overlay mode, drag disabled, window buttons hidden, title bar hidden
[2020.09.23-19.19.19:568][353]LogWorld: BeginTearingDown for /Game/FirstPersonCPP/Maps/UEDPIE_0_FirstPersonExampleMap
[2020.09.23-19.19.19:569][353]LogAudioMixer: Display: No commands were queued while flushing the source manager.
[2020.09.23-19.19.19:569][353]LogWorld: UWorld::CleanupWorld for FirstPersonExampleMap, bSessionEnded=true, bCleanupResources=true
[2020.09.23-19.19.19:571][353]LogSlate: InvalidateAllWidgets triggered.  All widgets were invalidated
[2020.09.23-19.19.19:578][353]LogPlayLevel: Display: Shutting down PIE online subsystems
[2020.09.23-19.19.19:578][353]LogBlueprintUserMessages: Late EndPlayMap Detection: Level '/Game/FirstPersonCPP/Maps/FirstPersonExampleMap.FirstPersonExampleMap:PersistentLevel' has LevelScriptBlueprint '/Game/FirstPersonCPP/Maps/FirstPersonExampleMap.FirstPersonExampleMap:PersistentLevel.FirstPersonExampleMap' with GeneratedClass '/Game/FirstPersonCPP/Maps/FirstPersonExampleMap.FirstPersonExampleMap_C' with ClassGeneratedBy '/Game/FirstPersonCPP/Maps/FirstPersonExampleMap.FirstPersonExampleMap:PersistentLevel.FirstPersonExampleMap'
[2020.09.23-19.19.19:583][353]LogSlate: InvalidateAllWidgets triggered.  All widgets were invalidated
[2020.09.23-19.19.19:623][353]LogAudioMixer: Display: No commands were queued while flushing the source manager.
[2020.09.23-19.19.19:627][353]LogSlate: Updating window title bar state: overlay mode, drag disabled, window buttons hidden, title bar hidden
[2020.09.23-19.19.19:632][353]LogUObjectHash: Compacting FUObjectHashTables data took   1.90ms
[2020.09.23-19.19.19:677][355]LogPlayLevel: Display: Destroying online subsystem :Context_1
[2020.09.23-19.19.20:267][413]LogUObjectHash: Compacting FUObjectHashTables data took   0.84ms
[2020.09.23-19.19.20:471][413]LogSavePackage: Moving '../../../../FSM/Finite-State-Machine-in-UE4/FSM/FSM/Saved/FirstPersonExampleMap71C4824E4795B69FF5FAA893CF345931.tmp' to '../../../../FSM/Finite-State-Machine-in-UE4/FSM/FSM/Content/FirstPersonCPP/Maps/FirstPersonExampleMap.umap'
[2020.09.23-19.19.21:609][413]LogSavePackage: Moving '../../../../FSM/Finite-State-Machine-in-UE4/FSM/FSM/Saved/FirstPersonExampleMap_BuiltDataC992659648162F0D7B0823A1AECC5FFE.tmp' to '../../../../FSM/Finite-State-Machine-in-UE4/FSM/FSM/Content/FirstPersonCPP/Maps/FirstPersonExampleMap_BuiltData.uasset'
[2020.09.23-19.19.21:637][413]AssetCheck: New page: Asset Save: multiple assets
[2020.09.23-19.19.21:637][413]LogContentValidation: Display: Validating World /Game/FirstPersonCPP/Maps/FirstPersonExampleMap.FirstPersonExampleMap
[2020.09.23-19.19.21:638][413]LogContentValidation: Display: Validating MapBuildDataRegistry /Game/FirstPersonCPP/Maps/FirstPersonExampleMap_BuiltData.FirstPersonExampleMap_BuiltData
[2020.09.23-19.21.26:580][906]Candidate modules for hot reload:
[2020.09.23-19.21.26:580][906]  FSM
[2020.09.23-19.21.26:580][906]Launching UnrealBuildTool... [E:/UE_4.24/Engine/Binaries/DotNET/UnrealBuildTool.exe  -ModuleWithSuffix=FSM,9795 Win64 Development -TargetType=Editor -Project="E:/FSM/Finite-State-Machine-in-UE4/FSM/FSM/FSM.uproject" "E:/FSM/Finite-State-Machine-in-UE4/FSM/FSM/FSM.uproject"  -IgnoreJunk]
[2020.09.23-19.21.26:582][906]Warning: Starting HotReload took  0.0s.
[2020.09.23-19.21.36:755][977]CompilerResultsLog: New page: Compilation - 24-Sep-2020, 6:21:36 am
[2020.09.23-19.21.36:755][977]CompilerResultsLog: Parsing headers for FSMEditor
[2020.09.23-19.21.36:755][977]CompilerResultsLog:   Running UnrealHeaderTool "E:\FSM\Finite-State-Machine-in-UE4\FSM\FSM\FSM.uproject" "E:\FSM\Finite-State-Machine-in-UE4\FSM\FSM\Intermediate\Build\Win64\FSMEditor\Development\FSMEditor.uhtmanifest" -LogCmds="loginit warning, logexit warning, logdatabase error" -Unattended -WarningsAsErrors -installed
[2020.09.23-19.21.36:755][977]CompilerResultsLog: Reflection code generated for FSMEditor in 7.1137126 seconds
[2020.09.23-19.21.36:756][977]CompilerResultsLog: Building FSMEditor...
[2020.09.23-19.21.36:756][977]CompilerResultsLog: Using Visual Studio 2019 14.27.29111 toolchain (E:\Visual\VC\Tools\MSVC\14.27.29110) and Windows 10.0.16299.0 SDK (C:\Program Files (x86)\Windows Kits\10).
[2020.09.23-19.21.36:756][977]CompilerResultsLog: Building 12 actions with 12 processes...
[2020.09.23-19.21.36:756][977]CompilerResultsLog:   [1/12] MyState.cpp
[2020.09.23-19.21.36:756][977]CompilerResultsLog:   [2/12] MyStateMachineBehaviour.cpp
[2020.09.23-19.21.36:756][977]CompilerResultsLog:   [3/12] FSM.init.gen.cpp
[2020.09.23-19.21.36:756][977]CompilerResultsLog:   [4/12] MyState.gen.cpp
[2020.09.23-19.21.36:756][977]CompilerResultsLog:   [5/12] SwitchOnState.gen.cpp
[2020.09.23-19.21.36:756][977]CompilerResultsLog:   [6/12] LightBulb.cpp
[2020.09.23-19.21.36:756][977]CompilerResultsLog:   [7/12] SwitchOnState.cpp
[2020.09.23-19.21.36:756][977]CompilerResultsLog:   [8/12] SwitchOffState.cpp
[2020.09.23-19.21.36:756][977]CompilerResultsLog:   [9/12] SwitchOffState.gen.cpp
[2020.09.23-19.21.36:756][977]CompilerResultsLog:   [10/12] UE4Editor-FSM-9795.lib
[2020.09.23-19.21.36:756][977]CompilerResultsLog:      Creating library E:\FSM\Finite-State-Machine-in-UE4\FSM\FSM\Intermediate\Build\Win64\UE4Editor\Development\FSM\UE4Editor-FSM-9795.lib and object E:\FSM\Finite-State-Machine-in-UE4\FSM\FSM\Intermediate\Build\Win64\UE4Editor\Development\FSM\UE4Editor-FSM-9795.exp
[2020.09.23-19.21.36:756][977]CompilerResultsLog:   [11/12] UE4Editor-FSM-9795.dll
[2020.09.23-19.21.36:756][977]CompilerResultsLog:      Creating library E:\FSM\Finite-State-Machine-in-UE4\FSM\FSM\Intermediate\Build\Win64\UE4Editor\Development\FSM\UE4Editor-FSM-9795.suppressed.lib and object E:\FSM\Finite-State-Machine-in-UE4\FSM\FSM\Intermediate\Build\Win64\UE4Editor\Development\FSM\UE4Editor-FSM-9795.suppressed.exp
[2020.09.23-19.21.36:756][977]CompilerResultsLog:   [12/12] FSMEditor.target
[2020.09.23-19.21.36:756][977]CompilerResultsLog: Total time in Parallel executor: 1.92 seconds
[2020.09.23-19.21.36:756][977]CompilerResultsLog: Total execution time: 10.03 seconds
[2020.09.23-19.21.36:756][977]LogMainFrame: MainFrame: Module compiling took 10.181 seconds
[2020.09.23-19.21.36:801][977]LogUObjectHash: Compacting FUObjectHashTables data took   3.98ms
[2020.09.23-19.21.36:824][977]LogClass: Could not find existing class MyState in package /Script/FSM for HotReload, assuming new class
[2020.09.23-19.21.36:826][977]LogClass: Could not find existing class SwitchOffState in package /Script/FSM for HotReload, assuming new class
[2020.09.23-19.21.36:827][977]LogClass: Could not find existing class SwitchOnState in package /Script/FSM for HotReload, assuming new class
[2020.09.23-19.21.36:840][977]LogTemp: Warning: Bool value is: 0
[2020.09.23-19.21.36:846][977]LogHotReload: Re-instancing MyState after hot-reload.
[2020.09.23-19.21.37:025][977]LogTemp: Warning: My StateMachine Behaviour Created
[2020.09.23-19.21.37:028][977]LogHotReload: Re-instancing SwitchOffState after hot-reload.
[2020.09.23-19.21.37:201][977]LogHotReload: Re-instancing SwitchOnState after hot-reload.
[2020.09.23-19.21.37:343][977]LogContentBrowser: Native class hierarchy updated for 'FSM' in 0.0005 seconds. Added 9 classes and 2 folders.
[2020.09.23-19.21.37:347][977]Display: HotReload successful (2 functions remapped  0 scriptstructs remapped)
[2020.09.23-19.21.37:442][977]LogUObjectHash: Compacting FUObjectHashTables data took   1.69ms
[2020.09.23-19.21.37:462][977]LogContentBrowser: Native class hierarchy populated in 0.0129 seconds. Added 3026 classes and 722 folders.
[2020.09.23-19.21.37:462][977]Display: HotReload took 10.9s.
[2020.09.23-19.21.40:516][ 59]LogTemp: Repeating last play command: Selected Viewport
[2020.09.23-19.21.40:526][ 59]LogBlueprintUserMessages: Early PlayInEditor Detection: Level '/Game/FirstPersonCPP/Maps/FirstPersonExampleMap.FirstPersonExampleMap:PersistentLevel' has LevelScriptBlueprint '/Game/FirstPersonCPP/Maps/FirstPersonExampleMap.FirstPersonExampleMap:PersistentLevel.FirstPersonExampleMap' with GeneratedClass '/Game/FirstPersonCPP/Maps/FirstPersonExampleMap.FirstPersonExampleMap_C' with ClassGeneratedBy '/Game/FirstPersonCPP/Maps/FirstPersonExampleMap.FirstPersonExampleMap:PersistentLevel.FirstPersonExampleMap'
[2020.09.23-19.21.40:526][ 59]LogPlayLevel: PlayLevel: No blueprints needed recompiling
[2020.09.23-19.21.40:526][ 59]PIE: New page: PIE session: FirstPersonExampleMap (24-Sep-2020, 6:21:40 am)
[2020.09.23-19.21.40:527][ 59]LogPlayLevel: Creating play world package: /Game/FirstPersonCPP/Maps/UEDPIE_0_FirstPersonExampleMap
[2020.09.23-19.21.40:527][ 59]LogTemp: Warning: Bool value is: 0
[2020.09.23-19.21.40:542][ 59]LogPlayLevel: PIE: StaticDuplicateObject took: (0.014784s)
[2020.09.23-19.21.40:543][ 59]LogAIModule: Creating AISystem for world FirstPersonExampleMap
[2020.09.23-19.21.40:543][ 59]LogPlayLevel: PIE: World Init took: (0.001464s)
[2020.09.23-19.21.40:543][ 59]LogPlayLevel: PIE: Created PIE world by copying editor world from /Game/FirstPersonCPP/Maps/FirstPersonExampleMap.FirstPersonExampleMap to /Game/FirstPersonCPP/Maps/UEDPIE_0_FirstPersonExampleMap.FirstPersonExampleMap (0.016439s)
[2020.09.23-19.21.40:586][ 59]LogUObjectHash: Compacting FUObjectHashTables data took   1.68ms
[2020.09.23-19.21.40:588][ 59]LogAudioMixer: Display: Audio Mixer Platform Settings:
[2020.09.23-19.21.40:588][ 59]LogAudioMixer: Display: 	Sample Rate:						  48000
[2020.09.23-19.21.40:588][ 59]LogAudioMixer: Display: 	Callback Buffer Frame Size Requested: 1024
[2020.09.23-19.21.40:588][ 59]LogAudioMixer: Display: 	Callback Buffer Frame Size To Use:	  1024
[2020.09.23-19.21.40:588][ 59]LogAudioMixer: Display: 	Number of buffers to queue:			  2
[2020.09.23-19.21.40:588][ 59]LogAudioMixer: Display: 	Max Channels (voices):				  32
[2020.09.23-19.21.40:588][ 59]LogAudioMixer: Display: 	Number of Async Source Workers:		  0
[2020.09.23-19.21.40:588][ 59]LogAudio: Display: AudioDevice MaxSources: 32
[2020.09.23-19.21.40:589][ 59]LogAudio: Display: Using built-in audio occlusion.
[2020.09.23-19.21.40:589][ 59]LogAudioMixer: Display: Initializing audio mixer.
[2020.09.23-19.21.40:601][ 59]LogAudioMixer: Display: Audio Device Output Speaker Info:
[2020.09.23-19.21.40:601][ 59]LogAudioMixer: Display: Name: Speakers (4- USB Audio Device)
[2020.09.23-19.21.40:601][ 59]LogAudioMixer: Display: Is Default: Yes
[2020.09.23-19.21.40:601][ 59]LogAudioMixer: Display: Sample Rate: 48000
[2020.09.23-19.21.40:601][ 59]LogAudioMixer: Display: Channel Count Used: 2
[2020.09.23-19.21.40:601][ 59]LogAudioMixer: Display: Device Channel Count: 2
[2020.09.23-19.21.40:601][ 59]LogAudioMixer: Display: Channel Order:
[2020.09.23-19.21.40:601][ 59]LogAudioMixer: Display: 0: FrontLeft
[2020.09.23-19.21.40:601][ 59]LogAudioMixer: Display: 1: FrontRight
[2020.09.23-19.21.40:612][ 59]LogAudioMixer: Display: Using Audio Device Speakers (4- USB Audio Device)
[2020.09.23-19.21.40:614][ 59]LogInit: FAudioDevice initialized.
[2020.09.23-19.21.40:627][ 59]LogLoad: Game class is 'FSMGameMode'
[2020.09.23-19.21.40:630][ 59]LogWorld: Bringing World /Game/FirstPersonCPP/Maps/UEDPIE_0_FirstPersonExampleMap.FirstPersonExampleMap up for play (max tick rate 0) at 2020.09.24-00.51.40
[2020.09.23-19.21.40:630][ 59]LogWorld: Bringing up level for play took: 0.002264
[2020.09.23-19.21.40:630][ 59]LogOnline: OSS: Creating online subsystem instance for: :Context_2
[2020.09.23-19.21.40:632][ 59]LogTemp: Warning: My StateMachine Behaviour Created
[2020.09.23-19.21.40:632][ 59]LogTemp: Warning: Enter_State
[2020.09.23-19.21.40:632][ 59]LogTemp: Warning:  Switch OFF Enter_State
[2020.09.23-19.21.40:632][ 59]LogTemp: Warning: OFF
[2020.09.23-19.21.40:633][ 59]PIE: Play in editor start time for /Game/FirstPersonCPP/Maps/UEDPIE_0_FirstPersonExampleMap -0.745
[2020.09.23-19.21.40:633][ 59]LogBlueprintUserMessages: Late PlayInEditor Detection: Level '/Game/FirstPersonCPP/Maps/FirstPersonExampleMap.FirstPersonExampleMap:PersistentLevel' has LevelScriptBlueprint '/Game/FirstPersonCPP/Maps/FirstPersonExampleMap.FirstPersonExampleMap:PersistentLevel.FirstPersonExampleMap' with GeneratedClass '/Game/FirstPersonCPP/Maps/FirstPersonExampleMap.FirstPersonExampleMap_C' with ClassGeneratedBy '/Game/FirstPersonCPP/Maps/FirstPersonExampleMap.FirstPersonExampleMap:PersistentLevel.FirstPersonExampleMap'
[2020.09.23-19.21.41:639][175]LogTemp: Warning: Exit_State
[2020.09.23-19.21.41:639][175]LogTemp: Warning:  Switch OFF Exit_State
[2020.09.23-19.21.41:639][175]LogTemp: Warning: Enter_State
[2020.09.23-19.21.41:639][175]LogTemp: Warning:  Switch OFF Enter_State
[2020.09.23-19.21.41:639][175]LogTemp: Warning: OFF
[2020.09.23-19.21.41:930][210]LogTemp: Warning: Exit_State
[2020.09.23-19.21.41:930][210]LogTemp: Warning:  Switch OFF Exit_State
[2020.09.23-19.21.41:930][210]LogTemp: Warning: Enter_State
[2020.09.23-19.21.41:930][210]LogTemp: Warning:  Switch ON Enter_State
[2020.09.23-19.21.41:930][210]LogTemp: Warning: ON
[2020.09.23-19.21.42:509][279]LogAudioMixer: Display: No commands were queued while flushing the source manager.
[2020.09.23-19.21.42:529][279]LogAudioMixer: Display: Flush succeeded in the source manager command queue (1).
[2020.09.23-19.21.42:559][279]LogAudioMixer: Display: Flush succeeded the source manager command queue (2).
[2020.09.23-19.21.42:559][279]LogBlueprintUserMessages: Early EndPlayMap Detection: Level '/Game/FirstPersonCPP/Maps/FirstPersonExampleMap.FirstPersonExampleMap:PersistentLevel' has LevelScriptBlueprint '/Game/FirstPersonCPP/Maps/FirstPersonExampleMap.FirstPersonExampleMap:PersistentLevel.FirstPersonExampleMap' with GeneratedClass '/Game/FirstPersonCPP/Maps/FirstPersonExampleMap.FirstPersonExampleMap_C' with ClassGeneratedBy '/Game/FirstPersonCPP/Maps/FirstPersonExampleMap.FirstPersonExampleMap:PersistentLevel.FirstPersonExampleMap'
[2020.09.23-19.21.42:559][279]LogSlate: Updating window title bar state: overlay mode, drag disabled, window buttons hidden, title bar hidden
[2020.09.23-19.21.42:559][279]LogWorld: BeginTearingDown for /Game/FirstPersonCPP/Maps/UEDPIE_0_FirstPersonExampleMap
[2020.09.23-19.21.42:559][279]LogAudioMixer: Display: No commands were queued while flushing the source manager.
[2020.09.23-19.21.42:559][279]LogWorld: UWorld::CleanupWorld for FirstPersonExampleMap, bSessionEnded=true, bCleanupResources=true
[2020.09.23-19.21.42:560][279]LogSlate: InvalidateAllWidgets triggered.  All widgets were invalidated
[2020.09.23-19.21.42:570][279]LogPlayLevel: Display: Shutting down PIE online subsystems
[2020.09.23-19.21.42:570][279]LogBlueprintUserMessages: Late EndPlayMap Detection: Level '/Game/FirstPersonCPP/Maps/FirstPersonExampleMap.FirstPersonExampleMap:PersistentLevel' has LevelScriptBlueprint '/Game/FirstPersonCPP/Maps/FirstPersonExampleMap.FirstPersonExampleMap:PersistentLevel.FirstPersonExampleMap' with GeneratedClass '/Game/FirstPersonCPP/Maps/FirstPersonExampleMap.FirstPersonExampleMap_C' with ClassGeneratedBy '/Game/FirstPersonCPP/Maps/FirstPersonExampleMap.FirstPersonExampleMap:PersistentLevel.FirstPersonExampleMap'
[2020.09.23-19.21.42:575][279]LogSlate: InvalidateAllWidgets triggered.  All widgets were invalidated
[2020.09.23-19.21.42:619][279]LogAudioMixer: Display: No commands were queued while flushing the source manager.
[2020.09.23-19.21.42:623][279]LogSlate: Updating window title bar state: overlay mode, drag disabled, window buttons hidden, title bar hidden
[2020.09.23-19.21.42:626][279]LogUObjectHash: Compacting FUObjectHashTables data took   1.74ms
[2020.09.23-19.21.42:652][280]LogPlayLevel: Display: Destroying online subsystem :Context_2
