Log file open, 09/23/20 15:47:57
LogWindows: Failed to load 'aqProf.dll' (GetLastError=126)
LogWindows: File 'aqProf.dll' does not exist
LogWindows: Failed to load 'VtuneApi.dll' (GetLastError=126)
LogWindows: File 'VtuneApi.dll' does not exist
LogWindows: Failed to load 'VtuneApi32e.dll' (GetLastError=126)
LogWindows: File 'VtuneApi32e.dll' does not exist
LogConsoleResponse: Display: Failed to find resolution value strings in scalability ini. Falling back to default.
LogInit: Display: Running engine for game: FSM
LogPlatformFile: Not using cached read wrapper
LogTaskGraph: Started task graph with 5 named threads and 35 total threads with 3 sets of task threads.
LogStats: Stats thread started at 0.102198
LogD3D11RHI: Loaded GFSDK_Aftermath_Lib.x64.dll
LogICUInternationalization: ICU TimeZone Detection - Raw Offset: +5:30, Platform Override: ''
LogPluginManager: Mounting plugin Paper2D
LogPluginManager: Mounting plugin AISupport
LogPluginManager: Mounting plugin LightPropagationVolume
LogPluginManager: Mounting plugin ActorLayerUtilities
LogPluginManager: Mounting plugin AnimationSharing
LogPluginManager: Mounting plugin CLionSourceCodeAccess
LogPluginManager: Mounting plugin CodeLiteSourceCodeAccess
LogPluginManager: Mounting plugin GitSourceControl
LogPluginManager: Mounting plugin KDevelopSourceCodeAccess
LogPluginManager: Mounting plugin NullSourceCodeAccess
LogPluginManager: Mounting plugin PerforceSourceControl
LogPluginManager: Mounting plugin PlasticSourceControl
LogPluginManager: Mounting plugin RiderLink
LogPluginManager: Mounting plugin SubversionSourceControl
LogPluginManager: Mounting plugin UObjectPlugin
LogPluginManager: Mounting plugin VisualStudioCodeSourceCodeAccess
LogPluginManager: Mounting plugin VisualStudioSourceCodeAccess
LogPluginManager: Mounting plugin XCodeSourceCodeAccess
LogPluginManager: Mounting plugin AssetManagerEditor
LogPluginManager: Mounting plugin CryptoKeys
LogPluginManager: Mounting plugin CurveEditorTools
LogPluginManager: Mounting plugin DataValidation
LogPluginManager: Mounting plugin FacialAnimation
LogPluginManager: Mounting plugin GameplayTagsEditor
LogPluginManager: Mounting plugin MacGraphicsSwitching
LogPluginManager: Mounting plugin MaterialAnalyzer
LogPluginManager: Mounting plugin MobileLauncherProfileWizard
LogPluginManager: Mounting plugin PluginBrowser
LogPluginManager: Mounting plugin SpeedTreeImporter
LogPluginManager: Mounting plugin DatasmithContent
LogPluginManager: Mounting plugin VariantManagerContent
LogPluginManager: Mounting plugin AlembicImporter
LogPluginManager: Mounting plugin AutomationUtils
LogPluginManager: Mounting plugin BackChannel
LogPluginManager: Mounting plugin CharacterAI
LogPluginManager: Mounting plugin GeometryCache
LogPluginManager: Mounting plugin PlatformCrypto
LogPluginManager: Mounting plugin ProxyLODPlugin
LogPluginManager: Mounting plugin SkeletalReduction
LogPluginManager: Mounting plugin MagicLeap
LogPluginManager: Mounting plugin MagicLeapMedia
LogPluginManager: Mounting plugin MLSDK
LogPluginManager: Mounting plugin RiderSourceCodeAccess
LogPluginManager: Mounting plugin AndroidMedia
LogPluginManager: Mounting plugin AvfMedia
LogPluginManager: Mounting plugin ImgMedia
LogPluginManager: Mounting plugin MediaCompositing
LogPluginManager: Mounting plugin MediaPlayerEditor
LogPluginManager: Mounting plugin WebMMedia
LogPluginManager: Mounting plugin WmfMedia
LogPluginManager: Mounting plugin TcpMessaging
LogPluginManager: Mounting plugin UdpMessaging
LogPluginManager: Mounting plugin ActorSequence
LogPluginManager: Mounting plugin LevelSequenceEditor
LogPluginManager: Mounting plugin MatineeToLevelSequence
LogPluginManager: Mounting plugin NetcodeUnitTest
LogPluginManager: Mounting plugin NUTUnrealEngine4
LogPluginManager: Mounting plugin OnlineSubsystemGooglePlay
LogPluginManager: Mounting plugin OnlineSubsystemIOS
LogPluginManager: Mounting plugin OnlineSubsystem
LogPluginManager: Mounting plugin OnlineSubsystemNull
LogPluginManager: Mounting plugin OnlineSubsystemUtils
LogPluginManager: Mounting plugin LauncherChunkInstaller
LogPluginManager: Mounting plugin AndroidDeviceProfileSelector
LogPluginManager: Mounting plugin AndroidMoviePlayer
LogPluginManager: Mounting plugin AndroidPermission
LogPluginManager: Mounting plugin AppleImageUtils
LogPluginManager: Mounting plugin AppleMoviePlayer
LogPluginManager: Mounting plugin ArchVisCharacter
LogPluginManager: Mounting plugin AssetTags
LogPluginManager: Mounting plugin AudioCapture
LogPluginManager: Mounting plugin CableComponent
LogPluginManager: Mounting plugin CustomMeshComponent
LogPluginManager: Mounting plugin EditableMesh
LogPluginManager: Mounting plugin ExampleDeviceProfileSelector
LogPluginManager: Mounting plugin GoogleCloudMessaging
LogPluginManager: Mounting plugin IOSDeviceProfileSelector
LogPluginManager: Mounting plugin LinuxDeviceProfileSelector
LogPluginManager: Mounting plugin LocationServicesBPLibrary
LogPluginManager: Mounting plugin MobilePatchingUtils
LogPluginManager: Mounting plugin OculusVR
LogPluginManager: Mounting plugin PhysXVehicles
LogPluginManager: Mounting plugin PostSplashScreen
LogPluginManager: Mounting plugin ProceduralMeshComponent
LogPluginManager: Mounting plugin RuntimePhysXCooking
LogPluginManager: Mounting plugin SignificanceManager
LogPluginManager: Mounting plugin SteamVR
LogPluginManager: Mounting plugin WebMMoviePlayer
LogPluginManager: Mounting plugin WindowsMoviePlayer
LogPluginManager: Mounting plugin ScreenshotTools
LogInit: Using libcurl 7.55.1-DEV
LogInit:  - built for x86_64-pc-win32
LogInit:  - supports SSL with OpenSSL/1.1.1
LogInit:  - supports HTTP deflate (compression) using libz 1.2.8
LogInit:  - other features:
LogInit:      CURL_VERSION_SSL
LogInit:      CURL_VERSION_LIBZ
LogInit:      CURL_VERSION_IPV6
LogInit:      CURL_VERSION_ASYNCHDNS
LogInit:      CURL_VERSION_LARGEFILE
LogInit:      CURL_VERSION_IDN
LogInit:  CurlRequestOptions (configurable via config and command line):
LogInit:  - bVerifyPeer = true  - Libcurl will verify peer certificate
LogInit:  - bUseHttpProxy = false  - Libcurl will NOT use HTTP proxy
LogInit:  - bDontReuseConnections = false  - Libcurl will reuse connections
LogInit:  - MaxHostConnections = 16  - Libcurl will limit the number of connections to a host
LogInit:  - LocalHostAddr = Default
LogInit:  - BufferSize = 65536
LogOnline: OSS: Creating online subsystem instance for: NULL
LogInit: WinSock: version 1.1 (2.2), MaxSocks=32767, MaxUdp=65467
LogOnline: OSS: TryLoadSubsystemAndSetDefault: Loaded subsystem for module [NULL]
LogInit: Build: ++UE4+Release-4.24-CL-11590370
LogInit: Engine Version: 4.24.3-11590370+++UE4+Release-4.24
LogInit: Compatible Engine Version: 4.24.0-10570792+++UE4+Release-4.24
LogInit: Net CL: 10570792
LogInit: OS: Windows 10 (Release 1809) (), CPU: AMD Ryzen 5 1600 Six-Core Processor            , GPU: NVIDIA GeForce GTX 1060 6GB
LogInit: Compiled (64-bit): Feb 24 2020 15:39:18
LogInit: Compiled with Visual C++: 19.16.27032.01
LogInit: Build Configuration: Development
LogInit: Branch Name: ++UE4+Release-4.24
LogInit: Command Line: 
LogInit: Base Directory: E:/UE_4.24/Engine/Binaries/Win64/
LogInit: Installed Engine Build: 1
LogDevObjectVersion: Number of dev versions registered: 25
LogDevObjectVersion:   Dev-Blueprints (B0D832E4-1F89-4F0D-ACCF-7EB736FD4AA2): 10
LogDevObjectVersion:   Dev-Build (E1C64328-A22C-4D53-A36C-8E866417BD8C): 0
LogDevObjectVersion:   Dev-Core (375EC13C-06E4-48FB-B500-84F0262A717E): 3
LogDevObjectVersion:   Dev-Editor (E4B068ED-F494-42E9-A231-DA0B2E46BB41): 37
LogDevObjectVersion:   Dev-Framework (CFFC743F-43B0-4480-9391-14DF171D2073): 36
LogDevObjectVersion:   Dev-Mobile (B02B49B5-BB20-44E9-A304-32B752E40360): 2
LogDevObjectVersion:   Dev-Networking (A4E4105C-59A1-49B5-A7C5-40C4547EDFEE): 0
LogDevObjectVersion:   Dev-Online (39C831C9-5AE6-47DC-9A44-9C173E1C8E7C): 0
LogDevObjectVersion:   Dev-Physics (78F01B33-EBEA-4F98-B9B4-84EACCB95AA2): 2
LogDevObjectVersion:   Dev-Platform (6631380F-2D4D-43E0-8009-CF276956A95A): 0
LogDevObjectVersion:   Dev-Rendering (12F88B9F-8875-4AFC-A67C-D90C383ABD29): 36
LogDevObjectVersion:   Dev-Sequencer (7B5AE74C-D270-4C10-A958-57980B212A5A): 11
LogDevObjectVersion:   Dev-VR (D7296918-1DD6-4BDD-9DE2-64A83CC13884): 2
LogDevObjectVersion:   Dev-LoadTimes (C2A15278-BFE7-4AFE-6C17-90FF531DF755): 1
LogDevObjectVersion:   Private-Geometry (6EACA3D4-40EC-4CC1-B786-8BED09428FC5): 3
LogDevObjectVersion:   Dev-AnimPhys (29E575DD-E0A3-4627-9D10-D276232CDCEA): 17
LogDevObjectVersion:   Dev-Anim (AF43A65D-7FD3-4947-9873-3E8ED9C1BB05): 2
LogDevObjectVersion:   Dev-ReflectionCapture (6B266CEC-1EC7-4B8F-A30B-E4D90942FC07): 1
LogDevObjectVersion:   Dev-Automation (0DF73D61-A23F-47EA-B727-89E90C41499A): 1
LogDevObjectVersion:   FortniteMain (601D1886-AC64-4F84-AA16-D3DE0DEAC7D6): 31
LogDevObjectVersion:   Dev-Enterprise (9DFFBCD6-494F-0158-E221-12823C92A888): 8
LogDevObjectVersion:   Dev-Niagara (F2AED0AC-9AFE-416F-8664-AA7FFA26D6FC): 1
LogDevObjectVersion:   Dev-Destruction (174F1F0B-B4C6-45A5-B13F-2EE8D0FB917D): 9
LogDevObjectVersion:   Dev-Physics-Ext (35F94A83-E258-406C-A318-09F59610247C): 8
LogDevObjectVersion:   Dev-CineCamera (B2E18506-4273-CFC2-A54E-F4BB758BBA07): 1
LogInit: Presizing for max 25165824 objects, including 0 objects not considered by GC, pre-allocating 0 bytes for permanent pool.
LogInit: Object subsystem initialized
LogConfig: Setting CVar [[con.DebugEarlyDefault:1]]
LogConfig: Setting CVar [[r.setres:1280x720]]
[2020.09.23-10.17.57:339][  0]LogConfig: Setting CVar [[r.VSync:0]]
[2020.09.23-10.17.57:339][  0]LogConfig: Setting CVar [[r.RHICmdBypass:0]]
[2020.09.23-10.17.57:339][  0]LogConfig: Applying CVar settings from Section [/Script/Engine.RendererSettings] File [E:/FSM/Finite-State-Machine-in-UE4/FSM/FSM/Saved/Config/Windows/Engine.ini]
[2020.09.23-10.17.57:339][  0]LogConfig: Setting CVar [[r.GPUCrashDebugging:0]]
[2020.09.23-10.17.57:339][  0]LogConfig: Applying CVar settings from Section [/Script/Engine.RendererOverrideSettings] File [E:/FSM/Finite-State-Machine-in-UE4/FSM/FSM/Saved/Config/Windows/Engine.ini]
[2020.09.23-10.17.57:339][  0]LogConfig: Applying CVar settings from Section [/Script/Engine.StreamingSettings] File [E:/FSM/Finite-State-Machine-in-UE4/FSM/FSM/Saved/Config/Windows/Engine.ini]
[2020.09.23-10.17.57:339][  0]LogConfig: Setting CVar [[s.MinBulkDataSizeForAsyncLoading:131072]]
[2020.09.23-10.17.57:339][  0]LogConfig: Setting CVar [[s.AsyncLoadingThreadEnabled:0]]
[2020.09.23-10.17.57:340][  0]LogConfig: Setting CVar [[s.EventDrivenLoaderEnabled:1]]
[2020.09.23-10.17.57:340][  0]LogConfig: Setting CVar [[s.WarnIfTimeLimitExceeded:0]]
[2020.09.23-10.17.57:340][  0]LogConfig: Setting CVar [[s.TimeLimitExceededMultiplier:1.5]]
[2020.09.23-10.17.57:340][  0]LogConfig: Setting CVar [[s.TimeLimitExceededMinTime:0.005]]
[2020.09.23-10.17.57:340][  0]LogConfig: Setting CVar [[s.UseBackgroundLevelStreaming:1]]
[2020.09.23-10.17.57:340][  0]LogConfig: Setting CVar [[s.PriorityAsyncLoadingExtraTime:15.0]]
[2020.09.23-10.17.57:340][  0]LogConfig: Setting CVar [[s.LevelStreamingActorsUpdateTimeLimit:5.0]]
[2020.09.23-10.17.57:340][  0]LogConfig: Setting CVar [[s.PriorityLevelStreamingActorsUpdateExtraTime:5.0]]
[2020.09.23-10.17.57:340][  0]LogConfig: Setting CVar [[s.LevelStreamingComponentsRegistrationGranularity:10]]
[2020.09.23-10.17.57:340][  0]LogConfig: Setting CVar [[s.UnregisterComponentsTimeLimit:1.0]]
[2020.09.23-10.17.57:340][  0]LogConfig: Setting CVar [[s.LevelStreamingComponentsUnregistrationGranularity:5]]
[2020.09.23-10.17.57:340][  0]LogConfig: Setting CVar [[s.FlushStreamingOnExit:1]]
[2020.09.23-10.17.57:340][  0]LogConfig: Applying CVar settings from Section [/Script/Engine.GarbageCollectionSettings] File [E:/FSM/Finite-State-Machine-in-UE4/FSM/FSM/Saved/Config/Windows/Engine.ini]
[2020.09.23-10.17.57:340][  0]LogConfig: Setting CVar [[gc.MaxObjectsNotConsideredByGC:1]]
[2020.09.23-10.17.57:340][  0]LogConfig: Setting CVar [[gc.SizeOfPermanentObjectPool:0]]
[2020.09.23-10.17.57:340][  0]LogConfig: Setting CVar [[gc.FlushStreamingOnGC:0]]
[2020.09.23-10.17.57:340][  0]LogConfig: Setting CVar [[gc.NumRetriesBeforeForcingGC:10]]
[2020.09.23-10.17.57:340][  0]LogConfig: Setting CVar [[gc.AllowParallelGC:1]]
[2020.09.23-10.17.57:340][  0]LogConfig: Setting CVar [[gc.TimeBetweenPurgingPendingKillObjects:61.1]]
[2020.09.23-10.17.57:340][  0]LogConfig: Setting CVar [[gc.MaxObjectsInEditor:25165824]]
[2020.09.23-10.17.57:340][  0]LogConfig: Setting CVar [[gc.IncrementalBeginDestroyEnabled:1]]
[2020.09.23-10.17.57:340][  0]LogConfig: Setting CVar [[gc.CreateGCClusters:1]]
[2020.09.23-10.17.57:340][  0]LogConfig: Setting CVar [[gc.MinGCClusterSize:5]]
[2020.09.23-10.17.57:340][  0]LogConfig: Setting CVar [[gc.ActorClusteringEnabled:0]]
[2020.09.23-10.17.57:340][  0]LogConfig: Setting CVar [[gc.BlueprintClusteringEnabled:0]]
[2020.09.23-10.17.57:340][  0]LogConfig: Setting CVar [[gc.UseDisregardForGCOnDedicatedServers:0]]
[2020.09.23-10.17.57:340][  0]LogConfig: Applying CVar settings from Section [/Script/Engine.NetworkSettings] File [E:/FSM/Finite-State-Machine-in-UE4/FSM/FSM/Saved/Config/Windows/Engine.ini]
[2020.09.23-10.17.57:340][  0]LogConfig: Applying CVar settings from Section [/Script/UnrealEd.CookerSettings] File [E:/FSM/Finite-State-Machine-in-UE4/FSM/FSM/Saved/Config/Windows/Engine.ini]
[2020.09.23-10.17.57:344][  0]LogConfig: Applying CVar settings from Section [ViewDistanceQuality@3] File [E:/FSM/Finite-State-Machine-in-UE4/FSM/FSM/Saved/Config/Windows/Scalability.ini]
[2020.09.23-10.17.57:344][  0]LogConfig: Setting CVar [[r.SkeletalMeshLODBias:0]]
[2020.09.23-10.17.57:344][  0]LogConfig: Setting CVar [[r.ViewDistanceScale:1.0]]
[2020.09.23-10.17.57:344][  0]LogConfig: Applying CVar settings from Section [AntiAliasingQuality@3] File [E:/FSM/Finite-State-Machine-in-UE4/FSM/FSM/Saved/Config/Windows/Scalability.ini]
[2020.09.23-10.17.57:344][  0]LogConfig: Setting CVar [[r.PostProcessAAQuality:4]]
[2020.09.23-10.17.57:344][  0]LogConfig: Applying CVar settings from Section [ShadowQuality@3] File [E:/FSM/Finite-State-Machine-in-UE4/FSM/FSM/Saved/Config/Windows/Scalability.ini]
[2020.09.23-10.17.57:344][  0]LogConfig: Setting CVar [[r.LightFunctionQuality:1]]
[2020.09.23-10.17.57:345][  0]LogConfig: Setting CVar [[r.ShadowQuality:5]]
[2020.09.23-10.17.57:345][  0]LogConfig: Setting CVar [[r.Shadow.CSM.MaxCascades:10]]
[2020.09.23-10.17.57:345][  0]LogConfig: Setting CVar [[r.Shadow.MaxResolution:2048]]
[2020.09.23-10.17.57:345][  0]LogConfig: Setting CVar [[r.Shadow.MaxCSMResolution:2048]]
[2020.09.23-10.17.57:345][  0]LogConfig: Setting CVar [[r.Shadow.RadiusThreshold:0.01]]
[2020.09.23-10.17.57:345][  0]LogConfig: Setting CVar [[r.Shadow.DistanceScale:1.0]]
[2020.09.23-10.17.57:345][  0]LogConfig: Setting CVar [[r.Shadow.CSM.TransitionScale:1.0]]
[2020.09.23-10.17.57:345][  0]LogConfig: Setting CVar [[r.Shadow.PreShadowResolutionFactor:1.0]]
[2020.09.23-10.17.57:345][  0]LogConfig: Setting CVar [[r.DistanceFieldShadowing:1]]
[2020.09.23-10.17.57:345][  0]LogConfig: Setting CVar [[r.DistanceFieldAO:1]]
[2020.09.23-10.17.57:345][  0]LogConfig: Setting CVar [[r.AOQuality:2]]
[2020.09.23-10.17.57:345][  0]LogConfig: Setting CVar [[r.VolumetricFog:1]]
[2020.09.23-10.17.57:345][  0]LogConfig: Setting CVar [[r.VolumetricFog.GridPixelSize:8]]
[2020.09.23-10.17.57:345][  0]LogConfig: Setting CVar [[r.VolumetricFog.GridSizeZ:128]]
[2020.09.23-10.17.57:345][  0]LogConfig: Setting CVar [[r.VolumetricFog.HistoryMissSupersampleCount:4]]
[2020.09.23-10.17.57:345][  0]LogConfig: Setting CVar [[r.LightMaxDrawDistanceScale:1]]
[2020.09.23-10.17.57:345][  0]LogConfig: Setting CVar [[r.CapsuleShadows:1]]
[2020.09.23-10.17.57:345][  0]LogConfig: Applying CVar settings from Section [PostProcessQuality@3] File [E:/FSM/Finite-State-Machine-in-UE4/FSM/FSM/Saved/Config/Windows/Scalability.ini]
[2020.09.23-10.17.57:345][  0]LogConfig: Setting CVar [[r.MotionBlurQuality:4]]
[2020.09.23-10.17.57:345][  0]LogConfig: Setting CVar [[r.AmbientOcclusionMipLevelFactor:0.4]]
[2020.09.23-10.17.57:345][  0]LogConfig: Setting CVar [[r.AmbientOcclusionMaxQuality:100]]
[2020.09.23-10.17.57:345][  0]LogConfig: Setting CVar [[r.AmbientOcclusionLevels:-1]]
[2020.09.23-10.17.57:345][  0]LogConfig: Setting CVar [[r.AmbientOcclusionRadiusScale:1.0]]
[2020.09.23-10.17.57:345][  0]LogConfig: Setting CVar [[r.DepthOfFieldQuality:2]]
[2020.09.23-10.17.57:345][  0]LogConfig: Setting CVar [[r.RenderTargetPoolMin:400]]
[2020.09.23-10.17.57:345][  0]LogConfig: Setting CVar [[r.LensFlareQuality:2]]
[2020.09.23-10.17.57:345][  0]LogConfig: Setting CVar [[r.SceneColorFringeQuality:1]]
[2020.09.23-10.17.57:345][  0]LogConfig: Setting CVar [[r.EyeAdaptationQuality:2]]
[2020.09.23-10.17.57:345][  0]LogConfig: Setting CVar [[r.BloomQuality:5]]
[2020.09.23-10.17.57:345][  0]LogConfig: Setting CVar [[r.FastBlurThreshold:100]]
[2020.09.23-10.17.57:345][  0]LogConfig: Setting CVar [[r.Upscale.Quality:3]]
[2020.09.23-10.17.57:345][  0]LogConfig: Setting CVar [[r.Tonemapper.GrainQuantization:1]]
[2020.09.23-10.17.57:345][  0]LogConfig: Setting CVar [[r.LightShaftQuality:1]]
[2020.09.23-10.17.57:345][  0]LogConfig: Setting CVar [[r.Filter.SizeScale:1]]
[2020.09.23-10.17.57:345][  0]LogConfig: Setting CVar [[r.Tonemapper.Quality:5]]
[2020.09.23-10.17.57:345][  0]LogConfig: Setting CVar [[r.DOF.Gather.AccumulatorQuality:1        ; higher gathering accumulator quality]]
[2020.09.23-10.17.57:345][  0]LogConfig: Setting CVar [[r.DOF.Gather.PostfilterMethod:1          ; Median3x3 postfilering method]]
[2020.09.23-10.17.57:345][  0]LogConfig: Setting CVar [[r.DOF.Gather.EnableBokehSettings:0       ; no bokeh simulation when gathering]]
[2020.09.23-10.17.57:345][  0]LogConfig: Setting CVar [[r.DOF.Gather.RingCount:4                 ; medium number of samples when gathering]]
[2020.09.23-10.17.57:345][  0]LogConfig: Setting CVar [[r.DOF.Scatter.ForegroundCompositing:1    ; additive foreground scattering]]
[2020.09.23-10.17.57:345][  0]LogConfig: Setting CVar [[r.DOF.Scatter.BackgroundCompositing:2    ; additive background scattering]]
[2020.09.23-10.17.57:345][  0]LogConfig: Setting CVar [[r.DOF.Scatter.EnableBokehSettings:1      ; bokeh simulation when scattering]]
[2020.09.23-10.17.57:345][  0]LogConfig: Setting CVar [[r.DOF.Scatter.MaxSpriteRatio:0.1         ; only a maximum of 10% of scattered bokeh]]
[2020.09.23-10.17.57:345][  0]LogConfig: Setting CVar [[r.DOF.Recombine.Quality:1                ; cheap slight out of focus]]
[2020.09.23-10.17.57:346][  0]LogConfig: Setting CVar [[r.DOF.Recombine.EnableBokehSettings:0    ; no bokeh simulation on slight out of focus]]
[2020.09.23-10.17.57:346][  0]LogConfig: Setting CVar [[r.DOF.TemporalAAQuality:1                ; more stable temporal accumulation]]
[2020.09.23-10.17.57:346][  0]LogConfig: Setting CVar [[r.DOF.Kernel.MaxForegroundRadius:0.025]]
[2020.09.23-10.17.57:346][  0]LogConfig: Setting CVar [[r.DOF.Kernel.MaxBackgroundRadius:0.025]]
[2020.09.23-10.17.57:346][  0]LogConfig: Applying CVar settings from Section [TextureQuality@3] File [E:/FSM/Finite-State-Machine-in-UE4/FSM/FSM/Saved/Config/Windows/Scalability.ini]
[2020.09.23-10.17.57:346][  0]LogConfig: Setting CVar [[r.Streaming.MipBias:0]]
[2020.09.23-10.17.57:346][  0]LogConfig: Setting CVar [[r.Streaming.AmortizeCPUToGPUCopy:0]]
[2020.09.23-10.17.57:346][  0]LogConfig: Setting CVar [[r.Streaming.MaxNumTexturesToStreamPerFrame:0]]
[2020.09.23-10.17.57:346][  0]LogConfig: Setting CVar [[r.Streaming.Boost:1]]
[2020.09.23-10.17.57:346][  0]LogConfig: Setting CVar [[r.MaxAnisotropy:8]]
[2020.09.23-10.17.57:346][  0]LogConfig: Setting CVar [[r.VT.MaxAnisotropy:8]]
[2020.09.23-10.17.57:346][  0]LogConfig: Setting CVar [[r.Streaming.LimitPoolSizeToVRAM:0]]
[2020.09.23-10.17.57:346][  0]LogConfig: Setting CVar [[r.Streaming.PoolSize:1000]]
[2020.09.23-10.17.57:346][  0]LogConfig: Setting CVar [[r.Streaming.MaxEffectiveScreenSize:0]]
[2020.09.23-10.17.57:346][  0]LogConfig: Applying CVar settings from Section [EffectsQuality@3] File [E:/FSM/Finite-State-Machine-in-UE4/FSM/FSM/Saved/Config/Windows/Scalability.ini]
[2020.09.23-10.17.57:346][  0]LogConfig: Setting CVar [[r.TranslucencyLightingVolumeDim:64]]
[2020.09.23-10.17.57:346][  0]LogConfig: Setting CVar [[r.RefractionQuality:2]]
[2020.09.23-10.17.57:346][  0]LogConfig: Setting CVar [[r.SSR.Quality:3]]
[2020.09.23-10.17.57:346][  0]LogConfig: Setting CVar [[r.SSR.HalfResSceneColor:0]]
[2020.09.23-10.17.57:346][  0]LogConfig: Setting CVar [[r.SceneColorFormat:4]]
[2020.09.23-10.17.57:346][  0]LogConfig: Setting CVar [[r.DetailMode:2]]
[2020.09.23-10.17.57:346][  0]LogConfig: Setting CVar [[r.TranslucencyVolumeBlur:1]]
[2020.09.23-10.17.57:346][  0]LogConfig: Setting CVar [[r.MaterialQualityLevel:1 ; High quality]]
[2020.09.23-10.17.57:346][  0]LogConfig: Setting CVar [[r.SSS.Scale:1]]
[2020.09.23-10.17.57:346][  0]LogConfig: Setting CVar [[r.SSS.SampleSet:2]]
[2020.09.23-10.17.57:346][  0]LogConfig: Setting CVar [[r.SSS.Quality:1]]
[2020.09.23-10.17.57:346][  0]LogConfig: Setting CVar [[r.SSS.HalfRes:1]]
[2020.09.23-10.17.57:346][  0]LogConfig: Setting CVar [[r.SSGI.Quality:3]]
[2020.09.23-10.17.57:346][  0]LogConfig: Setting CVar [[r.EmitterSpawnRateScale:1.0]]
[2020.09.23-10.17.57:346][  0]LogConfig: Setting CVar [[r.ParticleLightQuality:2]]
[2020.09.23-10.17.57:346][  0]LogConfig: Setting CVar [[r.SkyAtmosphere.AerialPerspectiveLUT.FastApplyOnOpaque:1 ; Always have FastSkyLUT 1 in this case to avoid wrong sky]]
[2020.09.23-10.17.57:346][  0]LogConfig: Setting CVar [[r.SkyAtmosphere.AerialPerspectiveLUT.SampleCountPerSlice:1]]
[2020.09.23-10.17.57:346][  0]LogConfig: Setting CVar [[r.SkyAtmosphere.AerialPerspectiveLUT.DepthResolution:16.0]]
[2020.09.23-10.17.57:346][  0]LogConfig: Setting CVar [[r.SkyAtmosphere.FastSkyLUT:1]]
[2020.09.23-10.17.57:346][  0]LogConfig: Setting CVar [[r.SkyAtmosphere.FastSkyLUT.SampleCountMin:4.0]]
[2020.09.23-10.17.57:346][  0]LogConfig: Setting CVar [[r.SkyAtmosphere.FastSkyLUT.SampleCountMax:32.0]]
[2020.09.23-10.17.57:346][  0]LogConfig: Setting CVar [[r.SkyAtmosphere.SampleCountMin:4.0]]
[2020.09.23-10.17.57:346][  0]LogConfig: Setting CVar [[r.SkyAtmosphere.SampleCountMax:32.0]]
[2020.09.23-10.17.57:346][  0]LogConfig: Setting CVar [[r.SkyAtmosphere.TransmittanceLUT.UseSmallFormat:0]]
[2020.09.23-10.17.57:346][  0]LogConfig: Setting CVar [[r.SkyAtmosphere.TransmittanceLUT.SampleCount:10.0]]
[2020.09.23-10.17.57:346][  0]LogConfig: Setting CVar [[r.SkyAtmosphere.MultiScatteringLUT.SampleCount:15.0]]
[2020.09.23-10.17.57:346][  0]LogConfig: Applying CVar settings from Section [FoliageQuality@3] File [E:/FSM/Finite-State-Machine-in-UE4/FSM/FSM/Saved/Config/Windows/Scalability.ini]
[2020.09.23-10.17.57:347][  0]LogConfig: Setting CVar [[foliage.DensityScale:1.0]]
[2020.09.23-10.17.57:347][  0]LogConfig: Setting CVar [[grass.DensityScale:1.0]]
[2020.09.23-10.17.57:347][  0]LogConfig: Applying CVar settings from Section [ShadingQuality@3] File [E:/FSM/Finite-State-Machine-in-UE4/FSM/FSM/Saved/Config/Windows/Scalability.ini]
[2020.09.23-10.17.57:347][  0]LogConfig: Setting CVar [[r.HairStrands.SkyLighting.SampleCount:16]]
[2020.09.23-10.17.57:347][  0]LogConfig: Setting CVar [[r.HairStrands.SkyLighting.JitterIntegration:0]]
[2020.09.23-10.17.57:347][  0]LogConfig: Setting CVar [[r.HairStrands.SkyAO.SampleCount:16]]
[2020.09.23-10.17.57:347][  0]LogInit: Selected Device Profile: [Windows]
[2020.09.23-10.17.57:347][  0]LogInit: Applying CVar settings loaded from the selected device profile: [Windows]
[2020.09.23-10.17.57:351][  0]LogHAL: Display: Platform has ~ 16 GB [17133084672 / 17179869184 / 16], which maps to Larger [LargestMinGB=32, LargerMinGB=12, DefaultMinGB=8, SmallerMinGB=6, SmallestMinGB=0)
[2020.09.23-10.17.57:351][  0]LogInit: Going up to parent DeviceProfile []
[2020.09.23-10.17.57:351][  0]LogConfig: Applying CVar settings from Section [ViewDistanceQuality@1] File [E:/FSM/Finite-State-Machine-in-UE4/FSM/FSM/Saved/Config/Windows/Scalability.ini]
[2020.09.23-10.17.57:351][  0]LogConfig: Setting CVar [[r.SkeletalMeshLODBias:1]]
[2020.09.23-10.17.57:351][  0]LogConfig: Setting CVar [[r.ViewDistanceScale:0.6]]
[2020.09.23-10.17.57:351][  0]LogConfig: Applying CVar settings from Section [AntiAliasingQuality@1] File [E:/FSM/Finite-State-Machine-in-UE4/FSM/FSM/Saved/Config/Windows/Scalability.ini]
[2020.09.23-10.17.57:351][  0]LogConfig: Setting CVar [[r.PostProcessAAQuality:2]]
[2020.09.23-10.17.57:351][  0]LogConfig: Applying CVar settings from Section [ShadowQuality@1] File [E:/FSM/Finite-State-Machine-in-UE4/FSM/FSM/Saved/Config/Windows/Scalability.ini]
[2020.09.23-10.17.57:351][  0]LogConfig: Setting CVar [[r.LightFunctionQuality:1]]
[2020.09.23-10.17.57:351][  0]LogConfig: Setting CVar [[r.ShadowQuality:3]]
[2020.09.23-10.17.57:351][  0]LogConfig: Setting CVar [[r.Shadow.CSM.MaxCascades:1]]
[2020.09.23-10.17.57:351][  0]LogConfig: Setting CVar [[r.Shadow.MaxResolution:1024]]
[2020.09.23-10.17.57:351][  0]LogConfig: Setting CVar [[r.Shadow.MaxCSMResolution:1024]]
[2020.09.23-10.17.57:351][  0]LogConfig: Setting CVar [[r.Shadow.RadiusThreshold:0.05]]
[2020.09.23-10.17.57:351][  0]LogConfig: Setting CVar [[r.Shadow.DistanceScale:0.7]]
[2020.09.23-10.17.57:351][  0]LogConfig: Setting CVar [[r.Shadow.CSM.TransitionScale:0.25]]
[2020.09.23-10.17.57:351][  0]LogConfig: Setting CVar [[r.Shadow.PreShadowResolutionFactor:0.5]]
[2020.09.23-10.17.57:351][  0]LogConfig: Setting CVar [[r.DistanceFieldShadowing:0]]
[2020.09.23-10.17.57:351][  0]LogConfig: Setting CVar [[r.DistanceFieldAO:0]]
[2020.09.23-10.17.57:352][  0]LogConfig: Setting CVar [[r.VolumetricFog:0]]
[2020.09.23-10.17.57:352][  0]LogConfig: Setting CVar [[r.LightMaxDrawDistanceScale:.5]]
[2020.09.23-10.17.57:352][  0]LogConfig: Setting CVar [[r.CapsuleShadows:1]]
[2020.09.23-10.17.57:352][  0]LogConfig: Applying CVar settings from Section [PostProcessQuality@1] File [E:/FSM/Finite-State-Machine-in-UE4/FSM/FSM/Saved/Config/Windows/Scalability.ini]
[2020.09.23-10.17.57:352][  0]LogConfig: Setting CVar [[r.MotionBlurQuality:3]]
[2020.09.23-10.17.57:352][  0]LogConfig: Setting CVar [[r.AmbientOcclusionMipLevelFactor:1.0]]
[2020.09.23-10.17.57:352][  0]LogConfig: Setting CVar [[r.AmbientOcclusionMaxQuality:60]]
[2020.09.23-10.17.57:352][  0]LogConfig: Setting CVar [[r.AmbientOcclusionLevels:-1]]
[2020.09.23-10.17.57:352][  0]LogConfig: Setting CVar [[r.AmbientOcclusionRadiusScale:1.5]]
[2020.09.23-10.17.57:352][  0]LogConfig: Setting CVar [[r.DepthOfFieldQuality:1]]
[2020.09.23-10.17.57:352][  0]LogConfig: Setting CVar [[r.RenderTargetPoolMin:350]]
[2020.09.23-10.17.57:352][  0]LogConfig: Setting CVar [[r.LensFlareQuality:0]]
[2020.09.23-10.17.57:352][  0]LogConfig: Setting CVar [[r.SceneColorFringeQuality:0]]
[2020.09.23-10.17.57:352][  0]LogConfig: Setting CVar [[r.EyeAdaptationQuality:0]]
[2020.09.23-10.17.57:352][  0]LogConfig: Setting CVar [[r.BloomQuality:4]]
[2020.09.23-10.17.57:352][  0]LogConfig: Setting CVar [[r.FastBlurThreshold:2]]
[2020.09.23-10.17.57:352][  0]LogConfig: Setting CVar [[r.Upscale.Quality:2]]
[2020.09.23-10.17.57:352][  0]LogConfig: Setting CVar [[r.Tonemapper.GrainQuantization:0]]
[2020.09.23-10.17.57:352][  0]LogConfig: Setting CVar [[r.LightShaftQuality:0]]
[2020.09.23-10.17.57:352][  0]LogConfig: Setting CVar [[r.Filter.SizeScale:0.7]]
[2020.09.23-10.17.57:352][  0]LogConfig: Setting CVar [[r.Tonemapper.Quality:2]]
[2020.09.23-10.17.57:352][  0]LogConfig: Setting CVar [[r.DOF.Gather.AccumulatorQuality:0        ; lower gathering accumulator quality]]
[2020.09.23-10.17.57:352][  0]LogConfig: Setting CVar [[r.DOF.Gather.PostfilterMethod:2          ; Max3x3 postfilering method]]
[2020.09.23-10.17.57:352][  0]LogConfig: Setting CVar [[r.DOF.Gather.EnableBokehSettings:0       ; no bokeh simulation when gathering]]
[2020.09.23-10.17.57:352][  0]LogConfig: Setting CVar [[r.DOF.Gather.RingCount:3                 ; low number of samples when gathering]]
[2020.09.23-10.17.57:352][  0]LogConfig: Setting CVar [[r.DOF.Scatter.ForegroundCompositing:0    ; no foreground scattering]]
[2020.09.23-10.17.57:352][  0]LogConfig: Setting CVar [[r.DOF.Scatter.BackgroundCompositing:0    ; no foreground scattering]]
[2020.09.23-10.17.57:352][  0]LogConfig: Setting CVar [[r.DOF.Recombine.Quality:0                ; no slight out of focus]]
[2020.09.23-10.17.57:352][  0]LogConfig: Setting CVar [[r.DOF.TemporalAAQuality:0                ; faster temporal accumulation]]
[2020.09.23-10.17.57:352][  0]LogConfig: Setting CVar [[r.DOF.Kernel.MaxForegroundRadius:0.006   ; required because low gathering and no scattering and not looking great at 1080p]]
[2020.09.23-10.17.57:352][  0]LogConfig: Setting CVar [[r.DOF.Kernel.MaxBackgroundRadius:0.006   ; required because low gathering and no scattering and not looking great at 1080p]]
[2020.09.23-10.17.57:352][  0]LogConfig: Applying CVar settings from Section [TextureQuality@1] File [E:/FSM/Finite-State-Machine-in-UE4/FSM/FSM/Saved/Config/Windows/Scalability.ini]
[2020.09.23-10.17.57:352][  0]LogConfig: Setting CVar [[r.Streaming.MipBias:1]]
[2020.09.23-10.17.57:352][  0]LogConfig: Setting CVar [[r.Streaming.AmortizeCPUToGPUCopy:0]]
[2020.09.23-10.17.57:353][  0]LogConfig: Setting CVar [[r.Streaming.MaxNumTexturesToStreamPerFrame:0]]
[2020.09.23-10.17.57:353][  0]LogConfig: Setting CVar [[r.Streaming.Boost:1]]
[2020.09.23-10.17.57:353][  0]LogConfig: Setting CVar [[r.MaxAnisotropy:2]]
[2020.09.23-10.17.57:353][  0]LogConfig: Setting CVar [[r.VT.MaxAnisotropy:4]]
[2020.09.23-10.17.57:353][  0]LogConfig: Setting CVar [[r.Streaming.LimitPoolSizeToVRAM:1]]
[2020.09.23-10.17.57:353][  0]LogConfig: Setting CVar [[r.Streaming.PoolSize:600]]
[2020.09.23-10.17.57:353][  0]LogConfig: Setting CVar [[r.Streaming.MaxEffectiveScreenSize:0]]
[2020.09.23-10.17.57:353][  0]LogConfig: Applying CVar settings from Section [EffectsQuality@1] File [E:/FSM/Finite-State-Machine-in-UE4/FSM/FSM/Saved/Config/Windows/Scalability.ini]
[2020.09.23-10.17.57:353][  0]LogConfig: Setting CVar [[r.TranslucencyLightingVolumeDim:32]]
[2020.09.23-10.17.57:353][  0]LogConfig: Setting CVar [[r.RefractionQuality:0]]
[2020.09.23-10.17.57:353][  0]LogConfig: Setting CVar [[r.SSR.Quality:0]]
[2020.09.23-10.17.57:353][  0]LogConfig: Setting CVar [[r.SSR.HalfResSceneColor:1]]
[2020.09.23-10.17.57:353][  0]LogConfig: Setting CVar [[r.SceneColorFormat:3]]
[2020.09.23-10.17.57:353][  0]LogConfig: Setting CVar [[r.DetailMode:1]]
[2020.09.23-10.17.57:353][  0]LogConfig: Setting CVar [[r.TranslucencyVolumeBlur:0]]
[2020.09.23-10.17.57:353][  0]LogConfig: Setting CVar [[r.MaterialQualityLevel:2 ; Medium quality]]
[2020.09.23-10.17.57:353][  0]LogConfig: Setting CVar [[r.SSS.Scale:0.75]]
[2020.09.23-10.17.57:353][  0]LogConfig: Setting CVar [[r.SSS.SampleSet:0]]
[2020.09.23-10.17.57:353][  0]LogConfig: Setting CVar [[r.SSS.Quality:0]]
[2020.09.23-10.17.57:353][  0]LogConfig: Setting CVar [[r.SSS.HalfRes:1]]
[2020.09.23-10.17.57:353][  0]LogConfig: Setting CVar [[r.SSGI.Quality:1]]
[2020.09.23-10.17.57:353][  0]LogConfig: Setting CVar [[r.EmitterSpawnRateScale:0.25]]
[2020.09.23-10.17.57:353][  0]LogConfig: Setting CVar [[r.ParticleLightQuality:0]]
[2020.09.23-10.17.57:353][  0]LogConfig: Setting CVar [[r.SkyAtmosphere.AerialPerspectiveLUT.FastApplyOnOpaque:1 ; Always have FastSkyLUT 1 in this case to avoid wrong sky]]
[2020.09.23-10.17.57:353][  0]LogConfig: Setting CVar [[r.SkyAtmosphere.AerialPerspectiveLUT.SampleCountPerSlice:1]]
[2020.09.23-10.17.57:353][  0]LogConfig: Setting CVar [[r.SkyAtmosphere.AerialPerspectiveLUT.DepthResolution:16.0]]
[2020.09.23-10.17.57:353][  0]LogConfig: Setting CVar [[r.SkyAtmosphere.FastSkyLUT:1]]
[2020.09.23-10.17.57:353][  0]LogConfig: Setting CVar [[r.SkyAtmosphere.FastSkyLUT.SampleCountMin:4.0]]
[2020.09.23-10.17.57:353][  0]LogConfig: Setting CVar [[r.SkyAtmosphere.FastSkyLUT.SampleCountMax:32.0]]
[2020.09.23-10.17.57:353][  0]LogConfig: Setting CVar [[r.SkyAtmosphere.SampleCountMin:4.0]]
[2020.09.23-10.17.57:353][  0]LogConfig: Setting CVar [[r.SkyAtmosphere.SampleCountMax:32.0]]
[2020.09.23-10.17.57:353][  0]LogConfig: Setting CVar [[r.SkyAtmosphere.TransmittanceLUT.UseSmallFormat:0]]
[2020.09.23-10.17.57:353][  0]LogConfig: Setting CVar [[r.SkyAtmosphere.TransmittanceLUT.SampleCount:10.0]]
[2020.09.23-10.17.57:353][  0]LogConfig: Setting CVar [[r.SkyAtmosphere.MultiScatteringLUT.SampleCount:15.0]]
[2020.09.23-10.17.57:353][  0]LogConfig: Applying CVar settings from Section [FoliageQuality@1] File [E:/FSM/Finite-State-Machine-in-UE4/FSM/FSM/Saved/Config/Windows/Scalability.ini]
[2020.09.23-10.17.57:353][  0]LogConfig: Setting CVar [[foliage.DensityScale:0.4]]
[2020.09.23-10.17.57:353][  0]LogConfig: Setting CVar [[grass.DensityScale:0.4]]
[2020.09.23-10.17.57:353][  0]LogConfig: Applying CVar settings from Section [ShadingQuality@1] File [E:/FSM/Finite-State-Machine-in-UE4/FSM/FSM/Saved/Config/Windows/Scalability.ini]
[2020.09.23-10.17.57:353][  0]LogConfig: Setting CVar [[r.HairStrands.SkyLighting.SampleCount:16]]
[2020.09.23-10.17.57:353][  0]LogConfig: Setting CVar [[r.HairStrands.SkyLighting.JitterIntegration:0]]
[2020.09.23-10.17.57:353][  0]LogConfig: Setting CVar [[r.HairStrands.SkyAO.SampleCount:16]]
[2020.09.23-10.17.57:353][  0]LogConfig: Applying CVar settings from Section [Startup] File [../../../Engine/Config/ConsoleVariables.ini]
[2020.09.23-10.17.57:354][  0]LogConfig: Setting CVar [[net.UseAdaptiveNetUpdateFrequency:0]]
[2020.09.23-10.17.57:354][  0]LogConfig: Setting CVar [[p.chaos.AllowCreatePhysxBodies:1]]
[2020.09.23-10.17.57:354][  0]LogConfig: Applying CVar settings from Section [ConsoleVariables] File [E:/FSM/Finite-State-Machine-in-UE4/FSM/FSM/Saved/Config/Windows/Engine.ini]
[2020.09.23-10.17.57:354][  0]LogInit: Computer: MRFAB
[2020.09.23-10.17.57:354][  0]LogInit: User: MrFab
[2020.09.23-10.17.57:354][  0]LogInit: CPU Page size=4096, Cores=6
[2020.09.23-10.17.57:354][  0]LogInit: High frequency timer resolution =10.000000 MHz
[2020.09.23-10.17.57:354][  0]LogMemory: Memory total: Physical=16.0GB (16GB approx)
[2020.09.23-10.17.57:354][  0]LogMemory: Platform Memory Stats for Windows
[2020.09.23-10.17.57:355][  0]LogMemory: Process Physical Memory: 105.77 MB used, 105.78 MB peak
[2020.09.23-10.17.57:355][  0]LogMemory: Process Virtual Memory: 101.62 MB used, 101.62 MB peak
[2020.09.23-10.17.57:355][  0]LogMemory: Physical Memory: 11247.76 MB used,  5091.63 MB free, 16339.38 MB total
[2020.09.23-10.17.57:355][  0]LogMemory: Virtual Memory: 5173.88 MB used,  134212552.00 MB free, 134217728.00 MB total
[2020.09.23-10.17.57:419][  0]LogWindows: WindowsPlatformFeatures enabled
[2020.09.23-10.17.57:446][  0]LogInit: Using OS detected language (en-GB).
[2020.09.23-10.17.57:446][  0]LogInit: Using OS detected locale (en-IN).
[2020.09.23-10.17.57:447][  0]LogTextLocalizationManager: No specific localization for 'en-GB' exists, so the 'en' localization will be used.
[2020.09.23-10.17.57:760][  0]LogSlate: New Slate User Created.  User Index 0, Is Virtual User: 0
[2020.09.23-10.17.57:760][  0]LogSlate: Slate User Registered.  User Index 0, Is Virtual User: 0
[2020.09.23-10.17.57:940][  0]LogHMD: Failed to initialize OpenVR with code 110
[2020.09.23-10.17.57:940][  0]LogD3D11RHI: D3D11 min allowed feature level: 11_0
[2020.09.23-10.17.57:940][  0]LogD3D11RHI: D3D11 max allowed feature level: 11_0
[2020.09.23-10.17.57:940][  0]LogD3D11RHI: D3D11 adapters:
[2020.09.23-10.17.58:112][  0]LogD3D11RHI:    0. 'NVIDIA GeForce GTX 1060 6GB' (Feature Level 11_0)
[2020.09.23-10.17.58:112][  0]LogD3D11RHI:       6052/0/8169 MB DedicatedVideo/DedicatedSystem/SharedSystem, Outputs:1, VendorId:0x10de
[2020.09.23-10.17.58:115][  0]LogD3D11RHI:    1. 'Microsoft Basic Render Driver' (Feature Level 11_0)
[2020.09.23-10.17.58:115][  0]LogD3D11RHI:       0/0/8169 MB DedicatedVideo/DedicatedSystem/SharedSystem, Outputs:0, VendorId:0x1414
[2020.09.23-10.17.58:115][  0]LogD3D11RHI: Chosen D3D11 Adapter: 0
[2020.09.23-10.17.58:130][  0]LogD3D11RHI: Creating new Direct3DDevice
[2020.09.23-10.17.58:130][  0]LogD3D11RHI:     GPU DeviceId: 0x1c03 (for the marketing name, search the web for "GPU Device Id")
[2020.09.23-10.17.58:130][  0]LogWindows: EnumDisplayDevices:
[2020.09.23-10.17.58:130][  0]LogWindows:    0. 'NVIDIA GeForce GTX 1060 6GB' (P:1 D:1)
[2020.09.23-10.17.58:131][  0]LogWindows:    1. 'NVIDIA GeForce GTX 1060 6GB' (P:0 D:0)
[2020.09.23-10.17.58:131][  0]LogWindows:    2. 'NVIDIA GeForce GTX 1060 6GB' (P:0 D:0)
[2020.09.23-10.17.58:132][  0]LogWindows:    3. 'NVIDIA GeForce GTX 1060 6GB' (P:0 D:0)
[2020.09.23-10.17.58:132][  0]LogWindows: DebugString: FoundDriverCount:4 
[2020.09.23-10.17.58:132][  0]LogD3D11RHI:     Adapter Name: NVIDIA GeForce GTX 1060 6GB
[2020.09.23-10.17.58:132][  0]LogD3D11RHI:   Driver Version: 451.67 (internal:27.21.14.5167, unified:451.67)
[2020.09.23-10.17.58:132][  0]LogD3D11RHI:      Driver Date: 7-5-2020
[2020.09.23-10.17.58:132][  0]LogRHI: Texture pool is 4236 MB (70% of 6052 MB)
[2020.09.23-10.17.58:217][  0]LogD3D11RHI: RHI has support for 64 bit atomics
[2020.09.23-10.17.58:217][  0]LogD3D11RHI: Async texture creation enabled
[2020.09.23-10.17.58:239][  0]LogD3D11RHI: GPU Timing Frequency: 1000.000000 (Debug: 2 1)
[2020.09.23-10.17.58:645][  0]LogTargetPlatformManager: Display: Loaded TargetPlatform 'AllDesktop'
[2020.09.23-10.17.58:686][  0]LogTargetPlatformManager: Display: Loaded TargetPlatform 'Android'
[2020.09.23-10.17.58:686][  0]LogTargetPlatformManager: Display: Loaded TargetPlatform 'Android_ASTC'
[2020.09.23-10.17.58:686][  0]LogTargetPlatformManager: Display: Loaded TargetPlatform 'Android_ATC'
[2020.09.23-10.17.58:686][  0]LogTargetPlatformManager: Display: Loaded TargetPlatform 'Android_DXT'
[2020.09.23-10.17.58:686][  0]LogTargetPlatformManager: Display: Loaded TargetPlatform 'Android_ETC1'
[2020.09.23-10.17.58:686][  0]LogTargetPlatformManager: Display: Loaded TargetPlatform 'Android_ETC1a'
[2020.09.23-10.17.58:686][  0]LogTargetPlatformManager: Display: Loaded TargetPlatform 'Android_ETC2'
[2020.09.23-10.17.58:686][  0]LogTargetPlatformManager: Display: Loaded TargetPlatform 'Android_PVRTC'
[2020.09.23-10.17.58:686][  0]LogTargetPlatformManager: Display: Loaded TargetPlatform 'AndroidClient'
[2020.09.23-10.17.58:686][  0]LogTargetPlatformManager: Display: Loaded TargetPlatform 'Android_ASTCClient'
[2020.09.23-10.17.58:686][  0]LogTargetPlatformManager: Display: Loaded TargetPlatform 'Android_ATCClient'
[2020.09.23-10.17.58:686][  0]LogTargetPlatformManager: Display: Loaded TargetPlatform 'Android_DXTClient'
[2020.09.23-10.17.58:686][  0]LogTargetPlatformManager: Display: Loaded TargetPlatform 'Android_ETC1Client'
[2020.09.23-10.17.58:686][  0]LogTargetPlatformManager: Display: Loaded TargetPlatform 'Android_ETC1aClient'
[2020.09.23-10.17.58:686][  0]LogTargetPlatformManager: Display: Loaded TargetPlatform 'Android_ETC2Client'
[2020.09.23-10.17.58:686][  0]LogTargetPlatformManager: Display: Loaded TargetPlatform 'Android_PVRTCClient'
[2020.09.23-10.17.58:686][  0]LogTargetPlatformManager: Display: Loaded TargetPlatform 'Android_Multi'
[2020.09.23-10.17.58:686][  0]LogTargetPlatformManager: Display: Loaded TargetPlatform 'Android_MultiClient'
[2020.09.23-10.17.58:709][  0]LogTargetPlatformManager: Display: Loaded TargetPlatform 'IOSClient'
[2020.09.23-10.17.58:709][  0]LogTargetPlatformManager: Display: Loaded TargetPlatform 'IOS'
[2020.09.23-10.17.58:717][  0]LogTargetPlatformManager: Display: Loaded TargetPlatform 'LinuxNoEditor'
[2020.09.23-10.17.58:725][  0]LogTargetPlatformManager: Display: Loaded TargetPlatform 'LinuxClient'
[2020.09.23-10.17.58:733][  0]LogTargetPlatformManager: Display: Loaded TargetPlatform 'LinuxServer'
[2020.09.23-10.17.58:742][  0]LogTargetPlatformManager: Display: Loaded TargetPlatform 'LinuxAArch64NoEditor'
[2020.09.23-10.17.58:751][  0]LogTargetPlatformManager: Display: Loaded TargetPlatform 'LinuxAArch64Client'
[2020.09.23-10.17.58:760][  0]LogTargetPlatformManager: Display: Loaded TargetPlatform 'LinuxAArch64Server'
[2020.09.23-10.17.58:794][  0]LogTargetPlatformManager: Display: Loaded TargetPlatform 'Lumin'
[2020.09.23-10.17.58:794][  0]LogTargetPlatformManager: Display: Loaded TargetPlatform 'LuminClient'
[2020.09.23-10.17.58:815][  0]LogTargetPlatformManager: Display: Loaded TargetPlatform 'TVOSClient'
[2020.09.23-10.17.58:815][  0]LogTargetPlatformManager: Display: Loaded TargetPlatform 'TVOS'
[2020.09.23-10.17.58:824][  0]LogTargetPlatformManager: Display: Loaded TargetPlatform 'WindowsNoEditor'
[2020.09.23-10.17.58:832][  0]LogTargetPlatformManager: Display: Loaded TargetPlatform 'Windows'
[2020.09.23-10.17.58:841][  0]LogTargetPlatformManager: Display: Loaded TargetPlatform 'WindowsClient'
[2020.09.23-10.17.58:849][  0]LogTargetPlatformManager: Display: Loaded TargetPlatform 'WindowsServer'
[2020.09.23-10.17.58:849][  0]LogTargetPlatformManager: Display: Building Assets For Windows
[2020.09.23-10.17.58:853][  0]LogAudioDebug: Display: Lib vorbis DLL was dynamically loaded.
[2020.09.23-10.17.58:877][  0]LogShaderCompilers: Guid format shader working directory is -5 characters bigger than the processId version (../../../../FSM/Finite-State-Machine-in-UE4/FSM/FSM/Intermediate/Shaders/WorkingDirectory/13124/).
[2020.09.23-10.17.58:877][  0]LogShaderCompilers: Cleaned the shader compiler working directory 'C:/Users/Mr.Fab/AppData/Local/Temp/UnrealShaderWorkingDir/5EBA069A449C4FBCDEB8D8A14FE75657/'.
[2020.09.23-10.17.58:878][  0]LogXGEController: Cannot use XGE Controller as Incredibuild is not installed on this machine.
[2020.09.23-10.17.58:878][  0]LogShaderCompilers: Cannot use XGE Shader Compiler as Incredibuild is not installed on this machine.
[2020.09.23-10.17.58:878][  0]LogShaderCompilers: Display: Using Local Shader Compiler.
[2020.09.23-10.17.59:788][  0]LogDerivedDataCache: Display: Max Cache Size: 512 MB
[2020.09.23-10.17.59:867][  0]LogDerivedDataCache: Loaded boot cache 0.08s 87MB C:/Users/Mr.Fab/AppData/Local/UnrealEngine/4.24/DerivedDataCache/Boot.ddc.
[2020.09.23-10.17.59:867][  0]LogDerivedDataCache: Display: Loaded Boot cache: C:/Users/Mr.Fab/AppData/Local/UnrealEngine/4.24/DerivedDataCache/Boot.ddc
[2020.09.23-10.17.59:867][  0]LogDerivedDataCache: FDerivedDataBackendGraph:  Pak pak cache file ../../../../FSM/Finite-State-Machine-in-UE4/FSM/FSM/DerivedDataCache/DDC.ddp not found, will not use a pak cache.
[2020.09.23-10.17.59:867][  0]LogDerivedDataCache: Unable to find inner node Pak for hierarchical cache Hierarchy.
[2020.09.23-10.17.59:867][  0]LogDerivedDataCache: FDerivedDataBackendGraph:  CompressedPak pak cache file ../../../../FSM/Finite-State-Machine-in-UE4/FSM/FSM/DerivedDataCache/Compressed.ddp not found, will not use a pak cache.
[2020.09.23-10.17.59:867][  0]LogDerivedDataCache: Unable to find inner node CompressedPak for hierarchical cache Hierarchy.
[2020.09.23-10.17.59:879][  0]LogDerivedDataCache: Display: Pak cache opened for reading ../../../Engine/DerivedDataCache/Compressed.ddp.
[2020.09.23-10.17.59:879][  0]LogDerivedDataCache: FDerivedDataBackendGraph:  EnterprisePak pak cache file ../../../Enterprise/DerivedDataCache/Compressed.ddp not found, will not use a pak cache.
[2020.09.23-10.17.59:879][  0]LogDerivedDataCache: Unable to find inner node EnterprisePak for hierarchical cache Hierarchy.
[2020.09.23-10.17.59:881][  0]LogDerivedDataCache: Using Local data cache path C:/Users/Mr.Fab/AppData/Local/UnrealEngine/Common/DerivedDataCache: Writable
[2020.09.23-10.17.59:881][  0]LogDerivedDataCache: Shared data cache path not found in *engine.ini, will not use an Shared cache.
[2020.09.23-10.17.59:881][  0]LogDerivedDataCache: Unable to find inner node Shared for hierarchical cache Hierarchy.
[2020.09.23-10.17.59:918][  0]LogMaterial: Verifying Global Shaders for PCD3D_SM5
[2020.09.23-10.17.59:921][  0]LogSlate: Using FreeType 2.10.0
[2020.09.23-10.17.59:922][  0]LogSlate: SlateFontServices - WITH_FREETYPE: 1, WITH_HARFBUZZ: 1
[2020.09.23-10.17.59:984][  0]LogAssetRegistry: FAssetRegistry took 0.0035 seconds to start up
[2020.09.23-10.18.00:398][  0]LogInit: Selected Device Profile: [Windows]
[2020.09.23-10.18.00:606][  0]LogMeshReduction: Using QuadricMeshReduction for automatic static mesh reduction
[2020.09.23-10.18.00:606][  0]LogMeshReduction: Using SimplygonMeshReduction for automatic skeletal mesh reduction
[2020.09.23-10.18.00:606][  0]LogMeshReduction: Using ProxyLODMeshReduction for automatic mesh merging
[2020.09.23-10.18.00:606][  0]LogMeshReduction: No distributed automatic mesh merging module available
[2020.09.23-10.18.00:606][  0]LogMeshMerging: No distributed automatic mesh merging module available
[2020.09.23-10.18.00:622][  0]LogNetVersion: FSM 1.0.0, NetCL: 10570792, EngineNetVer: 13, GameNetVer: 0 (Checksum: 4181380811)
[2020.09.23-10.18.01:952][  0]LogPackageLocalizationCache: Processed 10 localized package path(s) for 1 prioritized culture(s) in 0.058869 seconds
[2020.09.23-10.18.01:967][  0]LogUObjectArray: 46750 objects as part of root set at end of initial load.
[2020.09.23-10.18.01:967][  0]LogUObjectAllocator: 8137160 out of 0 bytes used by permanent object pool.
[2020.09.23-10.18.01:967][  0]LogUObjectArray: CloseDisregardForGC: 0/0 objects in disregard for GC pool
[2020.09.23-10.18.02:535][  0]LogTcpMessaging: Initializing TcpMessaging bridge
[2020.09.23-10.18.02:539][  0]LogUdpMessaging: Initializing bridge on interface 0.0.0.0:0 to multicast group 230.0.0.1:6666.
[2020.09.23-10.18.02:826][  0]SourceControl: Source control is disabled
[2020.09.23-10.18.02:826][  0]SourceControl: Source control is disabled
[2020.09.23-10.18.02:829][  0]SourceControl: Source control is disabled
[2020.09.23-10.18.02:831][  0]SourceControl: Source control is disabled
[2020.09.23-10.18.02:836][  0]SourceControl: Source control is disabled
[2020.09.23-10.18.02:983][  0]LogAndroidPermission: UAndroidPermissionCallbackProxy::GetInstance
[2020.09.23-10.18.03:004][  0]LogAudioCaptureCore: Display: No Audio Capture implementations found. Audio input will be silent.
[2020.09.23-10.18.03:004][  0]LogAudioCaptureCore: Display: No Audio Capture implementations found. Audio input will be silent.
[2020.09.23-10.18.03:146][  0]LogOcInput: OculusInput pre-init called
[2020.09.23-10.18.03:158][  0]LogWindows: Failed to load 'OVRPlugin.dll' (GetLastError=126)
[2020.09.23-10.18.03:158][  0]LogWindows: File 'OVRPlugin.dll' does not exist
[2020.09.23-10.18.03:262][  0]LogEngine: Initializing Engine...
[2020.09.23-10.18.03:263][  0]LogHMD: Failed to initialize OpenVR with code 110
[2020.09.23-10.18.03:265][  0]LogStats: UGameplayTagsManager::InitializeManager -  0.000 s
[2020.09.23-10.18.03:741][  0]LogInit: Initializing FReadOnlyCVARCache
[2020.09.23-10.18.03:750][  0]LogAIModule: Creating AISystem for world Untitled
[2020.09.23-10.18.03:775][  0]LogAudioMixer: Display: Audio Mixer Platform Settings:
[2020.09.23-10.18.03:775][  0]LogAudioMixer: Display: 	Sample Rate:						  48000
[2020.09.23-10.18.03:775][  0]LogAudioMixer: Display: 	Callback Buffer Frame Size Requested: 1024
[2020.09.23-10.18.03:775][  0]LogAudioMixer: Display: 	Callback Buffer Frame Size To Use:	  1024
[2020.09.23-10.18.03:775][  0]LogAudioMixer: Display: 	Number of buffers to queue:			  2
[2020.09.23-10.18.03:776][  0]LogAudioMixer: Display: 	Max Channels (voices):				  32
[2020.09.23-10.18.03:776][  0]LogAudioMixer: Display: 	Number of Async Source Workers:		  0
[2020.09.23-10.18.03:776][  0]LogAudio: Display: AudioDevice MaxSources: 32
[2020.09.23-10.18.03:776][  0]LogAudio: Display: Using built-in audio occlusion.
[2020.09.23-10.18.03:776][  0]LogAudioMixer: Display: Initializing audio mixer.
[2020.09.23-10.18.03:801][  0]LogAudioMixer: Display: Audio Device Output Speaker Info:
[2020.09.23-10.18.03:801][  0]LogAudioMixer: Display: Name: Speakers (4- USB Audio Device)
[2020.09.23-10.18.03:801][  0]LogAudioMixer: Display: Is Default: Yes
[2020.09.23-10.18.03:801][  0]LogAudioMixer: Display: Sample Rate: 48000
[2020.09.23-10.18.03:801][  0]LogAudioMixer: Display: Channel Count Used: 2
[2020.09.23-10.18.03:801][  0]LogAudioMixer: Display: Device Channel Count: 2
[2020.09.23-10.18.03:801][  0]LogAudioMixer: Display: Channel Order:
[2020.09.23-10.18.03:801][  0]LogAudioMixer: Display: 0: FrontLeft
[2020.09.23-10.18.03:801][  0]LogAudioMixer: Display: 1: FrontRight
[2020.09.23-10.18.03:830][  0]LogAudioMixer: Display: Using Audio Device Speakers (4- USB Audio Device)
[2020.09.23-10.18.03:846][  0]LogInit: FAudioDevice initialized.
[2020.09.23-10.18.03:846][  0]LogNetVersion: Set ProjectVersion to 1.0.0.0. Version Checksum will be recalculated on next use.
[2020.09.23-10.18.04:030][  0]LogDerivedDataCache: Saved boot cache 0.18s 87MB C:/Users/Mr.Fab/AppData/Local/UnrealEngine/4.24/DerivedDataCache/Boot.ddc.
[2020.09.23-10.18.04:031][  0]LogInit: Texture streaming: Enabled
[2020.09.23-10.18.04:052][  0]LogEngineSessionManager: EngineSessionManager initialized
[2020.09.23-10.18.04:052][  0]LogEditorSessionSummary: Verbose: Initializing EditorSessionSummaryWriter for editor session tracking
[2020.09.23-10.18.04:054][  0]LogEditorSessionSummary: EditorSessionSummaryWriter initialized
[2020.09.23-10.18.04:118][  0]LogInit: Transaction tracking system initialized
[2020.09.23-10.18.04:131][  0]BlueprintLog: New page: Editor Load
[2020.09.23-10.18.04:179][  0]LocalizationService: Localization service is disabled
[2020.09.23-10.18.06:246][  0]LogFileCache: Scanning file cache for directory 'E:/FSM/Finite-State-Machine-in-UE4/FSM/FSM/Content/' took 0.00s
[2020.09.23-10.18.06:246][  0]LogCook: Display: Max memory allowance for cook 16384mb min free memory 0mb
[2020.09.23-10.18.06:246][  0]LogCook: Display: Mobile HDR setting 1
[2020.09.23-10.18.07:109][  0]SourceControl: Source control is disabled
[2020.09.23-10.18.07:110][  0]Cmd: MAP LOAD FILE="../../../../FSM/Finite-State-Machine-in-UE4/FSM/FSM/Content/FirstPersonCPP/Maps/FirstPersonExampleMap.umap" TEMPLATE=0 SHOWPROGRESS=1 FEATURELEVEL=3
[2020.09.23-10.18.07:110][  0]LightingResults: New page: Lighting Build
[2020.09.23-10.18.07:111][  0]LogWorld: UWorld::CleanupWorld for Untitled, bSessionEnded=true, bCleanupResources=true
[2020.09.23-10.18.07:111][  0]LogSlate: InvalidateAllWidgets triggered.  All widgets were invalidated
[2020.09.23-10.18.07:111][  0]MapCheck: New page: Map Check
[2020.09.23-10.18.07:111][  0]LightingResults: New page: Lighting Build
[2020.09.23-10.18.07:153][  0]LogUObjectHash: Compacting FUObjectHashTables data took   3.50ms
[2020.09.23-10.18.07:276][  0]LogAIModule: Creating AISystem for world FirstPersonExampleMap
[2020.09.23-10.18.07:284][  0]LogEditorServer: Finished looking for orphan Actors (0.000 secs)
[2020.09.23-10.18.07:328][  0]LogUObjectHash: Compacting FUObjectHashTables data took   3.17ms
[2020.09.23-10.18.07:328][  0]Cmd: MAP CHECKDEP NOCLEARLOG
[2020.09.23-10.18.07:328][  0]MapCheck: Map check complete: 0 Error(s), 0 Warning(s), took 0.163ms to complete.
[2020.09.23-10.18.07:328][  0]LogFileHelpers: Loading map 'FirstPersonExampleMap' took 0.219
[2020.09.23-10.18.07:472][  0]LogSlate: Updating window title bar state: overlay mode, drag disabled, window buttons hidden, title bar hidden
[2020.09.23-10.18.07:484][  0]LogSlate: Updating window title bar state: overlay mode, drag disabled, window buttons hidden, title bar hidden
[2020.09.23-10.18.07:495][  0]LogSlate: Updating window title bar state: overlay mode, drag disabled, window buttons hidden, title bar hidden
[2020.09.23-10.18.07:503][  0]LogSlate: Updating window title bar state: overlay mode, drag disabled, window buttons hidden, title bar hidden
[2020.09.23-10.18.07:509][  0]LogCollectionManager: Loaded 0 collections in 0.001370 seconds
[2020.09.23-10.18.07:529][  0]LogFileCache: Scanning file cache for directory 'E:/FSM/Finite-State-Machine-in-UE4/FSM/FSM/Saved/Collections/' took 0.00s
[2020.09.23-10.18.07:529][  0]LogFileCache: Scanning file cache for directory 'E:/FSM/Finite-State-Machine-in-UE4/FSM/FSM/Content/Developers/MrFab/Collections/' took 0.00s
[2020.09.23-10.18.07:529][  0]LogFileCache: Scanning file cache for directory 'E:/FSM/Finite-State-Machine-in-UE4/FSM/FSM/Content/Collections/' took 0.00s
[2020.09.23-10.18.07:529][  0]LogContentBrowser: Native class hierarchy populated in 0.0145 seconds. Added 3021 classes and 722 folders.
[2020.09.23-10.18.07:533][  0]LogContentBrowser: Native class hierarchy updated for 'WidgetCarousel' in 0.0005 seconds. Added 0 classes and 0 folders.
[2020.09.23-10.18.07:585][  0]LogContentBrowser: Native class hierarchy updated for 'AddContentDialog' in 0.0004 seconds. Added 0 classes and 0 folders.
[2020.09.23-10.18.07:677][  0]LogSlate: Took 0.000220 seconds to synchronously load lazily loaded font '../../../Engine/Content/Slate/Fonts/Roboto-Regular.ttf' (155K)
[2020.09.23-10.18.07:683][  0]LogSlate: Took 0.000206 seconds to synchronously load lazily loaded font '../../../Engine/Content/Slate/Fonts/Roboto-Bold.ttf' (160K)
[2020.09.23-10.18.07:686][  0]LogSlate: Took 0.000177 seconds to synchronously load lazily loaded font '../../../Engine/Content/Editor/Slate/Fonts/FontAwesome.ttf' (139K)
[2020.09.23-10.18.07:780][  0]LogRenderer: Reallocating scene render targets to support 1024x692 Format 9 NumSamples 1 (Frame:1).
[2020.09.23-10.18.07:876][  0]LogSlate: Took 0.000227 seconds to synchronously load lazily loaded font '../../../Engine/Content/Slate/Fonts/Roboto-Light.ttf' (167K)
[2020.09.23-10.18.07:966][  0]LogContentBrowser: Native class hierarchy updated for 'HierarchicalLODOutliner' in 0.0007 seconds. Added 0 classes and 0 folders.
[2020.09.23-10.18.07:966][  0]LogLoad: (Engine Initialization) Total time: 12.07 seconds
[2020.09.23-10.18.07:966][  0]LogLoad: (Engine Initialization) Total Blueprint compile time: 0.00 seconds
[2020.09.23-10.18.08:019][  0]LogAssetRegistry: Asset discovery search completed in 8.0359 seconds
[2020.09.23-10.18.08:024][  0]LogCollectionManager: Fixed up redirectors for 0 collections in 0.000012 seconds (updated 0 objects)
[2020.09.23-10.18.08:025][  0]LogContentStreaming: Texture pool size now 600 MB
[2020.09.23-10.18.08:041][  0]LogSlate: Took 0.000183 seconds to synchronously load lazily loaded font '../../../Engine/Content/Slate/Fonts/Roboto-Light.ttf' (167K)
[2020.09.23-10.18.15:083][215]LogSlate: Window 'Plugins' being destroyed
[2020.09.23-10.18.15:088][215]LogSlate: Window 'Plugins' being destroyed
[2020.09.23-10.18.15:088][215]LogDirectoryWatcher: A directory notification for '../../../Engine/Plugins/' was aborted.
[2020.09.23-10.18.19:529][737]LogUObjectHash: Compacting FUObjectHashTables data took   0.79ms
[2020.09.23-10.18.19:554][737]LogSlate: Window 'FSM - Unreal Editor' being destroyed
[2020.09.23-10.18.19:555][737]LogWindowsTextInputMethodSystem: Display: IME system now deactivated.
[2020.09.23-10.18.19:645][738]Cmd: QUIT_EDITOR
[2020.09.23-10.18.19:645][738]LogCore: Engine exit requested (reason: UUnrealEdEngine::CloseEditor())
[2020.09.23-10.18.19:654][738]LogCore: Engine exit requested (reason: EngineExit() was called; note: exit was already requested)
[2020.09.23-10.18.19:654][738]LogAudioMixer: Display: No commands were queued while flushing the source manager.
[2020.09.23-10.18.19:685][738]LogExit: Preparing to exit.
[2020.09.23-10.18.20:798][738]LogWorld: UWorld::CleanupWorld for None, bSessionEnded=true, bCleanupResources=true
[2020.09.23-10.18.20:799][738]LogExit: Editor shut down
[2020.09.23-10.18.20:799][738]LogExit: Transaction tracking system shut down
[2020.09.23-10.18.20:801][738]LogDemo: Cleaned up 0 splitscreen connections with owner deletion
[2020.09.23-10.18.21:137][738]LogExit: Object subsystem successfully closed.
[2020.09.23-10.18.21:178][738]LogShaderCompilers: Display: Shaders left to compile 0
[2020.09.23-10.18.21:203][738]LogModuleManager: Shutting down and abandoning module HierarchicalLODOutliner (708)
[2020.09.23-10.18.21:203][738]LogModuleManager: Shutting down and abandoning module AddContentDialog (706)
[2020.09.23-10.18.21:203][738]LogModuleManager: Shutting down and abandoning module WidgetCarousel (705)
[2020.09.23-10.18.21:203][738]LogModuleManager: Shutting down and abandoning module EditorWidgets (702)
[2020.09.23-10.18.21:203][738]LogModuleManager: Shutting down and abandoning module CollectionManager (700)
[2020.09.23-10.18.21:204][738]LogModuleManager: Shutting down and abandoning module SceneOutliner (698)
[2020.09.23-10.18.21:204][738]LogModuleManager: Shutting down and abandoning module StatsViewer (696)
[2020.09.23-10.18.21:204][738]LogModuleManager: Shutting down and abandoning module VirtualTexturingEditor (694)
[2020.09.23-10.18.21:204][738]LogModuleManager: Shutting down and abandoning module FoliageEdit (692)
[2020.09.23-10.18.21:204][738]LogModuleManager: Shutting down and abandoning module LandscapeEditor (690)
[2020.09.23-10.18.21:204][738]LogModuleManager: Shutting down and abandoning module MeshPaintMode (688)
[2020.09.23-10.18.21:205][738]LogModuleManager: Shutting down and abandoning module SceneDepthPickerMode (686)
[2020.09.23-10.18.21:205][738]LogModuleManager: Shutting down and abandoning module ActorPickerMode (684)
[2020.09.23-10.18.21:205][738]LogModuleManager: Shutting down and abandoning module GeometryMode (682)
[2020.09.23-10.18.21:205][738]LogModuleManager: Shutting down and abandoning module TextureAlignMode (680)
[2020.09.23-10.18.21:205][738]LogModuleManager: Shutting down and abandoning module BspMode (678)
[2020.09.23-10.18.21:205][738]LogModuleManager: Shutting down and abandoning module PIEPreviewDeviceProfileSelector (676)
[2020.09.23-10.18.21:205][738]LogModuleManager: Shutting down and abandoning module SequenceRecorderSections (674)
[2020.09.23-10.18.21:205][738]LogModuleManager: Shutting down and abandoning module AutomationWorker (672)
[2020.09.23-10.18.21:205][738]LogModuleManager: Shutting down and abandoning module SteamVREditor (670)
[2020.09.23-10.18.21:205][738]LogModuleManager: Shutting down and abandoning module OculusMR (668)
[2020.09.23-10.18.21:205][738]LogModuleManager: Shutting down and abandoning module AudioCaptureEditor (666)
[2020.09.23-10.18.21:205][738]LogModuleManager: Shutting down and abandoning module MatineeToLevelSequence (664)
[2020.09.23-10.18.21:205][738]LogModuleManager: Shutting down and abandoning module LevelSequenceEditor (662)
[2020.09.23-10.18.21:205][738]LogModuleManager: Shutting down and abandoning module PlacementMode (661)
[2020.09.23-10.18.21:205][738]LogModuleManager: Shutting down and abandoning module MaterialEditor (660)
[2020.09.23-10.18.21:205][738]LogModuleManager: Shutting down and abandoning module ActorSequenceEditor (656)
[2020.09.23-10.18.21:206][738]LogModuleManager: Shutting down and abandoning module WmfMediaFactory (654)
[2020.09.23-10.18.21:206][738]LogModuleManager: Shutting down and abandoning module WmfMediaEditor (652)
[2020.09.23-10.18.21:206][738]LogModuleManager: Shutting down and abandoning module WebMMediaFactory (650)
[2020.09.23-10.18.21:206][738]LogModuleManager: Shutting down and abandoning module WebMMediaEditor (648)
[2020.09.23-10.18.21:206][738]LogModuleManager: Shutting down and abandoning module WebMMedia (646)
[2020.09.23-10.18.21:206][738]LogModuleManager: Shutting down and abandoning module MediaPlayerEditor (644)
[2020.09.23-10.18.21:206][738]LogModuleManager: Shutting down and abandoning module MediaCompositingEditor (642)
[2020.09.23-10.18.21:206][738]LogModuleManager: Shutting down and abandoning module SequenceRecorder (641)
[2020.09.23-10.18.21:206][738]LogModuleManager: Shutting down and abandoning module OpenExrWrapper (638)
[2020.09.23-10.18.21:206][738]LogModuleManager: Shutting down and abandoning module ImgMediaFactory (636)
[2020.09.23-10.18.21:206][738]LogModuleManager: Shutting down and abandoning module ImgMediaEditor (634)
[2020.09.23-10.18.21:206][738]LogModuleManager: Shutting down and abandoning module AvfMediaFactory (632)
[2020.09.23-10.18.21:206][738]LogModuleManager: Shutting down and abandoning module AvfMediaEditor (630)
[2020.09.23-10.18.21:206][738]LogModuleManager: Shutting down and abandoning module AndroidMediaFactory (628)
[2020.09.23-10.18.21:206][738]LogModuleManager: Shutting down and abandoning module AndroidMediaEditor (626)
[2020.09.23-10.18.21:206][738]LogModuleManager: Shutting down and abandoning module MagicLeapMediaCodecFactory (624)
[2020.09.23-10.18.21:206][738]LogModuleManager: Shutting down and abandoning module MagicLeapMediaFactory (622)
[2020.09.23-10.18.21:206][738]LogModuleManager: Shutting down and abandoning module MagicLeapMediaEditor (620)
[2020.09.23-10.18.21:206][738]LogModuleManager: Shutting down and abandoning module CharacterAI (618)
[2020.09.23-10.18.21:206][738]LogModuleManager: Shutting down and abandoning module SmartSnapping (616)
[2020.09.23-10.18.21:206][738]LogModuleManager: Shutting down and abandoning module SessionServices (614)
[2020.09.23-10.18.21:207][738]LogModuleManager: Shutting down and abandoning module MeshPaint (612)
[2020.09.23-10.18.21:207][738]LogModuleManager: Shutting down and abandoning module ViewportSnapping (610)
[2020.09.23-10.18.21:207][738]LogModuleManager: Shutting down and abandoning module ViewportInteraction (608)
[2020.09.23-10.18.21:207][738]LogModuleManager: Shutting down and abandoning module ClothPainter (606)
[2020.09.23-10.18.21:207][738]LogModuleManager: Shutting down and abandoning module SkeletalMeshEditor (605)
[2020.09.23-10.18.21:207][738]LogModuleManager: Shutting down and abandoning module LogVisualizer (602)
[2020.09.23-10.18.21:207][738]LogModuleManager: Shutting down and abandoning module IntroTutorials (600)
[2020.09.23-10.18.21:207][738]LogModuleManager: Shutting down and abandoning module GameProjectGeneration (599)
[2020.09.23-10.18.21:207][738]LogModuleManager: Shutting down and abandoning module LuminPlatformEditor (596)
[2020.09.23-10.18.21:207][738]LogModuleManager: Shutting down and abandoning module IOSPlatformEditor (594)
[2020.09.23-10.18.21:207][738]LogModuleManager: Shutting down and abandoning module AndroidPlatformEditor (592)
[2020.09.23-10.18.21:207][738]LogModuleManager: Shutting down and abandoning module AndroidDeviceDetection (591)
[2020.09.23-10.18.21:697][738]LogModuleManager: Shutting down and abandoning module WindowsPlatformEditor (588)
[2020.09.23-10.18.21:697][738]LogModuleManager: Shutting down and abandoning module LuminRuntimeSettings (586)
[2020.09.23-10.18.21:697][738]LogModuleManager: Shutting down and abandoning module IOSRuntimeSettings (584)
[2020.09.23-10.18.21:697][738]LogModuleManager: Shutting down and abandoning module AndroidRuntimeSettings (582)
[2020.09.23-10.18.21:697][738]LogModuleManager: Shutting down and abandoning module EditorInteractiveToolsFramework (580)
[2020.09.23-10.18.21:697][738]LogModuleManager: Shutting down and abandoning module TimeManagementEditor (578)
[2020.09.23-10.18.21:697][738]LogModuleManager: Shutting down and abandoning module InputBindingEditor (576)
[2020.09.23-10.18.21:697][738]LogModuleManager: Shutting down and abandoning module MergeActors (574)
[2020.09.23-10.18.21:697][738]LogModuleManager: Shutting down and abandoning module LocalizationDashboard (572)
[2020.09.23-10.18.21:698][738]LogModuleManager: Shutting down and abandoning module LocalizationService (571)
[2020.09.23-10.18.21:698][738]LogModuleManager: Shutting down and abandoning module HardwareTargeting (568)
[2020.09.23-10.18.21:698][738]LogModuleManager: Shutting down and abandoning module DeviceProfileEditor (566)
[2020.09.23-10.18.21:698][738]LogModuleManager: Shutting down and abandoning module UndoHistory (564)
[2020.09.23-10.18.21:698][738]LogModuleManager: Shutting down and abandoning module XmlParser (562)
[2020.09.23-10.18.21:698][738]LogModuleManager: Shutting down and abandoning module Blutility (560)
[2020.09.23-10.18.21:698][738]LogModuleManager: Shutting down and abandoning module ProjectSettingsViewer (558)
[2020.09.23-10.18.21:698][738]LogModuleManager: Shutting down and abandoning module ProjectTargetPlatformEditor (557)
[2020.09.23-10.18.21:698][738]LogModuleManager: Shutting down and abandoning module EditorSettingsViewer (554)
[2020.09.23-10.18.21:698][738]LogModuleManager: Shutting down and abandoning module SettingsEditor (552)
[2020.09.23-10.18.21:698][738]LogModuleManager: Shutting down and abandoning module ProjectLauncher (550)
[2020.09.23-10.18.21:698][738]LogModuleManager: Shutting down and abandoning module SessionFrontend (548)
[2020.09.23-10.18.21:698][738]LogModuleManager: Shutting down and abandoning module ProfilerClient (546)
[2020.09.23-10.18.21:698][738]LogModuleManager: Shutting down and abandoning module DeviceManager (544)
[2020.09.23-10.18.21:698][738]LogModuleManager: Shutting down and abandoning module TargetDeviceServices (543)
[2020.09.23-10.18.21:731][738]LogModuleManager: Shutting down and abandoning module AutomationController (540)
[2020.09.23-10.18.21:731][738]LogModuleManager: Shutting down and abandoning module AutomationWindow (538)
[2020.09.23-10.18.21:731][738]LogModuleManager: Shutting down and abandoning module Layers (536)
[2020.09.23-10.18.21:731][738]LogModuleManager: Shutting down and abandoning module ComponentVisualizers (534)
[2020.09.23-10.18.21:731][738]LogModuleManager: Shutting down and abandoning module DetailCustomizations (532)
[2020.09.23-10.18.21:731][738]LogModuleManager: Shutting down and abandoning module PackagesDialog (530)
[2020.09.23-10.18.21:731][738]LogModuleManager: Shutting down and abandoning module AnimationBlueprintEditor (528)
[2020.09.23-10.18.21:731][738]LogModuleManager: Shutting down and abandoning module Persona (526)
[2020.09.23-10.18.21:731][738]LogModuleManager: Shutting down and abandoning module AdvancedPreviewScene (525)
[2020.09.23-10.18.21:731][738]LogModuleManager: Shutting down and abandoning module AnimGraph (523)
[2020.09.23-10.18.21:731][738]LogModuleManager: Shutting down and abandoning module Kismet (520)
[2020.09.23-10.18.21:732][738]LogModuleManager: Shutting down and abandoning module KismetWidgets (519)
[2020.09.23-10.18.21:732][738]LogModuleManager: Shutting down and abandoning module GraphEditor (516)
[2020.09.23-10.18.21:732][738]LogModuleManager: Shutting down and abandoning module StructViewer (514)
[2020.09.23-10.18.21:732][738]LogModuleManager: Shutting down and abandoning module ClassViewer (512)
[2020.09.23-10.18.21:732][738]LogModuleManager: Shutting down and abandoning module Toolbox (510)
[2020.09.23-10.18.21:732][738]LogModuleManager: Shutting down and abandoning module ModuleUI (508)
[2020.09.23-10.18.21:732][738]LogModuleManager: Shutting down and abandoning module OutputLog (506)
[2020.09.23-10.18.21:733][738]LogModuleManager: Shutting down and abandoning module GammaUI (504)
[2020.09.23-10.18.21:733][738]LogModuleManager: Shutting down and abandoning module Documentation (502)
[2020.09.23-10.18.21:733][738]LogModuleManager: Shutting down and abandoning module ToolMenus (500)
[2020.09.23-10.18.21:733][738]LogModuleManager: Shutting down and abandoning module LiveCoding (498)
[2020.09.23-10.18.21:733][738]LogModuleManager: Shutting down and abandoning module LevelSequence (496)
[2020.09.23-10.18.21:733][738]LogModuleManager: Shutting down and abandoning module MovieSceneTracks (494)
[2020.09.23-10.18.21:733][738]LogModuleManager: Shutting down and abandoning module MovieScene (492)
[2020.09.23-10.18.21:733][738]LogModuleManager: Shutting down and abandoning module StreamingPauseRendering (490)
[2020.09.23-10.18.21:733][738]LogModuleManager: Shutting down and abandoning module LauncherPlatform (488)
[2020.09.23-10.18.21:733][738]LogModuleManager: Shutting down and abandoning module AnalyticsET (486)
[2020.09.23-10.18.21:733][738]LogModuleManager: Shutting down and abandoning module PortalServices (484)
[2020.09.23-10.18.21:733][738]LogModuleManager: Shutting down and abandoning module PortalRpc (482)
[2020.09.23-10.18.21:733][738]LogModuleManager: Shutting down and abandoning module MessagingRpc (480)
[2020.09.23-10.18.21:733][738]LogModuleManager: Shutting down and abandoning module AudioMixerXAudio2 (478)
[2020.09.23-10.18.21:733][738]LogModuleManager: Shutting down and abandoning module AIModule (476)
[2020.09.23-10.18.21:733][738]LogModuleManager: Shutting down and abandoning module GameplayDebugger (475)
[2020.09.23-10.18.21:733][738]LogModuleManager: Shutting down and abandoning module AITestSuite (473)
[2020.09.23-10.18.21:733][738]LogModuleManager: Shutting down and abandoning module NavigationSystem (471)
[2020.09.23-10.18.21:733][738]LogModuleManager: Shutting down and abandoning module ImageWriteQueue (468)
[2020.09.23-10.18.21:743][738]LogModuleManager: Shutting down and abandoning module ProfilerService (466)
[2020.09.23-10.18.21:944][738]LogModuleManager: Shutting down and abandoning module TaskGraph (464)
[2020.09.23-10.18.21:944][738]LogModuleManager: Shutting down and abandoning module ScreenshotTools (462)
[2020.09.23-10.18.21:944][738]LogModuleManager: Shutting down and abandoning module ProceduralMeshComponentEditor (460)
[2020.09.23-10.18.21:944][738]LogModuleManager: Shutting down and abandoning module ProceduralMeshComponent (458)
[2020.09.23-10.18.21:945][738]LogModuleManager: Shutting down and abandoning module OculusEditor (456)
[2020.09.23-10.18.21:945][738]LogModuleManager: Shutting down and abandoning module OculusInput (454)
[2020.09.23-10.18.21:945][738]LogModuleManager: Shutting down and abandoning module MobilePatchingUtils (452)
[2020.09.23-10.18.21:945][738]LogModuleManager: Shutting down and abandoning module EditableMesh (450)
[2020.09.23-10.18.21:945][738]LogModuleManager: Shutting down and abandoning module CustomMeshComponent (448)
[2020.09.23-10.18.21:945][738]LogModuleManager: Shutting down and abandoning module CableComponent (446)
[2020.09.23-10.18.21:945][738]LogModuleManager: Shutting down and abandoning module AudioCapture (444)
[2020.09.23-10.18.21:945][738]LogModuleManager: Shutting down and abandoning module AudioCaptureRtAudio (443)
[2020.09.23-10.18.21:945][738]LogModuleManager: Shutting down and abandoning module AssetTags (440)
[2020.09.23-10.18.21:945][738]LogModuleManager: Shutting down and abandoning module ArchVisCharacter (438)
[2020.09.23-10.18.21:945][738]LogModuleManager: Shutting down and abandoning module AppleImageUtilsBlueprintSupport (436)
[2020.09.23-10.18.21:945][738]LogModuleManager: Shutting down and abandoning module AppleImageUtils (434)
[2020.09.23-10.18.21:945][738]LogModuleManager: Shutting down and abandoning module AndroidPermission (432)
[2020.09.23-10.18.21:945][738]LogModuleManager: Shutting down and abandoning module NUTUnrealEngine4 (430)
[2020.09.23-10.18.21:945][738]LogModuleManager: Shutting down and abandoning module NetcodeUnitTest (428)
[2020.09.23-10.18.21:945][738]LogModuleManager: Shutting down and abandoning module MediaCompositing (426)
[2020.09.23-10.18.21:945][738]LogModuleManager: Shutting down and abandoning module ImgMedia (424)
[2020.09.23-10.18.21:945][738]LogModuleManager: Shutting down and abandoning module RiderSourceCodeAccess (422)
[2020.09.23-10.18.21:945][738]LogModuleManager: Shutting down and abandoning module MagicLeapHelperVulkan (420)
[2020.09.23-10.18.21:945][738]LogModuleManager: Shutting down and abandoning module MagicLeapHelperOpenGL (418)
[2020.09.23-10.18.21:945][738]LogModuleManager: Shutting down and abandoning module MagicLeapAudio (416)
[2020.09.23-10.18.21:945][738]LogModuleManager: Shutting down and abandoning module GeometryCacheTracks (414)
[2020.09.23-10.18.21:946][738]LogModuleManager: Shutting down and abandoning module GeometryCacheSequencer (412)
[2020.09.23-10.18.21:946][738]LogModuleManager: Shutting down and abandoning module BackChannel (410)
[2020.09.23-10.18.21:946][738]LogModuleManager: Shutting down and abandoning module AutomationUtilsEditor (408)
[2020.09.23-10.18.21:946][738]LogModuleManager: Shutting down and abandoning module AutomationUtils (406)
[2020.09.23-10.18.21:946][738]LogModuleManager: Shutting down and abandoning module AlembicImporter (404)
[2020.09.23-10.18.21:946][738]LogModuleManager: Shutting down and abandoning module AlembicLibrary (403)
[2020.09.23-10.18.21:946][738]LogModuleManager: Shutting down and abandoning module GeometryCache (402)
[2020.09.23-10.18.21:946][738]LogModuleManager: Shutting down and abandoning module GeometryCacheEd (401)
[2020.09.23-10.18.21:946][738]LogModuleManager: Shutting down and abandoning module VariantManagerContentEditor (396)
[2020.09.23-10.18.21:946][738]LogModuleManager: Shutting down and abandoning module DatasmithContentEditor (394)
[2020.09.23-10.18.21:946][738]LogModuleManager: Shutting down and abandoning module SpeedTreeImporter (392)
[2020.09.23-10.18.21:946][738]LogModuleManager: Shutting down and abandoning module PluginBrowser (390)
[2020.09.23-10.18.21:946][738]LogModuleManager: Shutting down and abandoning module MobileLauncherProfileWizard (388)
[2020.09.23-10.18.21:946][738]LogModuleManager: Shutting down and abandoning module MaterialAnalyzer (386)
[2020.09.23-10.18.21:946][738]LogModuleManager: Shutting down and abandoning module CurveEditorTools (384)
[2020.09.23-10.18.21:946][738]LogModuleManager: Shutting down and abandoning module CryptoKeysOpenSSL (382)
[2020.09.23-10.18.21:946][738]LogModuleManager: Shutting down and abandoning module CryptoKeys (380)
[2020.09.23-10.18.21:946][738]LogModuleManager: Shutting down and abandoning module VisualStudioSourceCodeAccess (378)
[2020.09.23-10.18.21:946][738]LogModuleManager: Shutting down and abandoning module VisualStudioCodeSourceCodeAccess (376)
[2020.09.23-10.18.21:946][738]LogModuleManager: Shutting down and abandoning module UObjectPlugin (374)
[2020.09.23-10.18.21:947][738]LogModuleManager: Shutting down and abandoning module SubversionSourceControl (372)
[2020.09.23-10.18.21:947][738]LogModuleManager: Shutting down and abandoning module RiderGameControlExtension (370)
[2020.09.23-10.18.21:947][738]LogModuleManager: Shutting down and abandoning module RiderBlueprintExtension (368)
[2020.09.23-10.18.21:947][738]LogModuleManager: Shutting down and abandoning module PlasticSourceControl (366)
[2020.09.23-10.18.21:947][738]LogModuleManager: Shutting down and abandoning module PerforceSourceControl (364)
[2020.09.23-10.18.21:947][738]LogModuleManager: Shutting down and abandoning module GitSourceControl (362)
[2020.09.23-10.18.21:947][738]LogModuleManager: Shutting down and abandoning module SourceControl (361)
[2020.09.23-10.18.21:947][738]LogModuleManager: Shutting down and abandoning module CLionSourceCodeAccess (358)
[2020.09.23-10.18.21:947][738]LogModuleManager: Shutting down and abandoning module AnimationSharingEd (356)
[2020.09.23-10.18.21:947][738]LogModuleManager: Shutting down and abandoning module ActorLayerUtilitiesEditor (354)
[2020.09.23-10.18.21:947][738]LogModuleManager: Shutting down and abandoning module ActorLayerUtilities (352)
[2020.09.23-10.18.21:947][738]LogModuleManager: Shutting down and abandoning module LightPropagationVolumeEditor (350)
[2020.09.23-10.18.21:947][738]LogModuleManager: Shutting down and abandoning module PaperTiledImporter (348)
[2020.09.23-10.18.21:947][738]LogModuleManager: Shutting down and abandoning module PaperSpriteSheetImporter (346)
[2020.09.23-10.18.21:947][738]LogModuleManager: Shutting down and abandoning module Paper2DEditor (344)
[2020.09.23-10.18.21:947][738]LogModuleManager: Shutting down and abandoning module FSM (342)
[2020.09.23-10.18.21:947][738]LogModuleManager: Shutting down and abandoning module SignificanceManager (340)
[2020.09.23-10.18.21:947][738]LogModuleManager: Shutting down and abandoning module RuntimePhysXCooking (338)
[2020.09.23-10.18.21:947][738]LogModuleManager: Shutting down and abandoning module PhysXVehiclesEditor (336)
[2020.09.23-10.18.21:948][738]LogModuleManager: Shutting down and abandoning module LocationServicesBPLibrary (332)
[2020.09.23-10.18.21:948][738]LogModuleManager: Shutting down and abandoning module ActorSequence (330)
[2020.09.23-10.18.21:948][738]LogModuleManager: Shutting down and abandoning module UdpMessaging (328)
[2020.09.23-10.18.22:049][738]LogModuleManager: Shutting down and abandoning module TcpMessaging (326)
[2020.09.23-10.18.22:150][738]LogModuleManager: Shutting down and abandoning module MagicLeapPrivileges (324)
[2020.09.23-10.18.22:150][738]LogModuleManager: Shutting down and abandoning module MagicLeapPlanes (322)
[2020.09.23-10.18.22:150][738]LogMagicLeapPlanes: Planes tracker already destroyed.
[2020.09.23-10.18.22:150][738]LogModuleManager: Shutting down and abandoning module MagicLeapIdentity (320)
[2020.09.23-10.18.22:150][738]LogModuleManager: Shutting down and abandoning module MagicLeapSecureStorage (318)
[2020.09.23-10.18.22:150][738]LogModuleManager: Shutting down and abandoning module MagicLeapImageTracker (316)
[2020.09.23-10.18.22:150][738]LogModuleManager: Shutting down and abandoning module MagicLeapHandTracking (314)
[2020.09.23-10.18.22:150][738]LogModuleManager: Shutting down and abandoning module MagicLeapHandMeshing (312)
[2020.09.23-10.18.22:150][738]LogModuleManager: Shutting down and abandoning module MagicLeapEyeTracker (310)
[2020.09.23-10.18.22:150][738]LogModuleManager: Shutting down and abandoning module MagicLeapController (308)
[2020.09.23-10.18.22:150][738]LogSlate: Slate User Destroyed.  User Index 0, Is Virtual User: 0
[2020.09.23-10.18.22:150][738]LogModuleManager: Shutting down and abandoning module MagicLeapARPin (306)
[2020.09.23-10.18.22:150][738]LogModuleManager: Shutting down and abandoning module MagicLeapAR (304)
[2020.09.23-10.18.22:150][738]LogModuleManager: Shutting down and abandoning module AugmentedReality (303)
[2020.09.23-10.18.22:150][738]LogModuleManager: Shutting down and abandoning module GameplayTagsEditor (300)
[2020.09.23-10.18.22:151][738]LogModuleManager: Shutting down and abandoning module FacialAnimationEditor (298)
[2020.09.23-10.18.22:151][738]LogModuleManager: Shutting down and abandoning module FacialAnimation (296)
[2020.09.23-10.18.22:151][738]LogModuleManager: Shutting down and abandoning module DataValidation (294)
[2020.09.23-10.18.22:151][738]LogModuleManager: Shutting down and abandoning module AssetManagerEditor (292)
[2020.09.23-10.18.22:151][738]LogModuleManager: Shutting down and abandoning module LevelEditor (291)
[2020.09.23-10.18.22:152][738]LogModuleManager: Shutting down and abandoning module PixelInspectorModule (290)
[2020.09.23-10.18.22:152][738]LogModuleManager: Shutting down and abandoning module CommonMenuExtensions (288)
[2020.09.23-10.18.22:152][738]LogModuleManager: Shutting down and abandoning module MainFrame (286)
[2020.09.23-10.18.22:152][738]LogModuleManager: Shutting down and abandoning module HotReload (285)
[2020.09.23-10.18.22:153][738]LogModuleManager: Shutting down and abandoning module ContentBrowser (281)
[2020.09.23-10.18.22:155][738]LogModuleManager: Shutting down and abandoning module TreeMap (279)
[2020.09.23-10.18.22:155][738]LogModuleManager: Shutting down and abandoning module RiderLoggingExtension (276)
[2020.09.23-10.18.22:155][738]LogModuleManager: Shutting down and abandoning module RiderLink (274)
[2020.09.23-10.18.22:158][738]LogModuleManager: Shutting down and abandoning module AnimationSharing (272)
[2020.09.23-10.18.22:158][738]LogModuleManager: Shutting down and abandoning module LightPropagationVolumeRuntime (270)
[2020.09.23-10.18.22:158][738]LogModuleManager: Shutting down and abandoning module Paper2D (268)
[2020.09.23-10.18.22:158][738]LogModuleManager: Shutting down and abandoning module WindowsMoviePlayer (266)
[2020.09.23-10.18.22:159][738]LogModuleManager: Shutting down and abandoning module WebMMoviePlayer (264)
[2020.09.23-10.18.22:159][738]LogModuleManager: Shutting down and abandoning module NetworkReplayStreaming (262)
[2020.09.23-10.18.22:159][738]LogModuleManager: Shutting down and abandoning module PacketHandler (260)
[2020.09.23-10.18.22:159][738]LogModuleManager: Shutting down and abandoning module ClothingSystemEditor (258)
[2020.09.23-10.18.22:159][738]LogModuleManager: Shutting down and abandoning module ClothingSystemRuntimeNv (256)
[2020.09.23-10.18.22:159][738]LogModuleManager: Shutting down and abandoning module MediaAssets (254)
[2020.09.23-10.18.22:159][738]LogModuleManager: Shutting down and abandoning module Overlay (252)
[2020.09.23-10.18.22:159][738]LogModuleManager: Shutting down and abandoning module OverlayEditor (251)
[2020.09.23-10.18.22:159][738]LogModuleManager: Shutting down and abandoning module VREditor (248)
[2020.09.23-10.18.22:159][738]LogModuleManager: Shutting down and abandoning module StringTableEditor (246)
[2020.09.23-10.18.22:159][738]LogModuleManager: Shutting down and abandoning module GameplayTasksEditor (244)
[2020.09.23-10.18.22:159][738]LogModuleManager: Shutting down and abandoning module BehaviorTreeEditor (242)
[2020.09.23-10.18.22:159][738]LogModuleManager: Shutting down and abandoning module FunctionalTesting (240)
[2020.09.23-10.18.22:159][738]LogModuleManager: Shutting down and abandoning module CollisionAnalyzer (238)
[2020.09.23-10.18.22:159][738]LogModuleManager: Shutting down and abandoning module WorkspaceMenuStructure (237)
[2020.09.23-10.18.22:159][738]LogModuleManager: Shutting down and abandoning module UMG (234)
[2020.09.23-10.18.22:159][738]LogModuleManager: Shutting down and abandoning module UMGEditor (233)
[2020.09.23-10.18.22:159][738]LogModuleManager: Shutting down and abandoning module MessageLog (231)
[2020.09.23-10.18.22:159][738]LogModuleManager: Shutting down and abandoning module SlateReflector (226)
[2020.09.23-10.18.22:159][738]LogModuleManager: Shutting down and abandoning module Slate (224)
[2020.09.23-10.18.22:159][738]LogModuleManager: Shutting down and abandoning module SlateCore (222)
[2020.09.23-10.18.22:160][738]LogModuleManager: Shutting down and abandoning module LandscapeEditorUtilities (220)
[2020.09.23-10.18.22:160][738]LogModuleManager: Shutting down and abandoning module UnrealEd (218)
[2020.09.23-10.18.22:160][738]LogModuleManager: Shutting down and abandoning module MRMesh (216)
[2020.09.23-10.18.22:160][738]LogModuleManager: Shutting down and abandoning module SourceCodeAccess (214)
[2020.09.23-10.18.22:160][738]LogModuleManager: Shutting down and abandoning module HeadMountedDisplay (212)
[2020.09.23-10.18.22:160][738]LogModuleManager: Shutting down and abandoning module XAudio2 (210)
[2020.09.23-10.18.22:160][738]LogModuleManager: Shutting down and abandoning module Networking (208)
[2020.09.23-10.18.22:160][738]LogModuleManager: Shutting down and abandoning module Core (206)
[2020.09.23-10.18.22:160][738]LogModuleManager: Shutting down and abandoning module MovieSceneTools (204)
[2020.09.23-10.18.22:160][738]LogModuleManager: Shutting down and abandoning module CurveEditor (203)
[2020.09.23-10.18.22:160][738]LogModuleManager: Shutting down and abandoning module Sequencer (201)
[2020.09.23-10.18.22:160][738]LogModuleManager: Shutting down and abandoning module EditorStyle (200)
[2020.09.23-10.18.22:162][738]LogModuleManager: Shutting down and abandoning module KismetCompiler (196)
[2020.09.23-10.18.22:162][738]LogModuleManager: Shutting down and abandoning module MeshUtilities (194)
[2020.09.23-10.18.22:162][738]LogModuleManager: Shutting down and abandoning module MeshMergeUtilities (193)
[2020.09.23-10.18.22:162][738]LogModuleManager: Shutting down and abandoning module MeshReductionInterface (192)
[2020.09.23-10.18.22:162][738]LogModuleManager: Shutting down and abandoning module MeshBoneReduction (191)
[2020.09.23-10.18.22:162][738]LogModuleManager: Shutting down and abandoning module SkeletalMeshReduction (189)
[2020.09.23-10.18.22:162][738]LogModuleManager: Shutting down and abandoning module ProxyLODMeshReduction (187)
[2020.09.23-10.18.22:162][738]LogModuleManager: Shutting down and abandoning module QuadricMeshReduction (185)
[2020.09.23-10.18.22:162][738]LogModuleManager: Shutting down and abandoning module MaterialBaking (181)
[2020.09.23-10.18.22:162][738]LogModuleManager: Shutting down and abandoning module NullInstallBundleManager (176)
[2020.09.23-10.18.22:162][738]LogModuleManager: Shutting down and abandoning module DerivedDataCache (174)
[2020.09.23-10.18.22:162][738]LogDerivedDataCache: Shutdown
[2020.09.23-10.18.22:162][738]LogModuleManager: Shutting down and abandoning module XGEController (172)
[2020.09.23-10.18.22:162][738]LogModuleManager: Shutting down and abandoning module TargetPlatform (170)
[2020.09.23-10.18.22:162][738]LogModuleManager: Shutting down and abandoning module VulkanShaderFormat (169)
[2020.09.23-10.18.22:162][738]LogModuleManager: Shutting down and abandoning module ShaderFormatVectorVM (167)
[2020.09.23-10.18.22:163][738]LogModuleManager: Shutting down and abandoning module ShaderFormatOpenGL (165)
[2020.09.23-10.18.22:163][738]LogModuleManager: Shutting down and abandoning module ShaderFormatD3D (163)
[2020.09.23-10.18.22:163][738]LogModuleManager: Shutting down and abandoning module MetalShaderFormat (161)
[2020.09.23-10.18.22:163][738]LogModuleManager: Shutting down and abandoning module TextureFormatUncompressed (159)
[2020.09.23-10.18.22:163][738]LogModuleManager: Shutting down and abandoning module TextureFormatPVR (157)
[2020.09.23-10.18.22:163][738]LogModuleManager: Shutting down and abandoning module TextureFormatDXT (155)
[2020.09.23-10.18.22:163][738]LogModuleManager: Shutting down and abandoning module TextureFormatIntelISPCTexComp (153)
[2020.09.23-10.18.22:163][738]LogModuleManager: Shutting down and abandoning module TextureFormatASTC (151)
[2020.09.23-10.18.22:163][738]LogModuleManager: Shutting down and abandoning module ImageWrapper (150)
[2020.09.23-10.18.22:163][738]LogModuleManager: Shutting down and abandoning module TextureFormatAndroid (147)
[2020.09.23-10.18.22:163][738]LogModuleManager: Shutting down and abandoning module AudioFormatOpus (145)
[2020.09.23-10.18.22:163][738]LogModuleManager: Shutting down and abandoning module AudioFormatOgg (143)
[2020.09.23-10.18.22:163][738]LogModuleManager: Shutting down and abandoning module AudioFormatADPCM (141)
[2020.09.23-10.18.22:163][738]LogModuleManager: Shutting down and abandoning module WindowsServerTargetPlatform (139)
[2020.09.23-10.18.22:163][738]LogModuleManager: Shutting down and abandoning module WindowsClientTargetPlatform (137)
[2020.09.23-10.18.22:163][738]LogModuleManager: Shutting down and abandoning module WindowsTargetPlatform (135)
[2020.09.23-10.18.22:163][738]LogModuleManager: Shutting down and abandoning module WindowsNoEditorTargetPlatform (133)
[2020.09.23-10.18.22:163][738]LogModuleManager: Shutting down and abandoning module TVOSTargetPlatform (131)
[2020.09.23-10.18.22:164][738]LogModuleManager: Shutting down and abandoning module LuminTargetPlatform (129)
[2020.09.23-10.18.22:165][738]LogModuleManager: Shutting down and abandoning module LinuxAArch64ServerTargetPlatform (127)
[2020.09.23-10.18.22:165][738]LogModuleManager: Shutting down and abandoning module LinuxAArch64ClientTargetPlatform (125)
[2020.09.23-10.18.22:165][738]LogModuleManager: Shutting down and abandoning module LinuxAArch64NoEditorTargetPlatform (123)
[2020.09.23-10.18.22:165][738]LogModuleManager: Shutting down and abandoning module LinuxServerTargetPlatform (121)
[2020.09.23-10.18.22:165][738]LogModuleManager: Shutting down and abandoning module LinuxClientTargetPlatform (119)
[2020.09.23-10.18.22:165][738]LogModuleManager: Shutting down and abandoning module LinuxNoEditorTargetPlatform (117)
[2020.09.23-10.18.22:166][738]LogModuleManager: Shutting down and abandoning module Messaging (115)
[2020.09.23-10.18.22:166][738]LogModuleManager: Shutting down and abandoning module IOSTargetPlatform (113)
[2020.09.23-10.18.22:167][738]LogModuleManager: Shutting down and abandoning module AndroidTargetPlatform (111)
[2020.09.23-10.18.22:175][738]LogModuleManager: Shutting down and abandoning module AllDesktopTargetPlatform (109)
[2020.09.23-10.18.22:175][738]LogModuleManager: Shutting down and abandoning module InputCore (106)
[2020.09.23-10.18.22:175][738]LogModuleManager: Shutting down and abandoning module Settings (104)
[2020.09.23-10.18.22:175][738]LogModuleManager: Shutting down and abandoning module DirectoryWatcher (102)
[2020.09.23-10.18.22:175][738]LogModuleManager: Shutting down and abandoning module PhysXCooking (100)
[2020.09.23-10.18.22:175][738]LogModuleManager: Shutting down and abandoning module ChaosSolvers (98)
[2020.09.23-10.18.22:175][738]LogModuleManager: Shutting down and abandoning module FieldSystemEngine (97)
[2020.09.23-10.18.22:175][738]LogModuleManager: Shutting down and abandoning module Chaos (94)
[2020.09.23-10.18.22:175][738]LogModuleManager: Shutting down and abandoning module WindowsPlatformFeatures (92)
[2020.09.23-10.18.22:175][738]LogModuleManager: Shutting down and abandoning module GameplayMediaEncoder (91)
[2020.09.23-10.18.22:176][738]LogModuleManager: Shutting down and abandoning module SteamVRInputDevice (88)
[2020.09.23-10.18.22:176][738]LogModuleManager: Shutting down and abandoning module SteamVRInput (86)
[2020.09.23-10.18.22:176][738]LogModuleManager: Shutting down and abandoning module SteamVR (84)
[2020.09.23-10.18.22:176][738]LogHMD: Freeing OpenVRDLLHandle.
[2020.09.23-10.18.22:176][738]LogModuleManager: Shutting down and abandoning module OculusHMD (82)
[2020.09.23-10.18.22:176][738]LogModuleManager: Shutting down and abandoning module ExampleDeviceProfileSelector (80)
[2020.09.23-10.18.22:176][738]LogModuleManager: Shutting down and abandoning module LauncherChunkInstaller (78)
[2020.09.23-10.18.22:176][738]LogModuleManager: Shutting down and abandoning module OnlineBlueprintSupport (76)
[2020.09.23-10.18.22:176][738]LogModuleManager: Shutting down and abandoning module OnlineSubsystem (72)
[2020.09.23-10.18.22:177][738]LogModuleManager: Shutting down and abandoning module XMPP (67)
[2020.09.23-10.18.22:178][738]LogModuleManager: Shutting down and abandoning module WebSockets (66)
[2020.09.23-10.18.22:185][738]LogModuleManager: Shutting down and abandoning module HTTP (63)
[2020.09.23-10.18.22:185][738]LogHttp: Display: Http module shutting down, but needs to wait on 1 outstanding Http requests:
[2020.09.23-10.18.22:185][738]LogHttp: Display: 	verb=[POST] url=[https://datarouter.ol.epicgames.com/datarouter/api/v1/public/data?SessionID=%7BCE1BAD31-43A4-4559-043C-7E8F45C71615%7D&AppID=UEEditor.Rocket.Release&AppVersion=4.24.3-11590370%2B%2B%2BUE4%2BRelease-4.24&UserID=a8df1d8c4b945f40b4dccd89f4e4221c%7Cfa20b971bcae44ba86c503eea0155a8d%7C5c5aef4a-1007-43ff-965f-488d36655d63&AppEnvironment=datacollector-binary&UploadType=eteventstream] refs=[1] status=Processing
[2020.09.23-10.18.22:211][738]LogModuleManager: Shutting down and abandoning module SSL (62)
[2020.09.23-10.18.22:213][738]LogModuleManager: Shutting down and abandoning module WmfMedia (58)
[2020.09.23-10.18.22:218][738]LogModuleManager: Shutting down and abandoning module Media (57)
[2020.09.23-10.18.22:219][738]LogModuleManager: Shutting down and abandoning module MagicLeap (54)
[2020.09.23-10.18.22:219][738]LogModuleManager: Shutting down and abandoning module VariantManagerContent (52)
[2020.09.23-10.18.22:220][738]LogModuleManager: Shutting down and abandoning module DatasmithContent (50)
[2020.09.23-10.18.22:220][738]LogModuleManager: Shutting down and abandoning module AISupportModule (48)
[2020.09.23-10.18.22:220][738]LogModuleManager: Shutting down and abandoning module DesktopPlatform (46)
[2020.09.23-10.18.22:220][738]LogModuleManager: Shutting down and abandoning module PlatformCryptoOpenSSL (44)
[2020.09.23-10.18.22:220][738]LogModuleManager: Shutting down and abandoning module PlatformCryptoTypes (42)
[2020.09.23-10.18.22:220][738]LogModuleManager: Shutting down and abandoning module PlatformCrypto (40)
[2020.09.23-10.18.22:220][738]LogModuleManager: Shutting down and abandoning module AnimationModifiers (38)
[2020.09.23-10.18.22:220][738]LogModuleManager: Shutting down and abandoning module PropertyEditor (37)
[2020.09.23-10.18.22:220][738]LogModuleManager: Shutting down and abandoning module AudioEditor (34)
[2020.09.23-10.18.22:221][738]LogModuleManager: Shutting down and abandoning module TextureCompressor (32)
[2020.09.23-10.18.22:221][738]LogModuleManager: Shutting down and abandoning module RenderCore (30)
[2020.09.23-10.18.22:221][738]LogModuleManager: Shutting down and abandoning module Landscape (28)
[2020.09.23-10.18.22:221][738]LogModuleManager: Shutting down and abandoning module SlateRHIRenderer (26)
[2020.09.23-10.18.22:223][738]LogModuleManager: Shutting down and abandoning module OpenGLDrv (24)
[2020.09.23-10.18.22:223][738]LogModuleManager: Shutting down and abandoning module D3D11RHI (22)
[2020.09.23-10.18.22:223][738]LogModuleManager: Shutting down and abandoning module AnimGraphRuntime (20)
[2020.09.23-10.18.22:223][738]LogModuleManager: Shutting down and abandoning module Renderer (18)
[2020.09.23-10.18.22:223][738]LogModuleManager: Shutting down and abandoning module Engine (16)
[2020.09.23-10.18.22:223][738]LogModuleManager: Shutting down and abandoning module CoreUObject (14)
[2020.09.23-10.18.22:223][738]LogModuleManager: Shutting down and abandoning module NetworkFile (12)
[2020.09.23-10.18.22:223][738]LogModuleManager: Shutting down and abandoning module CookedIterativeFile (10)
[2020.09.23-10.18.22:223][738]LogModuleManager: Shutting down and abandoning module StreamingFile (8)
[2020.09.23-10.18.22:223][738]LogModuleManager: Shutting down and abandoning module SandboxFile (6)
[2020.09.23-10.18.22:223][738]LogModuleManager: Shutting down and abandoning module PakFile (4)
[2020.09.23-10.18.22:223][738]LogModuleManager: Shutting down and abandoning module RSA (3)
[2020.09.23-10.18.22:224][738]LogD3D11RHI: Shutdown
[2020.09.23-10.18.22:224][738]LogD3D11RHI: CleanupD3DDevice
[2020.09.23-10.18.22:258][738]LogExit: Exiting.
[2020.09.23-10.18.22:286][738]Log file closed, 09/23/20 15:48:22
